<?xml version="1.0" encoding="UTF-8"?>
<testsuites>
  <testsuite name="hello" timestamp="2024-05-07T05:14:32Z" hostname="42488d674495" tests="1" skipped="0" failures="0" errors="0" time="0.107">
    <testcase time="0.107" classname="hello" name="hello_greets_the_entity"/>
  </testsuite>
</testsuites>
