<?xml version="1.0" encoding="UTF-8"?>
<testsuites>
  <testsuite name="hello" timestamp="2024-05-07T05:26:34Z" hostname="722ec5e0384f" tests="1" skipped="0" failures="0" errors="0" time="0.104">
    <testcase time="0.104" classname="hello" name="hello_greets_the_entity"/>
  </testsuite>
</testsuites>
