<?xml version="1.0" encoding="UTF-8"?>
<testsuites>
  <testsuite name="bias" timestamp="2024-08-14T00:32:05Z" hostname="029556ce4410" tests="1" skipped="1" failures="0" errors="0" time="0.095">
    <testcase time="0.095" classname="bias" name="bias_works_for_guassian">
      <skipped message="Reason: On CRAN ('test-bias.R:2:3')"/>
    </testcase>
  </testsuite>
  <testsuite name="predict_counterfactual" timestamp="2024-08-14T00:32:05Z" hostname="029556ce4410" tests="5" skipped="4" failures="0" errors="0" time="0.234">
    <testcase time="0.118" classname="predict_counterfactual" name="predict_counterfactual_works_for_guassian">
      <skipped message="Reason: On CRAN ('test-predict_counterfactual.R:2:3')"/>
    </testcase>
    <testcase time="0.0409999999999999" classname="predict_counterfactual" name="predict_counterfactual_works_for_guassian_with_lm">
      <skipped message="Reason: On CRAN ('test-predict_counterfactual.R:6:3')"/>
    </testcase>
    <testcase time="0.039" classname="predict_counterfactual" name="predict_counterfactual_works_for_binomial">
      <skipped message="Reason: On CRAN ('test-predict_counterfactual.R:10:3')"/>
    </testcase>
    <testcase time="0.031" classname="predict_counterfactual" name="predict_counterfactual_works_if_contrast_are_non_standard"/>
    <testcase time="0.005" classname="predict_counterfactual" name="predict_counterfactual_works_if_contrast_are_non_standard">
      <skipped message="Reason: On CRAN ('test-predict_counterfactual.R:18:3')"/>
    </testcase>
  </testsuite>
  <testsuite name="treatment_effect" timestamp="2024-08-14T00:32:06Z" hostname="029556ce4410" tests="24" skipped="0" failures="0" errors="0" time="0.165">
    <testcase time="0.039" classname="treatment_effect" name="h_diff_works_as_expected"/>
    <testcase time="0.004" classname="treatment_effect" name="h_diff_works_as_expected"/>
    <testcase time="0.0079999999999999" classname="treatment_effect" name="h_jac_diff_work_as_expected"/>
    <testcase time="0.003" classname="treatment_effect" name="h_jac_diff_work_as_expected"/>
    <testcase time="0.00800000000000001" classname="treatment_effect" name="h_ratio_works_as_expected"/>
    <testcase time="0.004" classname="treatment_effect" name="h_ratio_works_as_expected"/>
    <testcase time="0.011" classname="treatment_effect" name="h_jac_ratio_work_as_expected"/>
    <testcase time="0.005" classname="treatment_effect" name="h_jac_ratio_work_as_expected"/>
    <testcase time="0.012" classname="treatment_effect" name="h_odds_ratio_works_as_expected"/>
    <testcase time="0.005" classname="treatment_effect" name="h_odds_ratio_works_as_expected"/>
    <testcase time="0.00800000000000001" classname="treatment_effect" name="h_jac_odds_ratio_work_as_expected"/>
    <testcase time="0.003" classname="treatment_effect" name="h_jac_odds_ratio_work_as_expected"/>
    <testcase time="0.012" classname="treatment_effect" name="treatment_effect_works_as_expected"/>
    <testcase time="0.003" classname="treatment_effect" name="treatment_effect_works_as_expected"/>
    <testcase time="0.003" classname="treatment_effect" name="treatment_effect_works_as_expected"/>
    <testcase time="0.004" classname="treatment_effect" name="treatment_effect_works_as_expected"/>
    <testcase time="0.004" classname="treatment_effect" name="treatment_effect_works_as_expected"/>
    <testcase time="0.005" classname="treatment_effect" name="treatment_effect_works_as_expected"/>
    <testcase time="0.004" classname="treatment_effect" name="treatment_effect_works_as_expected"/>
    <testcase time="0.004" classname="treatment_effect" name="treatment_effect_works_as_expected"/>
    <testcase time="0.004" classname="treatment_effect" name="treatment_effect_works_as_expected"/>
    <testcase time="0.004" classname="treatment_effect" name="treatment_effect_works_as_expected"/>
    <testcase time="0.004" classname="treatment_effect" name="treatment_effect_works_as_expected"/>
    <testcase time="0.004" classname="treatment_effect" name="treatment_effect_works_as_expected"/>
  </testsuite>
  <testsuite name="utils" timestamp="2024-08-14T00:32:06Z" hostname="029556ce4410" tests="12" skipped="0" failures="0" errors="0" time="0.066">
    <testcase time="0.0099999999999999" classname="utils" name="h_get_vars_works_for_single_character"/>
    <testcase time="0.003" classname="utils" name="h_get_vars_works_for_single_character"/>
    <testcase time="0.014" classname="utils" name="h_get_vars_works_for_single_character"/>
    <testcase time="0.00600000000000001" classname="utils" name="h_get_vars_works_for_single_character"/>
    <testcase time="0.00700000000000001" classname="utils" name="h_get_vars_works_for_formula"/>
    <testcase time="0.003" classname="utils" name="h_get_vars_works_for_formula"/>
    <testcase time="0.002" classname="utils" name="h_get_vars_works_for_formula"/>
    <testcase time="0.004" classname="utils" name="h_get_vars_works_for_formula"/>
    <testcase time="0.00700000000000012" classname="utils" name="h_get_vars_works_for_formula"/>
    <testcase time="0.00600000000000001" classname="utils" name="h_get_vars_works_for_formula"/>
    <testcase time="0.00099999999999989" classname="utils" name="h_get_vars_works_for_formula"/>
    <testcase time="0.00300000000000011" classname="utils" name="h_get_vars_works_for_formula"/>
  </testsuite>
  <testsuite name="variance" timestamp="2024-08-14T00:32:06Z" hostname="029556ce4410" tests="2" skipped="2" failures="0" errors="0" time="0.053">
    <testcase time="0.0239999999999998" classname="variance" name="vcovHC_works">
      <skipped message="Reason: On CRAN ('test-variance.R:3:3')"/>
    </testcase>
    <testcase time="0.0290000000000001" classname="variance" name="vcovANHECOVA_works">
      <skipped message="Reason: On CRAN ('test-variance.R:10:3')"/>
    </testcase>
  </testsuite>
</testsuites>
