<?xml version="1.0" encoding="UTF-8"?>
<testsuites>
  <testsuite name="hello" timestamp="2024-01-25T02:55:56Z" hostname="28c562d55740" tests="1" skipped="0" failures="0" errors="0" time="0.075">
    <testcase time="0.075" classname="hello" name="hello_greets_the_entity"/>
  </testsuite>
</testsuites>
