<?xml version="1.0" encoding="UTF-8"?>
<testsuites>
  <testsuite name="hello" timestamp="2024-01-25T04:21:57Z" hostname="c1911bbcb641" tests="1" skipped="0" failures="0" errors="0" time="0.086">
    <testcase time="0.086" classname="hello" name="hello_greets_the_entity"/>
  </testsuite>
</testsuites>
