<?xml version="1.0" encoding="UTF-8"?>
<testsuites>
  <testsuite name="bias" timestamp="2024-10-15T03:37:49Z" hostname="c579569af5a1" tests="1" skipped="1" failures="0" errors="0" time="0.103">
    <testcase time="0.103" classname="bias" name="bias_works_for_guassian">
      <skipped message="Reason: On CRAN ('test-bias.R:2:3')"/>
    </testcase>
  </testsuite>
  <testsuite name="predict_counterfactual" timestamp="2024-10-15T03:37:49Z" hostname="c579569af5a1" tests="5" skipped="4" failures="0" errors="0" time="0.217">
    <testcase time="0.0910000000000001" classname="predict_counterfactual" name="predict_counterfactual_works_for_guassian">
      <skipped message="Reason: On CRAN ('test-predict_counterfactual.R:2:3')"/>
    </testcase>
    <testcase time="0.0479999999999999" classname="predict_counterfactual" name="predict_counterfactual_works_for_guassian_with_lm">
      <skipped message="Reason: On CRAN ('test-predict_counterfactual.R:6:3')"/>
    </testcase>
    <testcase time="0.043" classname="predict_counterfactual" name="predict_counterfactual_works_for_binomial">
      <skipped message="Reason: On CRAN ('test-predict_counterfactual.R:10:3')"/>
    </testcase>
    <testcase time="0.028" classname="predict_counterfactual" name="predict_counterfactual_works_if_contrast_are_non_standard"/>
    <testcase time="0.00700000000000001" classname="predict_counterfactual" name="predict_counterfactual_works_if_contrast_are_non_standard">
      <skipped message="Reason: On CRAN ('test-predict_counterfactual.R:18:3')"/>
    </testcase>
  </testsuite>
  <testsuite name="robin_glm" timestamp="2024-10-15T03:37:49Z" hostname="c579569af5a1" tests="11" skipped="0" failures="0" errors="1" time="0.14">
    <testcase time="0.0419999999999999" classname="robin_glm" name="h_interaction_works_correctly"/>
    <testcase time="0.003" classname="robin_glm" name="h_interaction_works_correctly"/>
    <testcase time="0.004" classname="robin_glm" name="h_interaction_works_correctly"/>
    <testcase time="0.004" classname="robin_glm" name="h_interaction_works_correctly"/>
    <testcase time="0.016" classname="robin_glm" name="robin_glm_works_correctly"/>
    <testcase time="0.00900000000000001" classname="robin_glm" name="robin_glm_works_correctly"/>
    <testcase time="0.00900000000000001" classname="robin_glm" name="robin_glm_works_correctly"/>
    <testcase time="0.00900000000000001" classname="robin_glm" name="robin_glm_works_correctly"/>
    <testcase time="0.015" classname="robin_glm" name="robin_glm_works_correctly"/>
    <testcase time="0.012" classname="robin_glm" name="robin_glm_works_correctly"/>
    <testcase time="0.017" classname="robin_glm" name="robin_glm_works_for_glm.nb">
      <error type="error" message="&lt;packageNotFoundError/error/condition&gt; ('test-robin_glm.R:38:3')">&lt;packageNotFoundError/error/condition&gt;
Error in `loadNamespace(x)`: there is no package called 'MASS'
Backtrace:
     x
  1. +-testthat::expect_silent(...) at test-robin_glm.R:38:3
  2. | \-testthat:::quasi_capture(enquo(object), NULL, evaluate_promise)
  3. |   +-testthat (local) .capture(...)
  4. |   | +-withr::with_output_sink(...)
  5. |   | | \-base::force(code)
  6. |   | +-base::withCallingHandlers(...)
  7. |   | \-base::withVisible(code)
  8. |   \-rlang::eval_bare(quo_get_expr(.quo), quo_get_env(.quo))
  9. +-RobinCar2::robin_glm(...)
 10. \-base::loadNamespace(x)
 11.   \-base::withRestarts(stop(cond), retry_loadNamespace = function() NULL)
 12.     \-base (local) withOneRestart(expr, restarts[[1L]])
 13.       \-base (local) doWithOneRestart(return(expr), restart)</error>
    </testcase>
  </testsuite>
  <testsuite name="treatment_effect" timestamp="2024-10-15T03:37:49Z" hostname="c579569af5a1" tests="28" skipped="3" failures="0" errors="0" time="0.317">
    <testcase time="0.0369999999999999" classname="treatment_effect" name="h_diff_works_as_expected"/>
    <testcase time="0.004" classname="treatment_effect" name="h_diff_works_as_expected"/>
    <testcase time="0.00800000000000001" classname="treatment_effect" name="h_jac_diff_work_as_expected"/>
    <testcase time="0.003" classname="treatment_effect" name="h_jac_diff_work_as_expected"/>
    <testcase time="0.00800000000000001" classname="treatment_effect" name="h_ratio_works_as_expected"/>
    <testcase time="0.00400000000000011" classname="treatment_effect" name="h_ratio_works_as_expected"/>
    <testcase time="0.0429999999999999" classname="treatment_effect" name="h_jac_ratio_work_as_expected"/>
    <testcase time="0.00299999999999989" classname="treatment_effect" name="h_jac_ratio_work_as_expected"/>
    <testcase time="0.00600000000000001" classname="treatment_effect" name="h_odds_ratio_works_as_expected"/>
    <testcase time="0.00299999999999989" classname="treatment_effect" name="h_odds_ratio_works_as_expected"/>
    <testcase time="0.00600000000000001" classname="treatment_effect" name="h_jac_odds_ratio_work_as_expected"/>
    <testcase time="0.004" classname="treatment_effect" name="h_jac_odds_ratio_work_as_expected"/>
    <testcase time="0.00900000000000012" classname="treatment_effect" name="treatment_effect_works_as_expected"/>
    <testcase time="0.004" classname="treatment_effect" name="treatment_effect_works_as_expected"/>
    <testcase time="0.00299999999999989" classname="treatment_effect" name="treatment_effect_works_as_expected"/>
    <testcase time="0.004" classname="treatment_effect" name="treatment_effect_works_as_expected"/>
    <testcase time="0.004" classname="treatment_effect" name="treatment_effect_works_as_expected"/>
    <testcase time="0.00500000000000012" classname="treatment_effect" name="treatment_effect_works_as_expected"/>
    <testcase time="0.004" classname="treatment_effect" name="treatment_effect_works_as_expected"/>
    <testcase time="0.0069999999999999" classname="treatment_effect" name="treatment_effect_works_as_expected"/>
    <testcase time="0.004" classname="treatment_effect" name="treatment_effect_works_as_expected"/>
    <testcase time="0.00500000000000012" classname="treatment_effect" name="treatment_effect_works_as_expected"/>
    <testcase time="0.00299999999999989" classname="treatment_effect" name="treatment_effect_works_as_expected"/>
    <testcase time="0.00500000000000012" classname="treatment_effect" name="treatment_effect_works_as_expected"/>
    <testcase time="0.012" classname="treatment_effect" name="treatment_effect_works_as_expected_for_custom_contrast"/>
    <testcase time="0.0299999999999998" classname="treatment_effect" name="treatment_effect_works_for_lm_glm_object">
      <skipped message="Reason: On CRAN ('test-treatment_effect.R:149:3')"/>
    </testcase>
    <testcase time="0.044" classname="treatment_effect" name="treatment_effect_works_if_variance_is_not_used">
      <skipped message="Reason: On CRAN ('test-treatment_effect.R:154:3')"/>
    </testcase>
    <testcase time="0.0450000000000002" classname="treatment_effect" name="treatment_effect_works_if_pair_is_integer">
      <skipped message="Reason: On CRAN ('test-treatment_effect.R:158:3')"/>
    </testcase>
  </testsuite>
  <testsuite name="utils" timestamp="2024-10-15T03:37:50Z" hostname="c579569af5a1" tests="16" skipped="0" failures="0" errors="0" time="0.1">
    <testcase time="0.0229999999999999" classname="utils" name="h_get_vars_works_for_formula"/>
    <testcase time="0.004" classname="utils" name="h_get_vars_works_for_formula"/>
    <testcase time="0.0069999999999999" classname="utils" name="h_get_vars_works_for_formula"/>
    <testcase time="0.0110000000000001" classname="utils" name="h_get_vars_works_for_formula"/>
    <testcase time="0.0069999999999999" classname="utils" name="h_get_vars_works_for_formula"/>
    <testcase time="0.00600000000000001" classname="utils" name="h_get_vars_works_for_formula"/>
    <testcase time="0.00700000000000012" classname="utils" name="h_get_vars_works_for_formula"/>
    <testcase time="0.0069999999999999" classname="utils" name="h_get_vars_works_for_formula"/>
    <testcase time="0.00700000000000012" classname="utils" name="h_get_vars_works_for_formula_with_schemas"/>
    <testcase time="0.00299999999999989" classname="utils" name="h_get_vars_works_for_formula_with_schemas"/>
    <testcase time="0.00300000000000011" classname="utils" name="h_get_vars_works_for_formula_with_schemas"/>
    <testcase time="0.00299999999999989" classname="utils" name="h_get_vars_works_for_formula_with_schemas"/>
    <testcase time="0.00300000000000011" classname="utils" name="h_get_vars_works_for_formula_with_schemas"/>
    <testcase time="0.00299999999999989" classname="utils" name="h_get_vars_works_for_formula_with_schemas"/>
    <testcase time="0.00300000000000011" classname="utils" name="h_get_vars_works_for_formula_with_schemas"/>
    <testcase time="0.00299999999999989" classname="utils" name="h_get_vars_works_for_formula_with_schemas"/>
  </testsuite>
  <testsuite name="variance" timestamp="2024-10-15T03:37:50Z" hostname="c579569af5a1" tests="2" skipped="2" failures="0" errors="0" time="0.061">
    <testcase time="0.0270000000000001" classname="variance" name="vcovHC_works">
      <skipped message="Reason: On CRAN ('test-variance.R:3:3')"/>
    </testcase>
    <testcase time="0.0339999999999998" classname="variance" name="gvcov_works">
      <skipped message="Reason: On CRAN ('test-variance.R:14:3')"/>
    </testcase>
  </testsuite>
</testsuites>
