<?xml version="1.0" encoding="UTF-8"?>
<testsuites>
  <testsuite name="bias" timestamp="2025-02-24T01:38:25Z" hostname="9352cbdd347f" tests="1" skipped="1" failures="0" errors="0" time="0.094">
    <testcase time="0.094" classname="bias" name="bias_works_for_guassian">
      <skipped message="Reason: On CRAN ('test-bias.R:2:3')"/>
    </testcase>
  </testsuite>
  <testsuite name="find_data" timestamp="2025-02-24T01:38:25Z" hostname="9352cbdd347f" tests="2" skipped="0" failures="0" errors="0" time="0.079">
    <testcase time="0.0640000000000001" classname="find_data" name="find_data_works_for_glm"/>
    <testcase time="0.0149999999999999" classname="find_data" name="find_data_fails_for_lm"/>
  </testsuite>
  <testsuite name="predict_counterfactual" timestamp="2025-02-24T01:38:25Z" hostname="9352cbdd347f" tests="9" skipped="4" failures="0" errors="0" time="0.236">
    <testcase time="0.034" classname="predict_counterfactual" name="predict_counterfactual_works_for_guassian">
      <skipped message="Reason: On CRAN ('test-predict_counterfactual.R:2:3')"/>
    </testcase>
    <testcase time="0.049" classname="predict_counterfactual" name="predict_counterfactual_works_for_guassian_with_lm">
      <skipped message="Reason: On CRAN ('test-predict_counterfactual.R:6:3')"/>
    </testcase>
    <testcase time="0.0469999999999999" classname="predict_counterfactual" name="predict_counterfactual_works_for_binomial">
      <skipped message="Reason: On CRAN ('test-predict_counterfactual.R:10:3')"/>
    </testcase>
    <testcase time="0.028" classname="predict_counterfactual" name="predict_counterfactual_for_negative_binomial"/>
    <testcase time="0.004" classname="predict_counterfactual" name="predict_counterfactual_for_negative_binomial"/>
    <testcase time="0.004" classname="predict_counterfactual" name="predict_counterfactual_for_negative_binomial"/>
    <testcase time="0.044" classname="predict_counterfactual" name="predict_counterfactual_for_negative_binomial"/>
    <testcase time="0.018" classname="predict_counterfactual" name="predict_counterfactual_works_if_contrast_are_non_standard"/>
    <testcase time="0.00800000000000001" classname="predict_counterfactual" name="predict_counterfactual_works_if_contrast_are_non_standard">
      <skipped message="Reason: On CRAN ('test-predict_counterfactual.R:46:3')"/>
    </testcase>
  </testsuite>
  <testsuite name="robin_glm" timestamp="2025-02-24T01:38:25Z" hostname="9352cbdd347f" tests="12" skipped="0" failures="0" errors="0" time="0.139">
    <testcase time="0.0239999999999999" classname="robin_glm" name="h_interaction_works_correctly"/>
    <testcase time="0.003" classname="robin_glm" name="h_interaction_works_correctly"/>
    <testcase time="0.004" classname="robin_glm" name="h_interaction_works_correctly"/>
    <testcase time="0.004" classname="robin_glm" name="h_interaction_works_correctly"/>
    <testcase time="0.015" classname="robin_glm" name="robin_glm_works_correctly"/>
    <testcase time="0.00900000000000001" classname="robin_glm" name="robin_glm_works_correctly"/>
    <testcase time="0.01" classname="robin_glm" name="robin_glm_works_correctly"/>
    <testcase time="0.01" classname="robin_glm" name="robin_glm_works_correctly"/>
    <testcase time="0.017" classname="robin_glm" name="robin_glm_works_correctly"/>
    <testcase time="0.013" classname="robin_glm" name="robin_glm_works_correctly"/>
    <testcase time="0.01" classname="robin_glm" name="robin_glm_works_correctly"/>
    <testcase time="0.02" classname="robin_glm" name="robin_glm_works_for_glm.nb"/>
  </testsuite>
  <testsuite name="treatment_effect" timestamp="2025-02-24T01:38:26Z" hostname="9352cbdd347f" tests="27" skipped="3" failures="3" errors="0" time="0.414">
    <testcase time="0.0119999999999999" classname="treatment_effect" name="h_diff_works_as_expected"/>
    <testcase time="0.003" classname="treatment_effect" name="h_diff_works_as_expected"/>
    <testcase time="0.00800000000000001" classname="treatment_effect" name="h_jac_diff_work_as_expected"/>
    <testcase time="0.004" classname="treatment_effect" name="h_jac_diff_work_as_expected"/>
    <testcase time="0.00700000000000001" classname="treatment_effect" name="h_ratio_works_as_expected"/>
    <testcase time="0.004" classname="treatment_effect" name="h_ratio_works_as_expected"/>
    <testcase time="0.00900000000000001" classname="treatment_effect" name="h_jac_ratio_work_as_expected"/>
    <testcase time="0.00900000000000001" classname="treatment_effect" name="h_jac_ratio_work_as_expected"/>
    <testcase time="0.00800000000000001" classname="treatment_effect" name="h_odds_ratio_works_as_expected"/>
    <testcase time="0.00500000000000012" classname="treatment_effect" name="h_odds_ratio_works_as_expected"/>
    <testcase time="0.102" classname="treatment_effect" name="h_jac_odds_ratio_work_as_expected">
      <failure type="failure" message="h_jac_odds_ratio(x, y) (`actual`) not identical to matrix(c(4, 6.25, 25/6, -1.6, -125/8, -25/6), nrow = 3) (`expected`). ('test-treatment_effect.R:85:3')">h_jac_odds_ratio(x, y) (`actual`) not identical to matrix(c(4, 6.25, 25/6, -1.6, -125/8, -25/6), nrow = 3) (`expected`).

actual vs expected
                     [,1]       [,2]
- actual[1, ]    1.562500  -1.000000
+ expected[1, ]  4.000000  -1.600000
- actual[2, ]   16.000000 -25.000000
+ expected[2, ]  6.250000 -15.625000
  actual[3, ]    4.166667  -4.166667</failure>
    </testcase>
    <testcase time="0.022" classname="treatment_effect" name="h_jac_odds_ratio_work_as_expected">
      <failure type="failure" message="h_jac_odds_ratio(x, y) (`actual`) not identical to matrix(c(4, 6.25, -1.6, -125/8), nrow = 2) (`expected`). ('test-treatment_effect.R:92:3')">h_jac_odds_ratio(x, y) (`actual`) not identical to matrix(c(4, 6.25, -1.6, -125/8), nrow = 2) (`expected`).

actual vs expected
                   [,1]    [,2]
- actual[1, ]    1.5625  -1.000
+ expected[1, ]  4.0000  -1.600
- actual[2, ]   16.0000 -25.000
+ expected[2, ]  6.2500 -15.625</failure>
    </testcase>
    <testcase time="0.018" classname="treatment_effect" name="treatment_effect_works_as_expected"/>
    <testcase time="0.002" classname="treatment_effect" name="treatment_effect_works_as_expected"/>
    <testcase time="0.00299999999999989" classname="treatment_effect" name="treatment_effect_works_as_expected"/>
    <testcase time="0.004" classname="treatment_effect" name="treatment_effect_works_as_expected"/>
    <testcase time="0.00700000000000012" classname="treatment_effect" name="treatment_effect_works_as_expected"/>
    <testcase time="0.004" classname="treatment_effect" name="treatment_effect_works_as_expected"/>
    <testcase time="0.004" classname="treatment_effect" name="treatment_effect_works_as_expected"/>
    <testcase time="0.004" classname="treatment_effect" name="treatment_effect_works_as_expected"/>
    <testcase time="0.004" classname="treatment_effect" name="treatment_effect_works_as_expected"/>
    <testcase time="0.004" classname="treatment_effect" name="treatment_effect_works_as_expected"/>
    <testcase time="0.016" classname="treatment_effect" name="treatment_effect_works_as_expected">
      <failure type="failure" message="diag(attr(or, &quot;variance&quot;)) (`actual`) not identical to c(0.07848085, 0.08650976, 0.04161292) (`expected`). ('test-treatment_effect.R:140:3')">diag(attr(or, "variance")) (`actual`) not identical to c(0.07848085, 0.08650976, 0.04161292) (`expected`).

  `actual`: 0.256 0.369 0.056
`expected`: 0.078 0.087 0.042</failure>
    </testcase>
    <testcase time="0.028" classname="treatment_effect" name="treatment_effect_works_as_expected_for_custom_contrast"/>
    <testcase time="0.0269999999999999" classname="treatment_effect" name="treatment_effect_works_for_lm_glm_object">
      <skipped message="Reason: On CRAN ('test-treatment_effect.R:156:3')"/>
    </testcase>
    <testcase time="0.044" classname="treatment_effect" name="treatment_effect_works_if_variance_is_not_used">
      <skipped message="Reason: On CRAN ('test-treatment_effect.R:161:3')"/>
    </testcase>
    <testcase time="0.052" classname="treatment_effect" name="treatment_effect_works_if_pair_is_defined">
      <skipped message="Reason: On CRAN ('test-treatment_effect.R:165:3')"/>
    </testcase>
  </testsuite>
  <testsuite name="utils" timestamp="2025-02-24T01:38:26Z" hostname="9352cbdd347f" tests="16" skipped="0" failures="0" errors="0" time="0.099">
    <testcase time="0.0249999999999999" classname="utils" name="h_get_vars_works_for_formula"/>
    <testcase time="0.00300000000000011" classname="utils" name="h_get_vars_works_for_formula"/>
    <testcase time="0.00800000000000001" classname="utils" name="h_get_vars_works_for_formula"/>
    <testcase time="0.00599999999999978" classname="utils" name="h_get_vars_works_for_formula"/>
    <testcase time="0.00700000000000012" classname="utils" name="h_get_vars_works_for_formula"/>
    <testcase time="0.0089999999999999" classname="utils" name="h_get_vars_works_for_formula"/>
    <testcase time="0.00700000000000012" classname="utils" name="h_get_vars_works_for_formula"/>
    <testcase time="0.00600000000000001" classname="utils" name="h_get_vars_works_for_formula"/>
    <testcase time="0.0069999999999999" classname="utils" name="h_get_vars_works_for_formula_with_schemas"/>
    <testcase time="0.00300000000000011" classname="utils" name="h_get_vars_works_for_formula_with_schemas"/>
    <testcase time="0.002" classname="utils" name="h_get_vars_works_for_formula_with_schemas"/>
    <testcase time="0.004" classname="utils" name="h_get_vars_works_for_formula_with_schemas"/>
    <testcase time="0.002" classname="utils" name="h_get_vars_works_for_formula_with_schemas"/>
    <testcase time="0.004" classname="utils" name="h_get_vars_works_for_formula_with_schemas"/>
    <testcase time="0.002" classname="utils" name="h_get_vars_works_for_formula_with_schemas"/>
    <testcase time="0.004" classname="utils" name="h_get_vars_works_for_formula_with_schemas"/>
  </testsuite>
  <testsuite name="variance" timestamp="2025-02-24T01:38:26Z" hostname="9352cbdd347f" tests="2" skipped="2" failures="0" errors="0" time="0.084">
    <testcase time="0.0509999999999999" classname="variance" name="vcovHC_works">
      <skipped message="Reason: On CRAN ('test-variance.R:3:3')"/>
    </testcase>
    <testcase time="0.0329999999999999" classname="variance" name="vcovG_works">
      <skipped message="Reason: On CRAN ('test-variance.R:14:3')"/>
    </testcase>
  </testsuite>
</testsuites>
