<?xml version="1.0" encoding="UTF-8"?>
<testsuites>
  <testsuite name="bias" timestamp="2024-08-14T00:27:16Z" hostname="d5c7e458b279" tests="1" skipped="1" failures="0" errors="0" time="0.139">
    <testcase time="0.139" classname="bias" name="bias_works_for_guassian">
      <skipped message="Reason: On CRAN ('test-bias.R:2:3')"/>
    </testcase>
  </testsuite>
  <testsuite name="predict_counterfactual" timestamp="2024-08-14T00:27:17Z" hostname="d5c7e458b279" tests="3" skipped="3" failures="0" errors="0" time="0.207">
    <testcase time="0.122" classname="predict_counterfactual" name="predict_counterfactual_works_for_guassian">
      <skipped message="Reason: On CRAN ('test-predict_counterfactual.R:2:3')"/>
    </testcase>
    <testcase time="0.0449999999999999" classname="predict_counterfactual" name="predict_counterfactual_works_for_guassian_with_lm">
      <skipped message="Reason: On CRAN ('test-predict_counterfactual.R:6:3')"/>
    </testcase>
    <testcase time="0.04" classname="predict_counterfactual" name="predict_counterfactual_works_for_binomial">
      <skipped message="Reason: On CRAN ('test-predict_counterfactual.R:10:3')"/>
    </testcase>
  </testsuite>
  <testsuite name="treatment_effect" timestamp="2024-08-14T00:27:17Z" hostname="d5c7e458b279" tests="24" skipped="0" failures="0" errors="0" time="0.174">
    <testcase time="0.043" classname="treatment_effect" name="h_diff_works_as_expected"/>
    <testcase time="0.004" classname="treatment_effect" name="h_diff_works_as_expected"/>
    <testcase time="0.00800000000000001" classname="treatment_effect" name="h_jac_diff_work_as_expected"/>
    <testcase time="0.003" classname="treatment_effect" name="h_jac_diff_work_as_expected"/>
    <testcase time="0.00800000000000001" classname="treatment_effect" name="h_ratio_works_as_expected"/>
    <testcase time="0.004" classname="treatment_effect" name="h_ratio_works_as_expected"/>
    <testcase time="0.012" classname="treatment_effect" name="h_jac_ratio_work_as_expected"/>
    <testcase time="0.00499999999999989" classname="treatment_effect" name="h_jac_ratio_work_as_expected"/>
    <testcase time="0.00900000000000001" classname="treatment_effect" name="h_odds_ratio_works_as_expected"/>
    <testcase time="0.004" classname="treatment_effect" name="h_odds_ratio_works_as_expected"/>
    <testcase time="0.00900000000000001" classname="treatment_effect" name="h_jac_odds_ratio_work_as_expected"/>
    <testcase time="0.004" classname="treatment_effect" name="h_jac_odds_ratio_work_as_expected"/>
    <testcase time="0.013" classname="treatment_effect" name="treatment_effect_works_as_expected"/>
    <testcase time="0.003" classname="treatment_effect" name="treatment_effect_works_as_expected"/>
    <testcase time="0.003" classname="treatment_effect" name="treatment_effect_works_as_expected"/>
    <testcase time="0.005" classname="treatment_effect" name="treatment_effect_works_as_expected"/>
    <testcase time="0.003" classname="treatment_effect" name="treatment_effect_works_as_expected"/>
    <testcase time="0.00900000000000001" classname="treatment_effect" name="treatment_effect_works_as_expected"/>
    <testcase time="0.005" classname="treatment_effect" name="treatment_effect_works_as_expected"/>
    <testcase time="0.003" classname="treatment_effect" name="treatment_effect_works_as_expected"/>
    <testcase time="0.005" classname="treatment_effect" name="treatment_effect_works_as_expected"/>
    <testcase time="0.004" classname="treatment_effect" name="treatment_effect_works_as_expected"/>
    <testcase time="0.004" classname="treatment_effect" name="treatment_effect_works_as_expected"/>
    <testcase time="0.004" classname="treatment_effect" name="treatment_effect_works_as_expected"/>
  </testsuite>
  <testsuite name="utils" timestamp="2024-08-14T00:27:17Z" hostname="d5c7e458b279" tests="12" skipped="0" failures="0" errors="0" time="0.061">
    <testcase time="0.01" classname="utils" name="h_get_vars_works_for_single_character"/>
    <testcase time="0.003" classname="utils" name="h_get_vars_works_for_single_character"/>
    <testcase time="0.01" classname="utils" name="h_get_vars_works_for_single_character"/>
    <testcase time="0.00700000000000001" classname="utils" name="h_get_vars_works_for_single_character"/>
    <testcase time="0.00600000000000001" classname="utils" name="h_get_vars_works_for_formula"/>
    <testcase time="0.00399999999999989" classname="utils" name="h_get_vars_works_for_formula"/>
    <testcase time="0.002" classname="utils" name="h_get_vars_works_for_formula"/>
    <testcase time="0.003" classname="utils" name="h_get_vars_works_for_formula"/>
    <testcase time="0.00700000000000001" classname="utils" name="h_get_vars_works_for_formula"/>
    <testcase time="0.005" classname="utils" name="h_get_vars_works_for_formula"/>
    <testcase time="0.002" classname="utils" name="h_get_vars_works_for_formula"/>
    <testcase time="0.002" classname="utils" name="h_get_vars_works_for_formula"/>
  </testsuite>
  <testsuite name="variance" timestamp="2024-08-14T00:27:17Z" hostname="d5c7e458b279" tests="2" skipped="2" failures="0" errors="0" time="0.058">
    <testcase time="0.029" classname="variance" name="vcovHC_works">
      <skipped message="Reason: On CRAN ('test-variance.R:3:3')"/>
    </testcase>
    <testcase time="0.0289999999999999" classname="variance" name="vcovANHECOVA_works">
      <skipped message="Reason: On CRAN ('test-variance.R:10:3')"/>
    </testcase>
  </testsuite>
</testsuites>
