<?xml version="1.0" encoding="UTF-8"?>
<testsuites>
  <testsuite name="bias" timestamp="2024-10-19T03:08:30Z" hostname="afcc549d9d20" tests="1" skipped="1" failures="0" errors="0" time="0.102">
    <testcase time="0.102" classname="bias" name="bias_works_for_guassian">
      <skipped message="Reason: On CRAN ('test-bias.R:2:3')"/>
    </testcase>
  </testsuite>
  <testsuite name="predict_counterfactual" timestamp="2024-10-19T03:08:30Z" hostname="afcc549d9d20" tests="5" skipped="4" failures="0" errors="0" time="0.212">
    <testcase time="0.092" classname="predict_counterfactual" name="predict_counterfactual_works_for_guassian">
      <skipped message="Reason: On CRAN ('test-predict_counterfactual.R:2:3')"/>
    </testcase>
    <testcase time="0.0419999999999999" classname="predict_counterfactual" name="predict_counterfactual_works_for_guassian_with_lm">
      <skipped message="Reason: On CRAN ('test-predict_counterfactual.R:6:3')"/>
    </testcase>
    <testcase time="0.044" classname="predict_counterfactual" name="predict_counterfactual_works_for_binomial">
      <skipped message="Reason: On CRAN ('test-predict_counterfactual.R:10:3')"/>
    </testcase>
    <testcase time="0.027" classname="predict_counterfactual" name="predict_counterfactual_works_if_contrast_are_non_standard"/>
    <testcase time="0.00700000000000001" classname="predict_counterfactual" name="predict_counterfactual_works_if_contrast_are_non_standard">
      <skipped message="Reason: On CRAN ('test-predict_counterfactual.R:18:3')"/>
    </testcase>
  </testsuite>
  <testsuite name="robin_glm" timestamp="2024-10-19T03:08:30Z" hostname="afcc549d9d20" tests="10" skipped="0" failures="0" errors="0" time="0.123">
    <testcase time="0.041" classname="robin_glm" name="h_interaction_works_correctly"/>
    <testcase time="0.004" classname="robin_glm" name="h_interaction_works_correctly"/>
    <testcase time="0.003" classname="robin_glm" name="h_interaction_works_correctly"/>
    <testcase time="0.00399999999999989" classname="robin_glm" name="h_interaction_works_correctly"/>
    <testcase time="0.016" classname="robin_glm" name="robin_glm_works_correctly"/>
    <testcase time="0.00900000000000001" classname="robin_glm" name="robin_glm_works_correctly"/>
    <testcase time="0.00900000000000001" classname="robin_glm" name="robin_glm_works_correctly"/>
    <testcase time="0.00900000000000001" classname="robin_glm" name="robin_glm_works_correctly"/>
    <testcase time="0.016" classname="robin_glm" name="robin_glm_works_correctly"/>
    <testcase time="0.012" classname="robin_glm" name="robin_glm_works_correctly"/>
  </testsuite>
  <testsuite name="treatment_effect" timestamp="2024-10-19T03:08:30Z" hostname="afcc549d9d20" tests="26" skipped="1" failures="0" errors="0" time="0.219">
    <testcase time="0.012" classname="treatment_effect" name="h_diff_works_as_expected"/>
    <testcase time="0.003" classname="treatment_effect" name="h_diff_works_as_expected"/>
    <testcase time="0.012" classname="treatment_effect" name="h_jac_diff_work_as_expected"/>
    <testcase time="0.004" classname="treatment_effect" name="h_jac_diff_work_as_expected"/>
    <testcase time="0.00700000000000001" classname="treatment_effect" name="h_ratio_works_as_expected"/>
    <testcase time="0.004" classname="treatment_effect" name="h_ratio_works_as_expected"/>
    <testcase time="0.0509999999999999" classname="treatment_effect" name="h_jac_ratio_work_as_expected"/>
    <testcase time="0.005" classname="treatment_effect" name="h_jac_ratio_work_as_expected"/>
    <testcase time="0.00800000000000001" classname="treatment_effect" name="h_odds_ratio_works_as_expected"/>
    <testcase time="0.00300000000000011" classname="treatment_effect" name="h_odds_ratio_works_as_expected"/>
    <testcase time="0.0089999999999999" classname="treatment_effect" name="h_jac_odds_ratio_work_as_expected"/>
    <testcase time="0.004" classname="treatment_effect" name="h_jac_odds_ratio_work_as_expected"/>
    <testcase time="0.0089999999999999" classname="treatment_effect" name="treatment_effect_works_as_expected"/>
    <testcase time="0.00300000000000011" classname="treatment_effect" name="treatment_effect_works_as_expected"/>
    <testcase time="0.004" classname="treatment_effect" name="treatment_effect_works_as_expected"/>
    <testcase time="0.004" classname="treatment_effect" name="treatment_effect_works_as_expected"/>
    <testcase time="0.00299999999999989" classname="treatment_effect" name="treatment_effect_works_as_expected"/>
    <testcase time="0.004" classname="treatment_effect" name="treatment_effect_works_as_expected"/>
    <testcase time="0.004" classname="treatment_effect" name="treatment_effect_works_as_expected"/>
    <testcase time="0.004" classname="treatment_effect" name="treatment_effect_works_as_expected"/>
    <testcase time="0.004" classname="treatment_effect" name="treatment_effect_works_as_expected"/>
    <testcase time="0.00499999999999989" classname="treatment_effect" name="treatment_effect_works_as_expected"/>
    <testcase time="0.00300000000000011" classname="treatment_effect" name="treatment_effect_works_as_expected"/>
    <testcase time="0.00499999999999989" classname="treatment_effect" name="treatment_effect_works_as_expected"/>
    <testcase time="0.012" classname="treatment_effect" name="treatment_effect_works_as_expected_for_custom_contrast"/>
    <testcase time="0.0330000000000001" classname="treatment_effect" name="treatment_effect_works_for_lm_glm_object">
      <skipped message="Reason: On CRAN ('test-treatment_effect.R:149:3')"/>
    </testcase>
  </testsuite>
  <testsuite name="utils" timestamp="2024-10-19T03:08:30Z" hostname="afcc549d9d20" tests="12" skipped="0" failures="0" errors="0" time="0.073">
    <testcase time="0.0209999999999999" classname="utils" name="h_get_vars_works_for_single_character"/>
    <testcase time="0.004" classname="utils" name="h_get_vars_works_for_single_character"/>
    <testcase time="0.0069999999999999" classname="utils" name="h_get_vars_works_for_single_character"/>
    <testcase time="0.00600000000000001" classname="utils" name="h_get_vars_works_for_single_character"/>
    <testcase time="0.00700000000000012" classname="utils" name="h_get_vars_works_for_formula"/>
    <testcase time="0.00299999999999989" classname="utils" name="h_get_vars_works_for_formula"/>
    <testcase time="0.002" classname="utils" name="h_get_vars_works_for_formula"/>
    <testcase time="0.004" classname="utils" name="h_get_vars_works_for_formula"/>
    <testcase time="0.00700000000000012" classname="utils" name="h_get_vars_works_for_formula"/>
    <testcase time="0.0069999999999999" classname="utils" name="h_get_vars_works_for_formula"/>
    <testcase time="0.002" classname="utils" name="h_get_vars_works_for_formula"/>
    <testcase time="0.00300000000000011" classname="utils" name="h_get_vars_works_for_formula"/>
  </testsuite>
  <testsuite name="validate-robin_glm" timestamp="2024-10-19T03:08:31Z" hostname="afcc549d9d20" tests="6" skipped="0" failures="6" errors="0" time="1.255">
    <testcase time="0.843" classname="validate_robin_glm" name="simple_randomization_difference_contrast">
      <failure type="failure" message="`estimates1` (`actual`) not equal to `estimates2` (`expected`). ('test-validate-robin_glm.R:18:5')">`estimates1` (`actual`) not equal to `estimates2` (`expected`).

`actual` is a double vector (0.539568456886134, 0.723866020200314)
`expected` is NULL
Backtrace:
    x
 1. \-RobinCar2 (local) compare(robincar1, robincar2) at test-validate-robin_glm.R:52:7
 2.   \-testthat::expect_equal(estimates1, estimates2) at test-validate-robin_glm.R:18:5</failure>
    </testcase>
    <testcase time="0.0459999999999998" classname="validate_robin_glm" name="simple_randomization_difference_contrast">
      <failure type="failure" message="`estimates1` (`actual`) not equal to `estimates2` (`expected`). ('test-validate-robin_glm.R:18:5')">`estimates1` (`actual`) not equal to `estimates2` (`expected`).

`actual` is a double vector (0.560206725963826, 0.765062189466996)
`expected` is NULL
Backtrace:
    x
 1. \-RobinCar2 (local) compare(robincar1, robincar2) at test-validate-robin_glm.R:52:7
 2.   \-testthat::expect_equal(estimates1, estimates2) at test-validate-robin_glm.R:18:5</failure>
    </testcase>
    <testcase time="0.0600000000000001" classname="validate_robin_glm" name="simple_randomization_difference_contrast">
      <failure type="failure" message="`estimates1` (`actual`) not equal to `estimates2` (`expected`). ('test-validate-robin_glm.R:18:5')">`estimates1` (`actual`) not equal to `estimates2` (`expected`).

`actual` is a double vector (0.561032297046025, 0.765172303634424)
`expected` is NULL
Backtrace:
    x
 1. \-RobinCar2 (local) compare(robincar1, robincar2) at test-validate-robin_glm.R:52:7
 2.   \-testthat::expect_equal(estimates1, estimates2) at test-validate-robin_glm.R:18:5</failure>
    </testcase>
    <testcase time="0.0880000000000001" classname="validate_robin_glm" name="simple_randomization_difference_contrast">
      <failure type="failure" message="`estimates1` (`actual`) not equal to `estimates2` (`expected`). ('test-validate-robin_glm.R:18:5')">`estimates1` (`actual`) not equal to `estimates2` (`expected`).

`actual` is a double vector (0.214471447144714, 0.243663366336634)
`expected` is NULL
Backtrace:
    x
 1. \-RobinCar2 (local) compare(robincar1, robincar2) at test-validate-robin_glm.R:52:7
 2.   \-testthat::expect_equal(estimates1, estimates2) at test-validate-robin_glm.R:18:5</failure>
    </testcase>
    <testcase time="0.0459999999999998" classname="validate_robin_glm" name="simple_randomization_difference_contrast">
      <failure type="failure" message="`estimates1` (`actual`) not equal to `estimates2` (`expected`). ('test-validate-robin_glm.R:18:5')">`estimates1` (`actual`) not equal to `estimates2` (`expected`).

`actual` is a double vector (0.22255942331394, 0.262096483694144)
`expected` is NULL
Backtrace:
    x
 1. \-RobinCar2 (local) compare(robincar1, robincar2) at test-validate-robin_glm.R:52:7
 2.   \-testthat::expect_equal(estimates1, estimates2) at test-validate-robin_glm.R:18:5</failure>
    </testcase>
    <testcase time="0.172" classname="validate_robin_glm" name="simple_randomization_difference_contrast">
      <failure type="failure" message="`estimates1` (`actual`) not equal to `estimates2` (`expected`). ('test-validate-robin_glm.R:18:5')">`estimates1` (`actual`) not equal to `estimates2` (`expected`).

`actual` is a double vector (0.22305868768287, 0.262153639149589)
`expected` is NULL
Backtrace:
    x
 1. \-RobinCar2 (local) compare(robincar1, robincar2) at test-validate-robin_glm.R:52:7
 2.   \-testthat::expect_equal(estimates1, estimates2) at test-validate-robin_glm.R:18:5</failure>
    </testcase>
  </testsuite>
  <testsuite name="variance" timestamp="2024-10-19T03:08:32Z" hostname="afcc549d9d20" tests="2" skipped="2" failures="0" errors="0" time="0.076">
    <testcase time="0.0459999999999998" classname="variance" name="vcovHC_works">
      <skipped message="Reason: On CRAN ('test-variance.R:3:3')"/>
    </testcase>
    <testcase time="0.0300000000000002" classname="variance" name="vcovANHECOVA_works">
      <skipped message="Reason: On CRAN ('test-variance.R:10:3')"/>
    </testcase>
  </testsuite>
</testsuites>
