<?xml version="1.0" encoding="UTF-8"?>
<testsuites>
  <testsuite name="bias" timestamp="2024-12-19T23:11:41Z" hostname="020b480d0a35" tests="1" skipped="1" failures="0" errors="0" time="0.102">
    <testcase time="0.102" classname="bias" name="bias_works_for_guassian">
      <skipped message="Reason: On CRAN ('test-bias.R:2:3')"/>
    </testcase>
  </testsuite>
  <testsuite name="find_data" timestamp="2024-12-19T23:11:41Z" hostname="020b480d0a35" tests="2" skipped="0" failures="0" errors="0" time="0.084">
    <testcase time="0.0679999999999999" classname="find_data" name="find_data_works_for_glm"/>
    <testcase time="0.016" classname="find_data" name="find_data_fails_for_lm"/>
  </testsuite>
  <testsuite name="predict_counterfactual" timestamp="2024-12-19T23:11:41Z" hostname="020b480d0a35" tests="8" skipped="4" failures="0" errors="0" time="0.225">
    <testcase time="0.042" classname="predict_counterfactual" name="predict_counterfactual_works_for_guassian">
      <skipped message="Reason: On CRAN ('test-predict_counterfactual.R:2:3')"/>
    </testcase>
    <testcase time="0.0599999999999999" classname="predict_counterfactual" name="predict_counterfactual_works_for_guassian_with_lm">
      <skipped message="Reason: On CRAN ('test-predict_counterfactual.R:6:3')"/>
    </testcase>
    <testcase time="0.0630000000000001" classname="predict_counterfactual" name="predict_counterfactual_works_for_binomial">
      <skipped message="Reason: On CRAN ('test-predict_counterfactual.R:10:3')"/>
    </testcase>
    <testcase time="0.0299999999999999" classname="predict_counterfactual" name="predict_counterfactual_works_for_negative_binomial_this_tests_that_the_prediction_unbiasedness_correction_is_working_correctly"/>
    <testcase time="0.004" classname="predict_counterfactual" name="predict_counterfactual_works_for_negative_binomial_this_tests_that_the_prediction_unbiasedness_correction_is_working_correctly"/>
    <testcase time="0.004" classname="predict_counterfactual" name="predict_counterfactual_works_for_negative_binomial_this_tests_that_the_prediction_unbiasedness_correction_is_working_correctly"/>
    <testcase time="0.015" classname="predict_counterfactual" name="predict_counterfactual_works_if_contrast_are_non_standard"/>
    <testcase time="0.00700000000000001" classname="predict_counterfactual" name="predict_counterfactual_works_if_contrast_are_non_standard">
      <skipped message="Reason: On CRAN ('test-predict_counterfactual.R:37:3')"/>
    </testcase>
  </testsuite>
  <testsuite name="robin_glm" timestamp="2024-12-19T23:11:41Z" hostname="020b480d0a35" tests="12" skipped="0" failures="0" errors="0" time="0.151">
    <testcase time="0.029" classname="robin_glm" name="h_interaction_works_correctly"/>
    <testcase time="0.003" classname="robin_glm" name="h_interaction_works_correctly"/>
    <testcase time="0.004" classname="robin_glm" name="h_interaction_works_correctly"/>
    <testcase time="0.004" classname="robin_glm" name="h_interaction_works_correctly"/>
    <testcase time="0.016" classname="robin_glm" name="robin_glm_works_correctly"/>
    <testcase time="0.01" classname="robin_glm" name="robin_glm_works_correctly"/>
    <testcase time="0.01" classname="robin_glm" name="robin_glm_works_correctly"/>
    <testcase time="0.0089999999999999" classname="robin_glm" name="robin_glm_works_correctly"/>
    <testcase time="0.013" classname="robin_glm" name="robin_glm_works_correctly"/>
    <testcase time="0.014" classname="robin_glm" name="robin_glm_works_correctly"/>
    <testcase time="0.0170000000000001" classname="robin_glm" name="robin_glm_works_correctly"/>
    <testcase time="0.0219999999999998" classname="robin_glm" name="robin_glm_works_for_glm.nb"/>
  </testsuite>
  <testsuite name="treatment_effect" timestamp="2024-12-19T23:11:42Z" hostname="020b480d0a35" tests="28" skipped="3" failures="0" errors="0" time="0.361">
    <testcase time="0.0130000000000001" classname="treatment_effect" name="h_diff_works_as_expected"/>
    <testcase time="0.004" classname="treatment_effect" name="h_diff_works_as_expected"/>
    <testcase time="0.00800000000000001" classname="treatment_effect" name="h_jac_diff_work_as_expected"/>
    <testcase time="0.00299999999999989" classname="treatment_effect" name="h_jac_diff_work_as_expected"/>
    <testcase time="0.00800000000000001" classname="treatment_effect" name="h_ratio_works_as_expected"/>
    <testcase time="0.004" classname="treatment_effect" name="h_ratio_works_as_expected"/>
    <testcase time="0.056" classname="treatment_effect" name="h_jac_ratio_work_as_expected"/>
    <testcase time="0.00500000000000012" classname="treatment_effect" name="h_jac_ratio_work_as_expected"/>
    <testcase time="0.00800000000000001" classname="treatment_effect" name="h_odds_ratio_works_as_expected"/>
    <testcase time="0.00299999999999989" classname="treatment_effect" name="h_odds_ratio_works_as_expected"/>
    <testcase time="0.00700000000000012" classname="treatment_effect" name="h_jac_odds_ratio_work_as_expected"/>
    <testcase time="0.004" classname="treatment_effect" name="h_jac_odds_ratio_work_as_expected"/>
    <testcase time="0.0089999999999999" classname="treatment_effect" name="treatment_effect_works_as_expected"/>
    <testcase time="0.004" classname="treatment_effect" name="treatment_effect_works_as_expected"/>
    <testcase time="0.00299999999999989" classname="treatment_effect" name="treatment_effect_works_as_expected"/>
    <testcase time="0.004" classname="treatment_effect" name="treatment_effect_works_as_expected"/>
    <testcase time="0.00299999999999989" classname="treatment_effect" name="treatment_effect_works_as_expected"/>
    <testcase time="0.00500000000000012" classname="treatment_effect" name="treatment_effect_works_as_expected"/>
    <testcase time="0.004" classname="treatment_effect" name="treatment_effect_works_as_expected"/>
    <testcase time="0.004" classname="treatment_effect" name="treatment_effect_works_as_expected"/>
    <testcase time="0.004" classname="treatment_effect" name="treatment_effect_works_as_expected"/>
    <testcase time="0.00800000000000001" classname="treatment_effect" name="treatment_effect_works_as_expected"/>
    <testcase time="0.004" classname="treatment_effect" name="treatment_effect_works_as_expected"/>
    <testcase time="0.00499999999999989" classname="treatment_effect" name="treatment_effect_works_as_expected"/>
    <testcase time="0.0130000000000001" classname="treatment_effect" name="treatment_effect_works_as_expected_for_custom_contrast"/>
    <testcase time="0.044" classname="treatment_effect" name="treatment_effect_works_for_lm_glm_object">
      <skipped message="Reason: On CRAN ('test-treatment_effect.R:149:3')"/>
    </testcase>
    <testcase time="0.0600000000000001" classname="treatment_effect" name="treatment_effect_works_if_variance_is_not_used">
      <skipped message="Reason: On CRAN ('test-treatment_effect.R:154:3')"/>
    </testcase>
    <testcase time="0.0640000000000001" classname="treatment_effect" name="treatment_effect_works_if_pair_is_integer">
      <skipped message="Reason: On CRAN ('test-treatment_effect.R:158:3')"/>
    </testcase>
  </testsuite>
  <testsuite name="utils" timestamp="2024-12-19T23:11:42Z" hostname="020b480d0a35" tests="16" skipped="0" failures="0" errors="0" time="0.103">
    <testcase time="0.0229999999999999" classname="utils" name="h_get_vars_works_for_formula"/>
    <testcase time="0.004" classname="utils" name="h_get_vars_works_for_formula"/>
    <testcase time="0.00800000000000001" classname="utils" name="h_get_vars_works_for_formula"/>
    <testcase time="0.0069999999999999" classname="utils" name="h_get_vars_works_for_formula"/>
    <testcase time="0.00700000000000012" classname="utils" name="h_get_vars_works_for_formula"/>
    <testcase time="0.0069999999999999" classname="utils" name="h_get_vars_works_for_formula"/>
    <testcase time="0.00700000000000012" classname="utils" name="h_get_vars_works_for_formula"/>
    <testcase time="0.0069999999999999" classname="utils" name="h_get_vars_works_for_formula"/>
    <testcase time="0.00700000000000012" classname="utils" name="h_get_vars_works_for_formula_with_schemas"/>
    <testcase time="0.004" classname="utils" name="h_get_vars_works_for_formula_with_schemas"/>
    <testcase time="0.00600000000000001" classname="utils" name="h_get_vars_works_for_formula_with_schemas"/>
    <testcase time="0.004" classname="utils" name="h_get_vars_works_for_formula_with_schemas"/>
    <testcase time="0.00299999999999989" classname="utils" name="h_get_vars_works_for_formula_with_schemas"/>
    <testcase time="0.004" classname="utils" name="h_get_vars_works_for_formula_with_schemas"/>
    <testcase time="0.002" classname="utils" name="h_get_vars_works_for_formula_with_schemas"/>
    <testcase time="0.00300000000000011" classname="utils" name="h_get_vars_works_for_formula_with_schemas"/>
  </testsuite>
  <testsuite name="validate-robin_glm" timestamp="2024-12-19T23:11:43Z" hostname="020b480d0a35" tests="245" skipped="0" failures="0" errors="0" time="11.508">
    <testcase time="0.92" classname="validate_robin_glm" name="marginal_means"/>
    <testcase time="0.0289999999999999" classname="validate_robin_glm" name="marginal_means"/>
    <testcase time="0.02" classname="validate_robin_glm" name="marginal_means"/>
    <testcase time="0.0329999999999999" classname="validate_robin_glm" name="marginal_means"/>
    <testcase time="0.0370000000000004" classname="validate_robin_glm" name="marginal_means"/>
    <testcase time="0.0289999999999999" classname="validate_robin_glm" name="marginal_means"/>
    <testcase time="0.0339999999999998" classname="validate_robin_glm" name="marginal_means"/>
    <testcase time="0.0260000000000002" classname="validate_robin_glm" name="marginal_means"/>
    <testcase time="0.0209999999999999" classname="validate_robin_glm" name="marginal_means"/>
    <testcase time="0.0219999999999998" classname="validate_robin_glm" name="marginal_means"/>
    <testcase time="0.0300000000000002" classname="validate_robin_glm" name="marginal_means"/>
    <testcase time="0.0389999999999997" classname="validate_robin_glm" name="marginal_means"/>
    <testcase time="0.0300000000000002" classname="validate_robin_glm" name="marginal_means"/>
    <testcase time="0.0390000000000001" classname="validate_robin_glm" name="marginal_means"/>
    <testcase time="0.0229999999999997" classname="validate_robin_glm" name="marginal_means"/>
    <testcase time="0.0230000000000001" classname="validate_robin_glm" name="marginal_means"/>
    <testcase time="0.0209999999999999" classname="validate_robin_glm" name="marginal_means"/>
    <testcase time="0.036" classname="validate_robin_glm" name="marginal_means"/>
    <testcase time="0.0350000000000001" classname="validate_robin_glm" name="marginal_means"/>
    <testcase time="0.0349999999999997" classname="validate_robin_glm" name="marginal_means"/>
    <testcase time="0.036" classname="validate_robin_glm" name="marginal_means"/>
    <testcase time="0.0250000000000004" classname="validate_robin_glm" name="marginal_means"/>
    <testcase time="0.0379999999999998" classname="validate_robin_glm" name="marginal_means"/>
    <testcase time="0.0339999999999998" classname="validate_robin_glm" name="marginal_means"/>
    <testcase time="0.0450000000000004" classname="validate_robin_glm" name="marginal_means"/>
    <testcase time="0.0589999999999997" classname="validate_robin_glm" name="marginal_means"/>
    <testcase time="0.0470000000000002" classname="validate_robin_glm" name="marginal_means"/>
    <testcase time="0.0579999999999998" classname="validate_robin_glm" name="marginal_means"/>
    <testcase time="0.028" classname="validate_robin_glm" name="marginal_means"/>
    <testcase time="0.0289999999999999" classname="validate_robin_glm" name="marginal_means"/>
    <testcase time="0.0330000000000004" classname="validate_robin_glm" name="marginal_means"/>
    <testcase time="0.0419999999999998" classname="validate_robin_glm" name="marginal_means"/>
    <testcase time="0.0489999999999999" classname="validate_robin_glm" name="marginal_means"/>
    <testcase time="0.0460000000000003" classname="validate_robin_glm" name="marginal_means"/>
    <testcase time="0.0489999999999999" classname="validate_robin_glm" name="marginal_means"/>
    <testcase time="0.0310000000000001" classname="validate_robin_glm" name="marginal_means"/>
    <testcase time="0.0369999999999999" classname="validate_robin_glm" name="marginal_means"/>
    <testcase time="0.0329999999999999" classname="validate_robin_glm" name="marginal_means"/>
    <testcase time="0.044" classname="validate_robin_glm" name="marginal_means"/>
    <testcase time="0.0569999999999999" classname="validate_robin_glm" name="marginal_means"/>
    <testcase time="0.044" classname="validate_robin_glm" name="marginal_means"/>
    <testcase time="0.0550000000000002" classname="validate_robin_glm" name="marginal_means"/>
    <testcase time="0.0339999999999998" classname="validate_robin_glm" name="marginal_means"/>
    <testcase time="0.0340000000000003" classname="validate_robin_glm" name="marginal_means"/>
    <testcase time="0.0379999999999998" classname="validate_robin_glm" name="marginal_means"/>
    <testcase time="0.0460000000000003" classname="validate_robin_glm" name="marginal_means"/>
    <testcase time="0.0589999999999993" classname="validate_robin_glm" name="marginal_means"/>
    <testcase time="0.0470000000000006" classname="validate_robin_glm" name="marginal_means"/>
    <testcase time="0.0540000000000003" classname="validate_robin_glm" name="marginal_means"/>
    <testcase time="0.0809999999999995" classname="validate_robin_glm" name="marginal_means"/>
    <testcase time="0.0280000000000005" classname="validate_robin_glm" name="marginal_means"/>
    <testcase time="0.0219999999999994" classname="validate_robin_glm" name="marginal_means"/>
    <testcase time="0.0350000000000001" classname="validate_robin_glm" name="marginal_means"/>
    <testcase time="0.0369999999999999" classname="validate_robin_glm" name="marginal_means"/>
    <testcase time="0.032" classname="validate_robin_glm" name="marginal_means"/>
    <testcase time="0.04" classname="validate_robin_glm" name="marginal_means"/>
    <testcase time="0.0200000000000005" classname="validate_robin_glm" name="marginal_means"/>
    <testcase time="0.0209999999999999" classname="validate_robin_glm" name="marginal_means"/>
    <testcase time="0.0209999999999999" classname="validate_robin_glm" name="marginal_means"/>
    <testcase time="0.0350000000000001" classname="validate_robin_glm" name="marginal_means"/>
    <testcase time="0.0369999999999999" classname="validate_robin_glm" name="marginal_means"/>
    <testcase time="0.0339999999999998" classname="validate_robin_glm" name="marginal_means"/>
    <testcase time="0.0350000000000001" classname="validate_robin_glm" name="marginal_means"/>
    <testcase time="0.024" classname="validate_robin_glm" name="marginal_means"/>
    <testcase time="0.0279999999999996" classname="validate_robin_glm" name="marginal_means"/>
    <testcase time="0.0250000000000004" classname="validate_robin_glm" name="marginal_means"/>
    <testcase time="0.0339999999999998" classname="validate_robin_glm" name="marginal_means"/>
    <testcase time="0.0430000000000001" classname="validate_robin_glm" name="marginal_means"/>
    <testcase time="0.0329999999999995" classname="validate_robin_glm" name="marginal_means"/>
    <testcase time="0.0430000000000001" classname="validate_robin_glm" name="marginal_means"/>
    <testcase time="0.0260000000000007" classname="validate_robin_glm" name="marginal_means"/>
    <testcase time="0.0339999999999998" classname="validate_robin_glm" name="marginal_means"/>
    <testcase time="0.0350000000000001" classname="validate_robin_glm" name="marginal_means"/>
    <testcase time="0.0539999999999994" classname="validate_robin_glm" name="marginal_means"/>
    <testcase time="0.0550000000000006" classname="validate_robin_glm" name="marginal_means"/>
    <testcase time="0.0519999999999996" classname="validate_robin_glm" name="marginal_means"/>
    <testcase time="0.0540000000000003" classname="validate_robin_glm" name="marginal_means"/>
    <testcase time="0.0309999999999997" classname="validate_robin_glm" name="marginal_means"/>
    <testcase time="0.0369999999999999" classname="validate_robin_glm" name="marginal_means"/>
    <testcase time="0.032" classname="validate_robin_glm" name="marginal_means"/>
    <testcase time="0.0460000000000003" classname="validate_robin_glm" name="marginal_means"/>
    <testcase time="0.0569999999999995" classname="validate_robin_glm" name="marginal_means"/>
    <testcase time="0.0440000000000005" classname="validate_robin_glm" name="marginal_means"/>
    <testcase time="0.056" classname="validate_robin_glm" name="marginal_means"/>
    <testcase time="0.0339999999999998" classname="validate_robin_glm" name="marginal_means"/>
    <testcase time="0.0350000000000001" classname="validate_robin_glm" name="marginal_means"/>
    <testcase time="0.04" classname="validate_robin_glm" name="marginal_means"/>
    <testcase time="0.0460000000000003" classname="validate_robin_glm" name="marginal_means"/>
    <testcase time="0.0549999999999997" classname="validate_robin_glm" name="marginal_means"/>
    <testcase time="0.0519999999999996" classname="validate_robin_glm" name="marginal_means"/>
    <testcase time="0.0529999999999999" classname="validate_robin_glm" name="marginal_means"/>
    <testcase time="0.04" classname="validate_robin_glm" name="marginal_means"/>
    <testcase time="0.0360000000000005" classname="validate_robin_glm" name="marginal_means"/>
    <testcase time="0.0369999999999999" classname="validate_robin_glm" name="marginal_means"/>
    <testcase time="0.056" classname="validate_robin_glm" name="marginal_means"/>
    <testcase time="0.0569999999999995" classname="validate_robin_glm" name="marginal_means"/>
    <testcase time="0.0530000000000008" classname="validate_robin_glm" name="marginal_means"/>
    <testcase time="0.0559999999999992" classname="validate_robin_glm" name="marginal_means"/>
    <testcase time="0.0310000000000006" classname="validate_robin_glm" name="marginal_means"/>
    <testcase time="0.0309999999999997" classname="validate_robin_glm" name="marginal_means"/>
    <testcase time="0.0369999999999999" classname="validate_robin_glm" name="marginal_means"/>
    <testcase time="0.032" classname="validate_robin_glm" name="marginal_means"/>
    <testcase time="0.0410000000000004" classname="validate_robin_glm" name="marginal_means"/>
    <testcase time="0.0309999999999997" classname="validate_robin_glm" name="marginal_means"/>
    <testcase time="0.0360000000000005" classname="validate_robin_glm" name="marginal_means"/>
    <testcase time="0.0269999999999992" classname="validate_robin_glm" name="marginal_means"/>
    <testcase time="0.024" classname="validate_robin_glm" name="marginal_means"/>
    <testcase time="0.0250000000000004" classname="validate_robin_glm" name="marginal_means"/>
    <testcase time="0.0410000000000004" classname="validate_robin_glm" name="marginal_means"/>
    <testcase time="0.0429999999999993" classname="validate_robin_glm" name="marginal_means"/>
    <testcase time="0.0390000000000006" classname="validate_robin_glm" name="marginal_means"/>
    <testcase time="0.0419999999999998" classname="validate_robin_glm" name="marginal_means"/>
    <testcase time="0.0250000000000004" classname="validate_robin_glm" name="marginal_means"/>
    <testcase time="0.024" classname="validate_robin_glm" name="marginal_means"/>
    <testcase time="0.0289999999999999" classname="validate_robin_glm" name="marginal_means"/>
    <testcase time="0.0329999999999995" classname="validate_robin_glm" name="marginal_means"/>
    <testcase time="0.0430000000000001" classname="validate_robin_glm" name="marginal_means"/>
    <testcase time="0.0339999999999998" classname="validate_robin_glm" name="marginal_means"/>
    <testcase time="0.0420000000000007" classname="validate_robin_glm" name="marginal_means"/>
    <testcase time="0.0289999999999999" classname="validate_robin_glm" name="marginal_means"/>
    <testcase time="0.0369999999999999" classname="validate_robin_glm" name="marginal_means"/>
    <testcase time="0.0369999999999999" classname="validate_robin_glm" name="marginal_means"/>
    <testcase time="0.0569999999999995" classname="validate_robin_glm" name="marginal_means"/>
    <testcase time="0.0590000000000002" classname="validate_robin_glm" name="marginal_means"/>
    <testcase time="0.0570000000000004" classname="validate_robin_glm" name="marginal_means"/>
    <testcase time="0.0579999999999998" classname="validate_robin_glm" name="marginal_means"/>
    <testcase time="0.04" classname="validate_robin_glm" name="marginal_means"/>
    <testcase time="0.0339999999999998" classname="validate_robin_glm" name="marginal_means"/>
    <testcase time="0.0339999999999998" classname="validate_robin_glm" name="marginal_means"/>
    <testcase time="0.0520000000000005" classname="validate_robin_glm" name="marginal_means"/>
    <testcase time="0.0549999999999997" classname="validate_robin_glm" name="marginal_means"/>
    <testcase time="0.0469999999999997" classname="validate_robin_glm" name="marginal_means"/>
    <testcase time="0.0590000000000002" classname="validate_robin_glm" name="marginal_means"/>
    <testcase time="0.0350000000000001" classname="validate_robin_glm" name="marginal_means"/>
    <testcase time="0.0350000000000001" classname="validate_robin_glm" name="marginal_means"/>
    <testcase time="0.0410000000000004" classname="validate_robin_glm" name="marginal_means"/>
    <testcase time="0.0489999999999995" classname="validate_robin_glm" name="marginal_means"/>
    <testcase time="0.0620000000000003" classname="validate_robin_glm" name="marginal_means"/>
    <testcase time="0.0469999999999997" classname="validate_robin_glm" name="marginal_means"/>
    <testcase time="0.0549999999999997" classname="validate_robin_glm" name="marginal_means"/>
    <testcase time="0.0450000000000008" classname="validate_robin_glm" name="marginal_means"/>
    <testcase time="0.0399999999999991" classname="validate_robin_glm" name="marginal_means"/>
    <testcase time="0.04" classname="validate_robin_glm" name="marginal_means"/>
    <testcase time="0.0590000000000011" classname="validate_robin_glm" name="marginal_means"/>
    <testcase time="0.0579999999999998" classname="validate_robin_glm" name="marginal_means"/>
    <testcase time="0.0579999999999998" classname="validate_robin_glm" name="marginal_means"/>
    <testcase time="0.0600000000000005" classname="validate_robin_glm" name="marginal_means"/>
    <testcase time="0.0380000000000003" classname="validate_robin_glm" name="marginal_means"/>
    <testcase time="0.032" classname="validate_robin_glm" name="marginal_means"/>
    <testcase time="0.032" classname="validate_robin_glm" name="marginal_means"/>
    <testcase time="0.0359999999999996" classname="validate_robin_glm" name="marginal_means"/>
    <testcase time="0.0399999999999991" classname="validate_robin_glm" name="marginal_means"/>
    <testcase time="0.0330000000000013" classname="validate_robin_glm" name="marginal_means"/>
    <testcase time="0.0409999999999986" classname="validate_robin_glm" name="marginal_means"/>
    <testcase time="0.0240000000000009" classname="validate_robin_glm" name="marginal_means"/>
    <testcase time="0.0239999999999991" classname="validate_robin_glm" name="marginal_means"/>
    <testcase time="0.0300000000000011" classname="validate_robin_glm" name="marginal_means"/>
    <testcase time="0.0329999999999995" classname="validate_robin_glm" name="marginal_means"/>
    <testcase time="0.0440000000000005" classname="validate_robin_glm" name="marginal_means"/>
    <testcase time="0.0329999999999995" classname="validate_robin_glm" name="marginal_means"/>
    <testcase time="0.0380000000000003" classname="validate_robin_glm" name="marginal_means"/>
    <testcase time="0.0300000000000011" classname="validate_robin_glm" name="marginal_means"/>
    <testcase time="0.0259999999999998" classname="validate_robin_glm" name="marginal_means"/>
    <testcase time="0.0269999999999992" classname="validate_robin_glm" name="marginal_means"/>
    <testcase time="0.171000000000001" classname="validate_robin_glm" name="marginal_means"/>
    <testcase time="0.0409999999999986" classname="validate_robin_glm" name="marginal_means"/>
    <testcase time="0.0340000000000007" classname="validate_robin_glm" name="marginal_means"/>
    <testcase time="0.0419999999999998" classname="validate_robin_glm" name="marginal_means"/>
    <testcase time="0.0380000000000003" classname="validate_robin_glm" name="marginal_means"/>
    <testcase time="0.048" classname="validate_robin_glm" name="marginal_means"/>
    <testcase time="0.0459999999999994" classname="validate_robin_glm" name="marginal_means"/>
    <testcase time="0.0530000000000008" classname="validate_robin_glm" name="marginal_means"/>
    <testcase time="0.0579999999999998" classname="validate_robin_glm" name="marginal_means"/>
    <testcase time="0.0510000000000002" classname="validate_robin_glm" name="marginal_means"/>
    <testcase time="0.0579999999999998" classname="validate_robin_glm" name="marginal_means"/>
    <testcase time="0.0389999999999997" classname="validate_robin_glm" name="marginal_means"/>
    <testcase time="0.0340000000000007" classname="validate_robin_glm" name="marginal_means"/>
    <testcase time="0.0359999999999996" classname="validate_robin_glm" name="marginal_means"/>
    <testcase time="0.0459999999999994" classname="validate_robin_glm" name="marginal_means"/>
    <testcase time="0.0540000000000003" classname="validate_robin_glm" name="marginal_means"/>
    <testcase time="0.0459999999999994" classname="validate_robin_glm" name="marginal_means"/>
    <testcase time="0.0580000000000016" classname="validate_robin_glm" name="marginal_means"/>
    <testcase time="0.0349999999999984" classname="validate_robin_glm" name="marginal_means"/>
    <testcase time="0.0350000000000001" classname="validate_robin_glm" name="marginal_means"/>
    <testcase time="0.0370000000000008" classname="validate_robin_glm" name="marginal_means"/>
    <testcase time="0.0500000000000007" classname="validate_robin_glm" name="marginal_means"/>
    <testcase time="0.0609999999999999" classname="validate_robin_glm" name="marginal_means"/>
    <testcase time="0.0469999999999988" classname="validate_robin_glm" name="marginal_means"/>
    <testcase time="0.0549999999999997" classname="validate_robin_glm" name="marginal_means"/>
    <testcase time="0.0400000000000009" classname="validate_robin_glm" name="marginal_means"/>
    <testcase time="0.0449999999999999" classname="validate_robin_glm" name="marginal_means"/>
    <testcase time="0.0399999999999991" classname="validate_robin_glm" name="marginal_means"/>
    <testcase time="0.0510000000000002" classname="validate_robin_glm" name="marginal_means"/>
    <testcase time="0.0609999999999999" classname="validate_robin_glm" name="marginal_means"/>
    <testcase time="0.0570000000000004" classname="validate_robin_glm" name="marginal_means"/>
    <testcase time="0.0590000000000011" classname="validate_robin_glm" name="marginal_means"/>
    <testcase time="0.036999999999999" classname="validate_robin_glm" name="marginal_means"/>
    <testcase time="0.0370000000000008" classname="validate_robin_glm" name="marginal_means"/>
    <testcase time="0.0379999999999985" classname="validate_robin_glm" name="marginal_means"/>
    <testcase time="0.0360000000000014" classname="validate_robin_glm" name="marginal_means"/>
    <testcase time="0.0399999999999991" classname="validate_robin_glm" name="marginal_means"/>
    <testcase time="0.0350000000000001" classname="validate_robin_glm" name="marginal_means"/>
    <testcase time="0.0389999999999997" classname="validate_robin_glm" name="marginal_means"/>
    <testcase time="0.0350000000000001" classname="validate_robin_glm" name="marginal_means"/>
    <testcase time="0.032" classname="validate_robin_glm" name="marginal_means"/>
    <testcase time="0.0310000000000006" classname="validate_robin_glm" name="marginal_means"/>
    <testcase time="0.0440000000000005" classname="validate_robin_glm" name="marginal_means"/>
    <testcase time="0.0459999999999994" classname="validate_robin_glm" name="marginal_means"/>
    <testcase time="0.0410000000000004" classname="validate_robin_glm" name="marginal_means"/>
    <testcase time="0.0489999999999995" classname="validate_robin_glm" name="marginal_means"/>
    <testcase time="0.0330000000000013" classname="validate_robin_glm" name="marginal_means"/>
    <testcase time="0.0329999999999995" classname="validate_robin_glm" name="marginal_means"/>
    <testcase time="0.0359999999999996" classname="validate_robin_glm" name="marginal_means"/>
    <testcase time="0.0419999999999998" classname="validate_robin_glm" name="marginal_means"/>
    <testcase time="0.0470000000000006" classname="validate_robin_glm" name="marginal_means"/>
    <testcase time="0.0459999999999994" classname="validate_robin_glm" name="marginal_means"/>
    <testcase time="0.0470000000000006" classname="validate_robin_glm" name="marginal_means"/>
    <testcase time="0.0419999999999998" classname="validate_robin_glm" name="marginal_means"/>
    <testcase time="0.0510000000000002" classname="validate_robin_glm" name="marginal_means"/>
    <testcase time="0.0530000000000008" classname="validate_robin_glm" name="marginal_means"/>
    <testcase time="0.0709999999999997" classname="validate_robin_glm" name="marginal_means"/>
    <testcase time="0.0719999999999992" classname="validate_robin_glm" name="marginal_means"/>
    <testcase time="0.0690000000000008" classname="validate_robin_glm" name="marginal_means"/>
    <testcase time="0.0699999999999985" classname="validate_robin_glm" name="marginal_means"/>
    <testcase time="0.0540000000000003" classname="validate_robin_glm" name="marginal_means"/>
    <testcase time="0.0490000000000013" classname="validate_robin_glm" name="marginal_means"/>
    <testcase time="0.0539999999999985" classname="validate_robin_glm" name="marginal_means"/>
    <testcase time="0.0600000000000005" classname="validate_robin_glm" name="marginal_means"/>
    <testcase time="0.0670000000000002" classname="validate_robin_glm" name="marginal_means"/>
    <testcase time="0.0660000000000007" classname="validate_robin_glm" name="marginal_means"/>
    <testcase time="0.0670000000000002" classname="validate_robin_glm" name="marginal_means"/>
    <testcase time="0.0559999999999992" classname="validate_robin_glm" name="marginal_means"/>
    <testcase time="0.0540000000000003" classname="validate_robin_glm" name="marginal_means"/>
    <testcase time="0.0570000000000004" classname="validate_robin_glm" name="marginal_means"/>
    <testcase time="0.0719999999999992" classname="validate_robin_glm" name="marginal_means"/>
    <testcase time="0.0730000000000004" classname="validate_robin_glm" name="marginal_means"/>
    <testcase time="0.0649999999999995" classname="validate_robin_glm" name="marginal_means"/>
    <testcase time="0.0790000000000006" classname="validate_robin_glm" name="marginal_means"/>
    <testcase time="0.052999999999999" classname="validate_robin_glm" name="marginal_means"/>
    <testcase time="0.0540000000000003" classname="validate_robin_glm" name="marginal_means"/>
    <testcase time="0.0620000000000012" classname="validate_robin_glm" name="marginal_means"/>
    <testcase time="0.0670000000000002" classname="validate_robin_glm" name="marginal_means"/>
    <testcase time="0.0799999999999983" classname="validate_robin_glm" name="marginal_means"/>
    <testcase time="0.0670000000000002" classname="validate_robin_glm" name="marginal_means"/>
    <testcase time="0.0800000000000001" classname="validate_robin_glm" name="marginal_means"/>
  </testsuite>
  <testsuite name="variance" timestamp="2024-12-19T23:11:54Z" hostname="020b480d0a35" tests="2" skipped="2" failures="0" errors="0" time="0.09">
    <testcase time="0.0449999999999999" classname="variance" name="vcovHC_works">
      <skipped message="Reason: On CRAN ('test-variance.R:3:3')"/>
    </testcase>
    <testcase time="0.0449999999999999" classname="variance" name="vcovG_works">
      <skipped message="Reason: On CRAN ('test-variance.R:14:3')"/>
    </testcase>
  </testsuite>
</testsuites>
