<?xml version="1.0" encoding="UTF-8"?>
<testsuites>
  <testsuite name="bias" timestamp="2024-05-08T02:22:56Z" hostname="7a0125389124" tests="1" skipped="1" failures="0" errors="0" time="0.155">
    <testcase time="0.155" classname="bias" name="bias_works_for_guassian">
      <skipped message="Reason: On CRAN ('test-bias.R:2:3')"/>
    </testcase>
  </testsuite>
  <testsuite name="predict_counterfactual" timestamp="2024-05-08T02:22:56Z" hostname="7a0125389124" tests="3" skipped="3" failures="0" errors="0" time="0.228">
    <testcase time="0.134" classname="predict_counterfactual" name="predict_counterfactual_works_for_guassian">
      <skipped message="Reason: On CRAN ('test-predict_counterfactual.R:2:3')"/>
    </testcase>
    <testcase time="0.047" classname="predict_counterfactual" name="predict_counterfactual_works_for_guassian_with_lm">
      <skipped message="Reason: On CRAN ('test-predict_counterfactual.R:6:3')"/>
    </testcase>
    <testcase time="0.0469999999999999" classname="predict_counterfactual" name="predict_counterfactual_works_for_binomial">
      <skipped message="Reason: On CRAN ('test-predict_counterfactual.R:10:3')"/>
    </testcase>
  </testsuite>
  <testsuite name="utils" timestamp="2024-05-08T02:22:56Z" hostname="7a0125389124" tests="12" skipped="0" failures="0" errors="0" time="0.099">
    <testcase time="0.043" classname="utils" name="h_get_vars_works_for_single_character"/>
    <testcase time="0.004" classname="utils" name="h_get_vars_works_for_single_character"/>
    <testcase time="0.01" classname="utils" name="h_get_vars_works_for_single_character"/>
    <testcase time="0.00700000000000001" classname="utils" name="h_get_vars_works_for_single_character"/>
    <testcase time="0.00600000000000001" classname="utils" name="h_get_vars_works_for_formula"/>
    <testcase time="0.004" classname="utils" name="h_get_vars_works_for_formula"/>
    <testcase time="0.002" classname="utils" name="h_get_vars_works_for_formula"/>
    <testcase time="0.003" classname="utils" name="h_get_vars_works_for_formula"/>
    <testcase time="0.00700000000000001" classname="utils" name="h_get_vars_works_for_formula"/>
    <testcase time="0.00700000000000001" classname="utils" name="h_get_vars_works_for_formula"/>
    <testcase time="0.002" classname="utils" name="h_get_vars_works_for_formula"/>
    <testcase time="0.004" classname="utils" name="h_get_vars_works_for_formula"/>
  </testsuite>
</testsuites>
