<?xml version="1.0" encoding="UTF-8"?>
<testsuites>
  <testsuite name="bias" timestamp="2025-08-19T08:01:05Z" hostname="e6ab2916c3d9" tests="1" skipped="1" failures="0" errors="0" time="0.093">
    <testcase time="0.093" classname="bias" name="bias_works_for_guassian">
      <skipped message="Reason: On CRAN ('test-bias.R:2:3')"/>
    </testcase>
  </testsuite>
  <testsuite name="find_data" timestamp="2025-08-19T08:01:05Z" hostname="e6ab2916c3d9" tests="2" skipped="0" failures="0" errors="0" time="0.093">
    <testcase time="0.076" classname="find_data" name="find_data_works_for_glm"/>
    <testcase time="0.017" classname="find_data" name="find_data_fails_for_lm"/>
  </testsuite>
  <testsuite name="predict_counterfactual" timestamp="2025-08-19T08:01:05Z" hostname="e6ab2916c3d9" tests="9" skipped="4" failures="0" errors="0" time="0.24">
    <testcase time="0.0780000000000001" classname="predict_counterfactual" name="predict_counterfactual_works_for_guassian">
      <skipped message="Reason: On CRAN ('test-predict_counterfactual.R:2:3')"/>
    </testcase>
    <testcase time="0.0469999999999999" classname="predict_counterfactual" name="predict_counterfactual_works_for_guassian_with_lm">
      <skipped message="Reason: On CRAN ('test-predict_counterfactual.R:6:3')"/>
    </testcase>
    <testcase time="0.05" classname="predict_counterfactual" name="predict_counterfactual_works_for_binomial">
      <skipped message="Reason: On CRAN ('test-predict_counterfactual.R:10:3')"/>
    </testcase>
    <testcase time="0.029" classname="predict_counterfactual" name="predict_counterfactual_for_negative_binomial"/>
    <testcase time="0.004" classname="predict_counterfactual" name="predict_counterfactual_for_negative_binomial"/>
    <testcase time="0.004" classname="predict_counterfactual" name="predict_counterfactual_for_negative_binomial"/>
    <testcase time="0.005" classname="predict_counterfactual" name="predict_counterfactual_for_negative_binomial"/>
    <testcase time="0.015" classname="predict_counterfactual" name="predict_counterfactual_works_if_contrast_are_non_standard"/>
    <testcase time="0.0079999999999999" classname="predict_counterfactual" name="predict_counterfactual_works_if_contrast_are_non_standard">
      <skipped message="Reason: On CRAN ('test-predict_counterfactual.R:43:3')"/>
    </testcase>
  </testsuite>
  <testsuite name="robin_glm" timestamp="2025-08-19T08:01:05Z" hostname="e6ab2916c3d9" tests="3" skipped="0" failures="0" errors="1" time="0.093">
    <testcase time="0.037" classname="robin_glm" name="robin_glm_works_correctly"/>
    <testcase time="0.00800000000000001" classname="robin_glm" name="robin_glm_works_correctly">
      <error type="error" message="Error in `eval(code, test_env)`: object 'dummy_data' not found ('test-robin_glm.R:12:3')">Error in `eval(code, test_env)`: object 'dummy_data' not found
Backtrace:
     x
  1. +-testthat::expect_silent(...) at test-robin_glm.R:12:3
  2. | \-testthat:::quasi_capture(enquo(object), NULL, evaluate_promise)
  3. |   +-testthat (local) .capture(...)
  4. |   | +-withr::with_output_sink(...)
  5. |   | | \-base::force(code)
  6. |   | +-base::withCallingHandlers(...)
  7. |   | \-base::withVisible(code)
  8. |   \-rlang::eval_bare(quo_get_expr(.quo), quo_get_env(.quo))
  9. \-RobinCar2::robin_glm(...)
 10.   \-checkmate::assert_subset(all.vars(formula), names(data))
 11.     \-checkmate::checkSubset(x, choices, empty.ok, fmatch)
 12.       \-checkmate:::check_subset_internal(x, choices, match)
 13.         \-checkmate::qassert(choices, "a")</error>
    </testcase>
    <testcase time="0.048" classname="robin_glm" name="robin_glm_works_for_glm.nb"/>
  </testsuite>
  <testsuite name="robin_lm" timestamp="2025-08-19T08:01:06Z" hostname="e6ab2916c3d9" tests="6" skipped="0" failures="0" errors="0" time="0.054">
    <testcase time="0.012" classname="robin_lm" name="h_interaction_works_correctly"/>
    <testcase time="0.004" classname="robin_lm" name="h_interaction_works_correctly"/>
    <testcase time="0.004" classname="robin_lm" name="h_interaction_works_correctly"/>
    <testcase time="0.004" classname="robin_lm" name="h_interaction_works_correctly"/>
    <testcase time="0.0129999999999999" classname="robin_lm" name="robin_lm_works_correctly"/>
    <testcase time="0.017" classname="robin_lm" name="robin_lm_works_correctly"/>
  </testsuite>
  <testsuite name="surv_effect" timestamp="2025-08-19T08:01:06Z" hostname="e6ab2916c3d9" tests="2" skipped="2" failures="0" errors="0" time="0.728">
    <testcase time="0.37" classname="surv_effect" name="print_method_for_surv_effect_works_as_expected">
      <skipped message="Reason: On CRAN ('test-surv_effect.R:7:3')"/>
    </testcase>
    <testcase time="0.358" classname="surv_effect" name="table_method_for_surv_effect_works_as_expected">
      <skipped message="Reason: On CRAN ('test-surv_effect.R:16:3')"/>
    </testcase>
  </testsuite>
  <testsuite name="survival" timestamp="2025-08-19T08:01:06Z" hostname="e6ab2916c3d9" tests="68" skipped="15" failures="0" errors="0" time="2.783">
    <testcase time="0.0590000000000002" classname="survival" name="h_log_hr_est_via_score_works_as_expected">
      <skipped message="Reason: On CRAN ('test-survival.R:9:3')"/>
    </testcase>
    <testcase time="0.0939999999999999" classname="survival" name="h_log_hr_est_via_score_extends_the_search_interval_as_needed"/>
    <testcase time="0.00600000000000001" classname="survival" name="h_log_hr_est_via_score_extends_the_search_interval_as_needed">
      <skipped message="Reason: On CRAN ('test-survival.R:22:3')"/>
    </testcase>
    <testcase time="0.0270000000000001" classname="survival" name="h_lr_test_via_score_works_as_expected">
      <skipped message="Reason: On CRAN ('test-survival.R:33:3')"/>
    </testcase>
    <testcase time="0.0589999999999999" classname="survival" name="robin_surv_comparison_works_as_expected_without_covariate_adjustment">
      <skipped message="Reason: On CRAN ('test-survival.R:52:3')"/>
    </testcase>
    <testcase time="0.0600000000000001" classname="survival" name="robin_surv_no_strata_no_cov_works_as_expected">
      <skipped message="Reason: On CRAN ('test-survival.R:67:3')"/>
    </testcase>
    <testcase time="0.0369999999999999" classname="survival" name="robin_surv_no_strata_no_cov_gives_the_same_results_as_RobinCar_functions"/>
    <testcase time="0.00300000000000011" classname="survival" name="robin_surv_no_strata_no_cov_gives_the_same_results_as_RobinCar_functions"/>
    <testcase time="0.00599999999999978" classname="survival" name="robin_surv_no_strata_no_cov_gives_the_same_results_as_RobinCar_functions"/>
    <testcase time="0.004" classname="survival" name="robin_surv_no_strata_no_cov_gives_the_same_results_as_RobinCar_functions"/>
    <testcase time="0.0940000000000003" classname="survival" name="robin_surv_strata_works_as_expected">
      <skipped message="Reason: On CRAN ('test-survival.R:109:3')"/>
    </testcase>
    <testcase time="0.0539999999999998" classname="survival" name="robin_surv_strata_gives_the_same_results_as_RobinCar_functions"/>
    <testcase time="0.00300000000000011" classname="survival" name="robin_surv_strata_gives_the_same_results_as_RobinCar_functions"/>
    <testcase time="0.00299999999999967" classname="survival" name="robin_surv_strata_gives_the_same_results_as_RobinCar_functions"/>
    <testcase time="0.004" classname="survival" name="robin_surv_strata_gives_the_same_results_as_RobinCar_functions"/>
    <testcase time="0.179" classname="survival" name="robin_surv_cov_works_as_expected">
      <skipped message="Reason: On CRAN ('test-survival.R:151:3')"/>
    </testcase>
    <testcase time="0.14" classname="survival" name="robin_surv_cov_gives_the_same_results_as_RobinCar_functions"/>
    <testcase time="0.00299999999999967" classname="survival" name="robin_surv_cov_gives_the_same_results_as_RobinCar_functions"/>
    <testcase time="0.004" classname="survival" name="robin_surv_cov_gives_the_same_results_as_RobinCar_functions"/>
    <testcase time="0.00300000000000011" classname="survival" name="robin_surv_cov_gives_the_same_results_as_RobinCar_functions"/>
    <testcase time="0.195" classname="survival" name="robin_surv_strata_cov_works_as_expected">
      <skipped message="Reason: On CRAN ('test-survival.R:194:3')"/>
    </testcase>
    <testcase time="0.214" classname="survival" name="robin_surv_strata_cov_gives_the_same_results_as_RobinCar_functions"/>
    <testcase time="0.004" classname="survival" name="robin_surv_strata_cov_gives_the_same_results_as_RobinCar_functions"/>
    <testcase time="0.00300000000000011" classname="survival" name="robin_surv_strata_cov_gives_the_same_results_as_RobinCar_functions"/>
    <testcase time="0.00300000000000011" classname="survival" name="robin_surv_strata_cov_gives_the_same_results_as_RobinCar_functions"/>
    <testcase time="0.00800000000000001" classname="survival" name="h_hr_coef_mat_works_as_expected">
      <skipped message="Reason: On CRAN ('test-survival.R:235:3')"/>
    </testcase>
    <testcase time="0.0289999999999999" classname="survival" name="h_hr_coef_mat_works_as_expected_for_multiple_comparisons">
      <skipped message="Reason: On CRAN ('test-survival.R:248:3')"/>
    </testcase>
    <testcase time="0.016" classname="survival" name="h_test_mat_works_as_expected">
      <skipped message="Reason: On CRAN ('test-survival.R:261:3')"/>
    </testcase>
    <testcase time="0.0150000000000001" classname="survival" name="h_events_table_works_as_expected_with_strata"/>
    <testcase time="0.00700000000000012" classname="survival" name="h_events_table_works_as_expected_without_strata"/>
    <testcase time="0.0379999999999998" classname="survival" name="robin_surv_works_as_expected_without_strata_or_covariates"/>
    <testcase time="0.00499999999999989" classname="survival" name="robin_surv_works_as_expected_without_strata_or_covariates">
      <skipped message="Reason: On CRAN ('test-survival.R:304:3')"/>
    </testcase>
    <testcase time="0.0430000000000001" classname="survival" name="robin_surv_gives_the_same_results_as_RobinCar_functions_without_strata_or_covariates"/>
    <testcase time="0.004" classname="survival" name="robin_surv_gives_the_same_results_as_RobinCar_functions_without_strata_or_covariates"/>
    <testcase time="0.00300000000000011" classname="survival" name="robin_surv_gives_the_same_results_as_RobinCar_functions_without_strata_or_covariates"/>
    <testcase time="0.004" classname="survival" name="robin_surv_gives_the_same_results_as_RobinCar_functions_without_strata_or_covariates"/>
    <testcase time="0.089" classname="survival" name="robin_surv_works_as_expected_with_strata"/>
    <testcase time="0.00800000000000001" classname="survival" name="robin_surv_works_as_expected_with_strata">
      <skipped message="Reason: On CRAN ('test-survival.R:337:3')"/>
    </testcase>
    <testcase time="0.052" classname="survival" name="robin_surv_gives_the_same_results_as_RobinCar_functions_with_strata"/>
    <testcase time="0.004" classname="survival" name="robin_surv_gives_the_same_results_as_RobinCar_functions_with_strata"/>
    <testcase time="0.00699999999999967" classname="survival" name="robin_surv_gives_the_same_results_as_RobinCar_functions_with_strata"/>
    <testcase time="0.004" classname="survival" name="robin_surv_gives_the_same_results_as_RobinCar_functions_with_strata"/>
    <testcase time="0.132" classname="survival" name="robin_surv_works_as_expected_with_covariates"/>
    <testcase time="0.00499999999999989" classname="survival" name="robin_surv_works_as_expected_with_covariates">
      <skipped message="Reason: On CRAN ('test-survival.R:370:3')"/>
    </testcase>
    <testcase time="0.12" classname="survival" name="robin_surv_gives_the_same_results_as_RobinCar_functions_with_covariates"/>
    <testcase time="0.004" classname="survival" name="robin_surv_gives_the_same_results_as_RobinCar_functions_with_covariates"/>
    <testcase time="0.004" classname="survival" name="robin_surv_gives_the_same_results_as_RobinCar_functions_with_covariates"/>
    <testcase time="0.00300000000000011" classname="survival" name="robin_surv_gives_the_same_results_as_RobinCar_functions_with_covariates"/>
    <testcase time="0.189" classname="survival" name="robin_surv_works_as_expected_with_strata_and_covariates"/>
    <testcase time="0.00499999999999989" classname="survival" name="robin_surv_works_as_expected_with_strata_and_covariates">
      <skipped message="Reason: On CRAN ('test-survival.R:403:3')"/>
    </testcase>
    <testcase time="0.174" classname="survival" name="robin_surv_gives_the_same_results_as_RobinCar_functions_with_strata_and_covariates"/>
    <testcase time="0.00300000000000011" classname="survival" name="robin_surv_gives_the_same_results_as_RobinCar_functions_with_strata_and_covariates"/>
    <testcase time="0.004" classname="survival" name="robin_surv_gives_the_same_results_as_RobinCar_functions_with_strata_and_covariates"/>
    <testcase time="0.004" classname="survival" name="robin_surv_gives_the_same_results_as_RobinCar_functions_with_strata_and_covariates"/>
    <testcase time="0.164" classname="survival" name="robin_surv_also_works_with_multiple_pairwise_comparisons"/>
    <testcase time="0.00199999999999978" classname="survival" name="robin_surv_also_works_with_multiple_pairwise_comparisons"/>
    <testcase time="0.00100000000000033" classname="survival" name="robin_surv_also_works_with_multiple_pairwise_comparisons"/>
    <testcase time="0.000999999999999446" classname="survival" name="robin_surv_also_works_with_multiple_pairwise_comparisons"/>
    <testcase time="0.00199999999999978" classname="survival" name="robin_surv_also_works_with_multiple_pairwise_comparisons"/>
    <testcase time="0.0610000000000008" classname="survival" name="robin_surv_allows_the_user_to_optionally_define_the_comparisons_of_interest"/>
    <testcase time="0.000999999999999446" classname="survival" name="robin_surv_allows_the_user_to_optionally_define_the_comparisons_of_interest"/>
    <testcase time="0.00199999999999978" classname="survival" name="robin_surv_allows_the_user_to_optionally_define_the_comparisons_of_interest"/>
    <testcase time="0.00100000000000033" classname="survival" name="robin_surv_allows_the_user_to_optionally_define_the_comparisons_of_interest"/>
    <testcase time="0.00100000000000033" classname="survival" name="robin_surv_allows_the_user_to_optionally_define_the_comparisons_of_interest"/>
    <testcase time="0.294" classname="survival" name="robin_surv_allows_to_use_unadjusted_standard_error"/>
    <testcase time="0.00300000000000011" classname="survival" name="robin_surv_allows_to_use_unadjusted_standard_error"/>
    <testcase time="0.00300000000000011" classname="survival" name="robin_surv_allows_to_use_unadjusted_standard_error"/>
    <testcase time="0.00300000000000011" classname="survival" name="robin_surv_allows_to_use_unadjusted_standard_error"/>
  </testsuite>
  <testsuite name="survival_cov_adj" timestamp="2025-08-19T08:01:09Z" hostname="e6ab2916c3d9" tests="24" skipped="2" failures="0" errors="0" time="0.11">
    <testcase time="0.0139999999999993" classname="survival_cov_adj" name="h_derived_outcome_vals_works_as_expected"/>
    <testcase time="0.00500000000000078" classname="survival_cov_adj" name="h_derived_outcome_vals_works_as_expected"/>
    <testcase time="0.0209999999999999" classname="survival_cov_adj" name="h_strat_derived_outcome_vals_works_as_expected"/>
    <testcase time="0.000999999999999446" classname="survival_cov_adj" name="h_strat_derived_outcome_vals_works_as_expected"/>
    <testcase time="0.00300000000000011" classname="survival_cov_adj" name="h_strat_derived_outcome_vals_works_as_expected"/>
    <testcase time="0.00600000000000023" classname="survival_cov_adj" name="h_get_lm_input_works_as_expected"/>
    <testcase time="0.00100000000000033" classname="survival_cov_adj" name="h_get_lm_input_works_as_expected"/>
    <testcase time="0.000999999999999446" classname="survival_cov_adj" name="h_get_lm_input_works_as_expected"/>
    <testcase time="0.000999999999999446" classname="survival_cov_adj" name="h_get_lm_input_works_as_expected"/>
    <testcase time="0.00100000000000033" classname="survival_cov_adj" name="h_get_lm_input_works_as_expected"/>
    <testcase time="0.00100000000000033" classname="survival_cov_adj" name="h_get_lm_input_works_as_expected"/>
    <testcase time="0.000999999999999446" classname="survival_cov_adj" name="h_get_lm_input_works_as_expected"/>
    <testcase time="0.00700000000000056" classname="survival_cov_adj" name="h_get_strat_lm_input_works_as_expected"/>
    <testcase time="0.00199999999999978" classname="survival_cov_adj" name="h_get_strat_lm_input_works_as_expected"/>
    <testcase time="0.00100000000000033" classname="survival_cov_adj" name="h_get_strat_lm_input_works_as_expected"/>
    <testcase time="0.000999999999999446" classname="survival_cov_adj" name="h_get_strat_lm_input_works_as_expected"/>
    <testcase time="0.00100000000000033" classname="survival_cov_adj" name="h_get_strat_lm_input_works_as_expected"/>
    <testcase time="0.000999999999999446" classname="survival_cov_adj" name="h_get_strat_lm_input_works_as_expected"/>
    <testcase time="0.00100000000000033" classname="survival_cov_adj" name="h_get_strat_lm_input_works_as_expected"/>
    <testcase time="0.00100000000000033" classname="survival_cov_adj" name="h_get_strat_lm_input_works_as_expected"/>
    <testcase time="0.0129999999999999" classname="survival_cov_adj" name="h_get_beta_estimates_works_as_expected">
      <skipped message="Reason: On CRAN ('test-survival_cov_adj.R:110:3')"/>
    </testcase>
    <testcase time="0.0209999999999999" classname="survival_cov_adj" name="h_get_strat_beta_estimates_works_as_expected"/>
    <testcase time="0.00199999999999978" classname="survival_cov_adj" name="h_get_strat_beta_estimates_works_as_expected"/>
    <testcase time="0.00300000000000011" classname="survival_cov_adj" name="h_get_strat_beta_estimates_works_as_expected">
      <skipped message="Reason: On CRAN ('test-survival_cov_adj.R:134:3')"/>
    </testcase>
  </testsuite>
  <testsuite name="survival_score" timestamp="2025-08-19T08:01:09Z" hostname="e6ab2916c3d9" tests="13" skipped="11" failures="0" errors="0" time="0.436">
    <testcase time="0.0250000000000004" classname="survival_score" name="h_lr_score_no_strata_no_cov_works_as_expected_with_default_options">
      <skipped message="Reason: On CRAN ('test-survival_score.R:9:3')"/>
    </testcase>
    <testcase time="0.0259999999999998" classname="survival_score" name="h_lr_score_no_strata_no_cov_works_as_expected_with_custom_n">
      <skipped message="Reason: On CRAN ('test-survival_score.R:21:3')"/>
    </testcase>
    <testcase time="0.0209999999999999" classname="survival_score" name="h_lr_score_no_strata_no_cov_works_as_expected_when_not_using_ties_factor">
      <skipped message="Reason: On CRAN ('test-survival_score.R:33:3')"/>
    </testcase>
    <testcase time="0.0289999999999999" classname="survival_score" name="h_lr_score_no_strata_no_cov_works_as_expected_with_multiple_theta_values"/>
    <testcase time="0.0209999999999999" classname="survival_score" name="h_lr_score_strat_works_as_expected_with_default_options">
      <skipped message="Reason: On CRAN ('test-survival_score.R:68:3')"/>
    </testcase>
    <testcase time="0.0259999999999998" classname="survival_score" name="h_lr_score_strat_works_as_expected_when_not_using_ties_factor">
      <skipped message="Reason: On CRAN ('test-survival_score.R:81:3')"/>
    </testcase>
    <testcase time="0.0510000000000002" classname="survival_score" name="h_lr_score_strat_works_as_expected_with_multiple_theta_values"/>
    <testcase time="0.0200000000000005" classname="survival_score" name="h_lr_score_cov_works_as_expected_with_default_options">
      <skipped message="Reason: On CRAN ('test-survival_score.R:118:3')"/>
    </testcase>
    <testcase time="0.0350000000000001" classname="survival_score" name="h_lr_score_cov_works_as_expected_when_not_using_ties_factor">
      <skipped message="Reason: On CRAN ('test-survival_score.R:131:3')"/>
    </testcase>
    <testcase time="0.0359999999999996" classname="survival_score" name="h_lr_score_cov_works_when_using_the_unadjusted_standard_error_option">
      <skipped message="Reason: On CRAN ('test-survival_score.R:146:3')"/>
    </testcase>
    <testcase time="0.0439999999999996" classname="survival_score" name="h_lr_score_strat_cov_works_as_expected_with_default_options">
      <skipped message="Reason: On CRAN ('test-survival_score.R:179:3')"/>
    </testcase>
    <testcase time="0.0460000000000003" classname="survival_score" name="h_lr_score_strat_cov_works_as_expected_when_not_using_ties_factor">
      <skipped message="Reason: On CRAN ('test-survival_score.R:193:3')"/>
    </testcase>
    <testcase time="0.056" classname="survival_score" name="h_lr_score_strat_cov_works_as_expected_with_unadjusted_standard_error">
      <skipped message="Reason: On CRAN ('test-survival_score.R:209:3')"/>
    </testcase>
  </testsuite>
  <testsuite name="treatment_effect" timestamp="2025-08-19T08:01:10Z" hostname="e6ab2916c3d9" tests="27" skipped="3" failures="0" errors="0" time="0.274">
    <testcase time="0.0190000000000001" classname="treatment_effect" name="h_diff_works_as_expected"/>
    <testcase time="0.00300000000000011" classname="treatment_effect" name="h_diff_works_as_expected"/>
    <testcase time="0.00999999999999979" classname="treatment_effect" name="h_jac_diff_work_as_expected"/>
    <testcase time="0.00300000000000011" classname="treatment_effect" name="h_jac_diff_work_as_expected"/>
    <testcase time="0.00600000000000023" classname="treatment_effect" name="h_risk_ratio_works_as_expected"/>
    <testcase time="0.00300000000000011" classname="treatment_effect" name="h_risk_ratio_works_as_expected"/>
    <testcase time="0.00800000000000001" classname="treatment_effect" name="h_jac_risk_ratio_work_as_expected"/>
    <testcase time="0.00299999999999923" classname="treatment_effect" name="h_jac_risk_ratio_work_as_expected"/>
    <testcase time="0.00700000000000056" classname="treatment_effect" name="h_odds_ratio_works_as_expected"/>
    <testcase time="0.00399999999999956" classname="treatment_effect" name="h_odds_ratio_works_as_expected"/>
    <testcase time="0.00700000000000056" classname="treatment_effect" name="h_jac_odds_ratio_work_as_expected"/>
    <testcase time="0.00399999999999956" classname="treatment_effect" name="h_jac_odds_ratio_work_as_expected"/>
    <testcase time="0.00999999999999979" classname="treatment_effect" name="treatment_effect_works_as_expected"/>
    <testcase time="0.00300000000000011" classname="treatment_effect" name="treatment_effect_works_as_expected"/>
    <testcase time="0.00300000000000011" classname="treatment_effect" name="treatment_effect_works_as_expected"/>
    <testcase time="0.00499999999999989" classname="treatment_effect" name="treatment_effect_works_as_expected"/>
    <testcase time="0.00800000000000001" classname="treatment_effect" name="treatment_effect_works_as_expected"/>
    <testcase time="0.00600000000000023" classname="treatment_effect" name="treatment_effect_works_as_expected"/>
    <testcase time="0.00399999999999956" classname="treatment_effect" name="treatment_effect_works_as_expected"/>
    <testcase time="0.00400000000000045" classname="treatment_effect" name="treatment_effect_works_as_expected"/>
    <testcase time="0.00499999999999989" classname="treatment_effect" name="treatment_effect_works_as_expected"/>
    <testcase time="0.00499999999999989" classname="treatment_effect" name="treatment_effect_works_as_expected"/>
    <testcase time="0.00499999999999989" classname="treatment_effect" name="treatment_effect_works_as_expected"/>
    <testcase time="0.0120000000000005" classname="treatment_effect" name="treatment_effect_works_as_expected_for_custom_contrast"/>
    <testcase time="0.0279999999999996" classname="treatment_effect" name="treatment_effect_works_for_lm_glm_object">
      <skipped message="Reason: On CRAN ('test-treatment_effect.R:156:3')"/>
    </testcase>
    <testcase time="0.0490000000000004" classname="treatment_effect" name="treatment_effect_works_if_variance_is_not_used">
      <skipped message="Reason: On CRAN ('test-treatment_effect.R:161:3')"/>
    </testcase>
    <testcase time="0.0499999999999998" classname="treatment_effect" name="treatment_effect_works_if_pair_is_defined">
      <skipped message="Reason: On CRAN ('test-treatment_effect.R:165:3')"/>
    </testcase>
  </testsuite>
  <testsuite name="utils" timestamp="2025-08-19T08:01:10Z" hostname="e6ab2916c3d9" tests="36" skipped="0" failures="0" errors="0" time="0.187">
    <testcase time="0.0289999999999999" classname="utils" name="h_get_vars_works_for_formula"/>
    <testcase time="0.00400000000000045" classname="utils" name="h_get_vars_works_for_formula"/>
    <testcase time="0.00699999999999967" classname="utils" name="h_get_vars_works_for_formula"/>
    <testcase time="0.00699999999999967" classname="utils" name="h_get_vars_works_for_formula"/>
    <testcase time="0.00700000000000056" classname="utils" name="h_get_vars_works_for_formula"/>
    <testcase time="0.00699999999999967" classname="utils" name="h_get_vars_works_for_formula"/>
    <testcase time="0.00699999999999967" classname="utils" name="h_get_vars_works_for_formula"/>
    <testcase time="0.00700000000000056" classname="utils" name="h_get_vars_works_for_formula"/>
    <testcase time="0.00699999999999967" classname="utils" name="h_get_vars_works_for_formula_with_schemas"/>
    <testcase time="0.00400000000000045" classname="utils" name="h_get_vars_works_for_formula_with_schemas"/>
    <testcase time="0.00199999999999978" classname="utils" name="h_get_vars_works_for_formula_with_schemas"/>
    <testcase time="0.00800000000000001" classname="utils" name="h_get_vars_works_for_formula_with_schemas"/>
    <testcase time="0.00199999999999978" classname="utils" name="h_get_vars_works_for_formula_with_schemas"/>
    <testcase time="0.00400000000000045" classname="utils" name="h_get_vars_works_for_formula_with_schemas"/>
    <testcase time="0.00100000000000033" classname="utils" name="h_get_vars_works_for_formula_with_schemas"/>
    <testcase time="0.00199999999999978" classname="utils" name="h_get_vars_works_for_formula_with_schemas"/>
    <testcase time="0.00600000000000023" classname="utils" name="h_prep_survival_input_works_with_strata"/>
    <testcase time="0.00599999999999934" classname="utils" name="h_prep_survival_input_works_with_strata"/>
    <testcase time="0.00600000000000023" classname="utils" name="h_prep_survival_input_works_without_strata"/>
    <testcase time="0.00499999999999989" classname="utils" name="h_prep_survival_input_works_without_strata"/>
    <testcase time="0.00600000000000023" classname="utils" name="h_prep_survival_input_works_without_covariates"/>
    <testcase time="0.00600000000000023" classname="utils" name="h_prep_survival_input_works_without_covariates"/>
    <testcase time="0.00499999999999989" classname="utils" name="h_prep_survival_input_works_without_covariates_and_without_strata"/>
    <testcase time="0.00600000000000023" classname="utils" name="h_prep_survival_input_works_without_covariates_and_without_strata"/>
    <testcase time="0.00999999999999979" classname="utils" name="h_n_events_per_time_works_as_expected"/>
    <testcase time="0.00199999999999978" classname="utils" name="h_n_events_per_time_works_as_expected"/>
    <testcase time="0.00100000000000033" classname="utils" name="h_n_events_per_time_works_as_expected"/>
    <testcase time="0.00300000000000011" classname="utils" name="h_n_events_per_time_works_as_expected"/>
    <testcase time="0.00299999999999923" classname="utils" name="h_n_events_per_time_works_as_expected"/>
    <testcase time="0.00100000000000033" classname="utils" name="h_n_events_per_time_works_as_expected"/>
    <testcase time="0.00199999999999978" classname="utils" name="h_n_events_per_time_works_as_expected"/>
    <testcase time="0.00499999999999989" classname="utils" name="h_n_events_per_time_works_when_there_are_no_events"/>
    <testcase time="0.00100000000000033" classname="utils" name="h_n_events_per_time_works_when_there_are_no_events"/>
    <testcase time="0.000999999999999446" classname="utils" name="h_n_events_per_time_works_when_there_are_no_events"/>
    <testcase time="0.00100000000000033" classname="utils" name="h_n_events_per_time_works_when_there_are_no_events"/>
    <testcase time="0.00600000000000023" classname="utils" name="sum_vectors_in_list_works_as_expected"/>
  </testsuite>
  <testsuite name="variance" timestamp="2025-08-19T08:01:10Z" hostname="e6ab2916c3d9" tests="2" skipped="2" failures="0" errors="0" time="0.067">
    <testcase time="0.0259999999999998" classname="variance" name="vcovHC_works">
      <skipped message="Reason: On CRAN ('test-variance.R:3:3')"/>
    </testcase>
    <testcase time="0.0409999999999995" classname="variance" name="vcovG_works">
      <skipped message="Reason: On CRAN ('test-variance.R:14:3')"/>
    </testcase>
  </testsuite>
</testsuites>
