<?xml version="1.0" encoding="UTF-8"?>
<testsuites>
  <testsuite name="bias" timestamp="2025-08-22T06:07:33Z" hostname="42128d7766fe" tests="1" skipped="1" failures="0" errors="0" time="0.076">
    <testcase time="0.0760000000000001" classname="bias" name="bias_works_for_guassian">
      <skipped message="Reason: On CRAN ('test-bias.R:2:3')"/>
    </testcase>
  </testsuite>
  <testsuite name="confint" timestamp="2025-08-22T06:07:33Z" hostname="42128d7766fe" tests="4" skipped="4" failures="0" errors="0" time="0.227">
    <testcase time="0.135" classname="confint" name="confint_works_correctly">
      <skipped message="Reason: On CRAN ('test-confint.R:2:3')"/>
    </testcase>
    <testcase time="0.036" classname="confint" name="confint_works_with_parm_argument">
      <skipped message="Reason: On CRAN ('test-confint.R:10:3')"/>
    </testcase>
    <testcase time="0.03" classname="confint" name="confint_works_with_level_argument">
      <skipped message="Reason: On CRAN ('test-confint.R:23:3')"/>
    </testcase>
    <testcase time="0.026" classname="confint" name="confint_works_with_transform_argument">
      <skipped message="Reason: On CRAN ('test-confint.R:28:3')"/>
    </testcase>
  </testsuite>
  <testsuite name="find_data" timestamp="2025-08-22T06:07:33Z" hostname="42128d7766fe" tests="2" skipped="0" failures="0" errors="0" time="0.039">
    <testcase time="0.029" classname="find_data" name="find_data_works_for_glm"/>
    <testcase time="0.0099999999999999" classname="find_data" name="find_data_fails_for_lm"/>
  </testsuite>
  <testsuite name="predict_counterfactual" timestamp="2025-08-22T06:07:33Z" hostname="42128d7766fe" tests="10" skipped="5" failures="0" errors="0" time="0.218">
    <testcase time="0.022" classname="predict_counterfactual" name="predict_counterfactual_works_for_guassian">
      <skipped message="Reason: On CRAN ('test-predict_counterfactual.R:2:3')"/>
    </testcase>
    <testcase time="0.043" classname="predict_counterfactual" name="predict_counterfactual_works_for_guassian_with_lm">
      <skipped message="Reason: On CRAN ('test-predict_counterfactual.R:6:3')"/>
    </testcase>
    <testcase time="0.037" classname="predict_counterfactual" name="predict_counterfactual_works_for_binomial">
      <skipped message="Reason: On CRAN ('test-predict_counterfactual.R:10:3')"/>
    </testcase>
    <testcase time="0.0309999999999999" classname="predict_counterfactual" name="predict_counterfactual_for_negative_binomial"/>
    <testcase time="0.00900000000000001" classname="predict_counterfactual" name="predict_counterfactual_for_negative_binomial"/>
    <testcase time="0.004" classname="predict_counterfactual" name="predict_counterfactual_for_negative_binomial"/>
    <testcase time="0.005" classname="predict_counterfactual" name="predict_counterfactual_for_negative_binomial"/>
    <testcase time="0.017" classname="predict_counterfactual" name="predict_counterfactual_works_if_contrast_are_non_standard"/>
    <testcase time="0.00900000000000012" classname="predict_counterfactual" name="predict_counterfactual_works_if_contrast_are_non_standard">
      <skipped message="Reason: On CRAN ('test-predict_counterfactual.R:43:3')"/>
    </testcase>
    <testcase time="0.0409999999999999" classname="predict_counterfactual" name="predict_counterfactual_works_with_provided_vcov_function">
      <skipped message="Reason: On CRAN ('test-predict_counterfactual.R:57:3')"/>
    </testcase>
  </testsuite>
  <testsuite name="robin_glm" timestamp="2025-08-22T06:07:33Z" hostname="42128d7766fe" tests="11" skipped="1" failures="0" errors="0" time="0.165">
    <testcase time="0.036" classname="robin_glm" name="robin_glm_works_correctly"/>
    <testcase time="0.01" classname="robin_glm" name="robin_glm_works_correctly"/>
    <testcase time="0.01" classname="robin_glm" name="robin_glm_works_correctly"/>
    <testcase time="0.01" classname="robin_glm" name="robin_glm_works_correctly"/>
    <testcase time="0.016" classname="robin_glm" name="robin_glm_works_correctly"/>
    <testcase time="0.0149999999999999" classname="robin_glm" name="robin_glm_works_correctly"/>
    <testcase time="0.00800000000000001" classname="robin_glm" name="robin_glm_works_correctly"/>
    <testcase time="0.0069999999999999" classname="robin_glm" name="robin_glm_works_correctly"/>
    <testcase time="0.012" classname="robin_glm" name="robin_glm_works_correctly"/>
    <testcase time="0.026" classname="robin_glm" name="robin_glm_works_for_glm.nb"/>
    <testcase time="0.0150000000000001" classname="robin_glm" name="robin_glm_can_be_printed_correctly">
      <skipped message="Reason: On CRAN ('test-robin_glm.R:68:3')"/>
    </testcase>
  </testsuite>
  <testsuite name="robin_lm" timestamp="2025-08-22T06:07:33Z" hostname="42128d7766fe" tests="6" skipped="0" failures="0" errors="0" time="0.065">
    <testcase time="0.026" classname="robin_lm" name="h_interaction_works_correctly"/>
    <testcase time="0.004" classname="robin_lm" name="h_interaction_works_correctly"/>
    <testcase time="0.004" classname="robin_lm" name="h_interaction_works_correctly"/>
    <testcase time="0.004" classname="robin_lm" name="h_interaction_works_correctly"/>
    <testcase time="0.014" classname="robin_lm" name="robin_lm_works_correctly"/>
    <testcase time="0.0129999999999999" classname="robin_lm" name="robin_lm_works_correctly"/>
  </testsuite>
  <testsuite name="surv_effect" timestamp="2025-08-22T06:07:34Z" hostname="42128d7766fe" tests="2" skipped="2" failures="0" errors="0" time="0.769">
    <testcase time="0.39" classname="surv_effect" name="print_method_for_surv_effect_works_as_expected">
      <skipped message="Reason: On CRAN ('test-surv_effect.R:7:3')"/>
    </testcase>
    <testcase time="0.379" classname="surv_effect" name="table_method_for_surv_effect_works_as_expected">
      <skipped message="Reason: On CRAN ('test-surv_effect.R:16:3')"/>
    </testcase>
  </testsuite>
  <testsuite name="survival" timestamp="2025-08-22T06:07:34Z" hostname="42128d7766fe" tests="68" skipped="15" failures="0" errors="0" time="2.996">
    <testcase time="0.0620000000000003" classname="survival" name="h_log_hr_est_via_score_works_as_expected">
      <skipped message="Reason: On CRAN ('test-survival.R:9:3')"/>
    </testcase>
    <testcase time="0.103" classname="survival" name="h_log_hr_est_via_score_extends_the_search_interval_as_needed"/>
    <testcase time="0.00800000000000001" classname="survival" name="h_log_hr_est_via_score_extends_the_search_interval_as_needed">
      <skipped message="Reason: On CRAN ('test-survival.R:22:3')"/>
    </testcase>
    <testcase time="0.024" classname="survival" name="h_lr_test_via_score_works_as_expected">
      <skipped message="Reason: On CRAN ('test-survival.R:33:3')"/>
    </testcase>
    <testcase time="0.0640000000000001" classname="survival" name="robin_surv_comparison_works_as_expected_without_covariate_adjustment">
      <skipped message="Reason: On CRAN ('test-survival.R:52:3')"/>
    </testcase>
    <testcase time="0.0640000000000001" classname="survival" name="robin_surv_no_strata_no_cov_works_as_expected">
      <skipped message="Reason: On CRAN ('test-survival.R:67:3')"/>
    </testcase>
    <testcase time="0.0430000000000001" classname="survival" name="robin_surv_no_strata_no_cov_gives_the_same_results_as_RobinCar_functions"/>
    <testcase time="0.004" classname="survival" name="robin_surv_no_strata_no_cov_gives_the_same_results_as_RobinCar_functions"/>
    <testcase time="0.00299999999999967" classname="survival" name="robin_surv_no_strata_no_cov_gives_the_same_results_as_RobinCar_functions"/>
    <testcase time="0.004" classname="survival" name="robin_surv_no_strata_no_cov_gives_the_same_results_as_RobinCar_functions"/>
    <testcase time="0.104" classname="survival" name="robin_surv_strata_works_as_expected">
      <skipped message="Reason: On CRAN ('test-survival.R:109:3')"/>
    </testcase>
    <testcase time="0.0590000000000002" classname="survival" name="robin_surv_strata_gives_the_same_results_as_RobinCar_functions"/>
    <testcase time="0.004" classname="survival" name="robin_surv_strata_gives_the_same_results_as_RobinCar_functions"/>
    <testcase time="0.004" classname="survival" name="robin_surv_strata_gives_the_same_results_as_RobinCar_functions"/>
    <testcase time="0.004" classname="survival" name="robin_surv_strata_gives_the_same_results_as_RobinCar_functions"/>
    <testcase time="0.184" classname="survival" name="robin_surv_cov_works_as_expected">
      <skipped message="Reason: On CRAN ('test-survival.R:151:3')"/>
    </testcase>
    <testcase time="0.149" classname="survival" name="robin_surv_cov_gives_the_same_results_as_RobinCar_functions"/>
    <testcase time="0.004" classname="survival" name="robin_surv_cov_gives_the_same_results_as_RobinCar_functions"/>
    <testcase time="0.004" classname="survival" name="robin_surv_cov_gives_the_same_results_as_RobinCar_functions"/>
    <testcase time="0.004" classname="survival" name="robin_surv_cov_gives_the_same_results_as_RobinCar_functions"/>
    <testcase time="0.213" classname="survival" name="robin_surv_strata_cov_works_as_expected">
      <skipped message="Reason: On CRAN ('test-survival.R:194:3')"/>
    </testcase>
    <testcase time="0.224" classname="survival" name="robin_surv_strata_cov_gives_the_same_results_as_RobinCar_functions"/>
    <testcase time="0.004" classname="survival" name="robin_surv_strata_cov_gives_the_same_results_as_RobinCar_functions"/>
    <testcase time="0.00300000000000011" classname="survival" name="robin_surv_strata_cov_gives_the_same_results_as_RobinCar_functions"/>
    <testcase time="0.004" classname="survival" name="robin_surv_strata_cov_gives_the_same_results_as_RobinCar_functions"/>
    <testcase time="0.0139999999999998" classname="survival" name="h_hr_coef_mat_works_as_expected">
      <skipped message="Reason: On CRAN ('test-survival.R:235:3')"/>
    </testcase>
    <testcase time="0.028" classname="survival" name="h_hr_coef_mat_works_as_expected_for_multiple_comparisons">
      <skipped message="Reason: On CRAN ('test-survival.R:248:3')"/>
    </testcase>
    <testcase time="0.016" classname="survival" name="h_test_mat_works_as_expected">
      <skipped message="Reason: On CRAN ('test-survival.R:261:3')"/>
    </testcase>
    <testcase time="0.0209999999999999" classname="survival" name="h_events_table_works_as_expected_with_strata"/>
    <testcase time="0.00900000000000034" classname="survival" name="h_events_table_works_as_expected_without_strata"/>
    <testcase time="0.0379999999999998" classname="survival" name="robin_surv_works_as_expected_without_strata_or_covariates"/>
    <testcase time="0.00600000000000023" classname="survival" name="robin_surv_works_as_expected_without_strata_or_covariates">
      <skipped message="Reason: On CRAN ('test-survival.R:304:3')"/>
    </testcase>
    <testcase time="0.0469999999999997" classname="survival" name="robin_surv_gives_the_same_results_as_RobinCar_functions_without_strata_or_covariates"/>
    <testcase time="0.004" classname="survival" name="robin_surv_gives_the_same_results_as_RobinCar_functions_without_strata_or_covariates"/>
    <testcase time="0.00499999999999989" classname="survival" name="robin_surv_gives_the_same_results_as_RobinCar_functions_without_strata_or_covariates"/>
    <testcase time="0.004" classname="survival" name="robin_surv_gives_the_same_results_as_RobinCar_functions_without_strata_or_covariates"/>
    <testcase time="0.1" classname="survival" name="robin_surv_works_as_expected_with_strata"/>
    <testcase time="0.00600000000000023" classname="survival" name="robin_surv_works_as_expected_with_strata">
      <skipped message="Reason: On CRAN ('test-survival.R:337:3')"/>
    </testcase>
    <testcase time="0.0600000000000001" classname="survival" name="robin_surv_gives_the_same_results_as_RobinCar_functions_with_strata"/>
    <testcase time="0.004" classname="survival" name="robin_surv_gives_the_same_results_as_RobinCar_functions_with_strata"/>
    <testcase time="0.004" classname="survival" name="robin_surv_gives_the_same_results_as_RobinCar_functions_with_strata"/>
    <testcase time="0.00299999999999967" classname="survival" name="robin_surv_gives_the_same_results_as_RobinCar_functions_with_strata"/>
    <testcase time="0.139" classname="survival" name="robin_surv_works_as_expected_with_covariates"/>
    <testcase time="0.00599999999999978" classname="survival" name="robin_surv_works_as_expected_with_covariates">
      <skipped message="Reason: On CRAN ('test-survival.R:370:3')"/>
    </testcase>
    <testcase time="0.128" classname="survival" name="robin_surv_gives_the_same_results_as_RobinCar_functions_with_covariates"/>
    <testcase time="0.00400000000000045" classname="survival" name="robin_surv_gives_the_same_results_as_RobinCar_functions_with_covariates"/>
    <testcase time="0.00899999999999945" classname="survival" name="robin_surv_gives_the_same_results_as_RobinCar_functions_with_covariates"/>
    <testcase time="0.00400000000000045" classname="survival" name="robin_surv_gives_the_same_results_as_RobinCar_functions_with_covariates"/>
    <testcase time="0.199999999999999" classname="survival" name="robin_surv_works_as_expected_with_strata_and_covariates"/>
    <testcase time="0.00500000000000078" classname="survival" name="robin_surv_works_as_expected_with_strata_and_covariates">
      <skipped message="Reason: On CRAN ('test-survival.R:403:3')"/>
    </testcase>
    <testcase time="0.189" classname="survival" name="robin_surv_gives_the_same_results_as_RobinCar_functions_with_strata_and_covariates"/>
    <testcase time="0.00400000000000045" classname="survival" name="robin_surv_gives_the_same_results_as_RobinCar_functions_with_strata_and_covariates"/>
    <testcase time="0.00399999999999956" classname="survival" name="robin_surv_gives_the_same_results_as_RobinCar_functions_with_strata_and_covariates"/>
    <testcase time="0.00400000000000045" classname="survival" name="robin_surv_gives_the_same_results_as_RobinCar_functions_with_strata_and_covariates"/>
    <testcase time="0.178999999999999" classname="survival" name="robin_surv_also_works_with_multiple_pairwise_comparisons"/>
    <testcase time="0.00200000000000067" classname="survival" name="robin_surv_also_works_with_multiple_pairwise_comparisons"/>
    <testcase time="0.000999999999999446" classname="survival" name="robin_surv_also_works_with_multiple_pairwise_comparisons"/>
    <testcase time="0.00199999999999978" classname="survival" name="robin_surv_also_works_with_multiple_pairwise_comparisons"/>
    <testcase time="0.00100000000000033" classname="survival" name="robin_surv_also_works_with_multiple_pairwise_comparisons"/>
    <testcase time="0.0629999999999997" classname="survival" name="robin_surv_allows_the_user_to_optionally_define_the_comparisons_of_interest"/>
    <testcase time="0.00100000000000033" classname="survival" name="robin_surv_allows_the_user_to_optionally_define_the_comparisons_of_interest"/>
    <testcase time="0.00199999999999978" classname="survival" name="robin_surv_allows_the_user_to_optionally_define_the_comparisons_of_interest"/>
    <testcase time="0.00100000000000033" classname="survival" name="robin_surv_allows_the_user_to_optionally_define_the_comparisons_of_interest"/>
    <testcase time="0.00100000000000033" classname="survival" name="robin_surv_allows_the_user_to_optionally_define_the_comparisons_of_interest"/>
    <testcase time="0.321" classname="survival" name="robin_surv_allows_to_use_unadjusted_standard_error"/>
    <testcase time="0.00300000000000011" classname="survival" name="robin_surv_allows_to_use_unadjusted_standard_error"/>
    <testcase time="0.00399999999999956" classname="survival" name="robin_surv_allows_to_use_unadjusted_standard_error"/>
    <testcase time="0.00300000000000011" classname="survival" name="robin_surv_allows_to_use_unadjusted_standard_error"/>
  </testsuite>
  <testsuite name="survival_cov_adj" timestamp="2025-08-22T06:07:37Z" hostname="42128d7766fe" tests="24" skipped="2" failures="0" errors="0" time="0.117">
    <testcase time="0.0209999999999999" classname="survival_cov_adj" name="h_derived_outcome_vals_works_as_expected"/>
    <testcase time="0.00700000000000056" classname="survival_cov_adj" name="h_derived_outcome_vals_works_as_expected"/>
    <testcase time="0.016" classname="survival_cov_adj" name="h_strat_derived_outcome_vals_works_as_expected"/>
    <testcase time="0.000999999999999446" classname="survival_cov_adj" name="h_strat_derived_outcome_vals_works_as_expected"/>
    <testcase time="0.00300000000000011" classname="survival_cov_adj" name="h_strat_derived_outcome_vals_works_as_expected"/>
    <testcase time="0.00699999999999967" classname="survival_cov_adj" name="h_get_lm_input_works_as_expected"/>
    <testcase time="0.00100000000000033" classname="survival_cov_adj" name="h_get_lm_input_works_as_expected"/>
    <testcase time="0.00100000000000033" classname="survival_cov_adj" name="h_get_lm_input_works_as_expected"/>
    <testcase time="0.000999999999999446" classname="survival_cov_adj" name="h_get_lm_input_works_as_expected"/>
    <testcase time="0.00100000000000033" classname="survival_cov_adj" name="h_get_lm_input_works_as_expected"/>
    <testcase time="0.000999999999999446" classname="survival_cov_adj" name="h_get_lm_input_works_as_expected"/>
    <testcase time="0.00100000000000033" classname="survival_cov_adj" name="h_get_lm_input_works_as_expected"/>
    <testcase time="0.00699999999999967" classname="survival_cov_adj" name="h_get_strat_lm_input_works_as_expected"/>
    <testcase time="0.00199999999999978" classname="survival_cov_adj" name="h_get_strat_lm_input_works_as_expected"/>
    <testcase time="0.00100000000000033" classname="survival_cov_adj" name="h_get_strat_lm_input_works_as_expected"/>
    <testcase time="0.00100000000000033" classname="survival_cov_adj" name="h_get_strat_lm_input_works_as_expected"/>
    <testcase time="0.000999999999999446" classname="survival_cov_adj" name="h_get_strat_lm_input_works_as_expected"/>
    <testcase time="0.00100000000000033" classname="survival_cov_adj" name="h_get_strat_lm_input_works_as_expected"/>
    <testcase time="0.000999999999999446" classname="survival_cov_adj" name="h_get_strat_lm_input_works_as_expected"/>
    <testcase time="0.00100000000000033" classname="survival_cov_adj" name="h_get_strat_lm_input_works_as_expected"/>
    <testcase time="0.0179999999999998" classname="survival_cov_adj" name="h_get_beta_estimates_works_as_expected">
      <skipped message="Reason: On CRAN ('test-survival_cov_adj.R:110:3')"/>
    </testcase>
    <testcase time="0.0180000000000007" classname="survival_cov_adj" name="h_get_strat_beta_estimates_works_as_expected"/>
    <testcase time="0.00199999999999978" classname="survival_cov_adj" name="h_get_strat_beta_estimates_works_as_expected"/>
    <testcase time="0.00300000000000011" classname="survival_cov_adj" name="h_get_strat_beta_estimates_works_as_expected">
      <skipped message="Reason: On CRAN ('test-survival_cov_adj.R:134:3')"/>
    </testcase>
  </testsuite>
  <testsuite name="survival_score" timestamp="2025-08-22T06:07:37Z" hostname="42128d7766fe" tests="13" skipped="11" failures="0" errors="0" time="0.472">
    <testcase time="0.0299999999999994" classname="survival_score" name="h_lr_score_no_strata_no_cov_works_as_expected_with_default_options">
      <skipped message="Reason: On CRAN ('test-survival_score.R:9:3')"/>
    </testcase>
    <testcase time="0.0230000000000006" classname="survival_score" name="h_lr_score_no_strata_no_cov_works_as_expected_with_custom_n">
      <skipped message="Reason: On CRAN ('test-survival_score.R:21:3')"/>
    </testcase>
    <testcase time="0.0219999999999994" classname="survival_score" name="h_lr_score_no_strata_no_cov_works_as_expected_when_not_using_ties_factor">
      <skipped message="Reason: On CRAN ('test-survival_score.R:33:3')"/>
    </testcase>
    <testcase time="0.0350000000000001" classname="survival_score" name="h_lr_score_no_strata_no_cov_works_as_expected_with_multiple_theta_values"/>
    <testcase time="0.0180000000000007" classname="survival_score" name="h_lr_score_strat_works_as_expected_with_default_options">
      <skipped message="Reason: On CRAN ('test-survival_score.R:68:3')"/>
    </testcase>
    <testcase time="0.0329999999999995" classname="survival_score" name="h_lr_score_strat_works_as_expected_when_not_using_ties_factor">
      <skipped message="Reason: On CRAN ('test-survival_score.R:81:3')"/>
    </testcase>
    <testcase time="0.0529999999999999" classname="survival_score" name="h_lr_score_strat_works_as_expected_with_multiple_theta_values"/>
    <testcase time="0.0220000000000002" classname="survival_score" name="h_lr_score_cov_works_as_expected_with_default_options">
      <skipped message="Reason: On CRAN ('test-survival_score.R:118:3')"/>
    </testcase>
    <testcase time="0.0309999999999997" classname="survival_score" name="h_lr_score_cov_works_as_expected_when_not_using_ties_factor">
      <skipped message="Reason: On CRAN ('test-survival_score.R:131:3')"/>
    </testcase>
    <testcase time="0.0410000000000004" classname="survival_score" name="h_lr_score_cov_works_when_using_the_unadjusted_standard_error_option">
      <skipped message="Reason: On CRAN ('test-survival_score.R:146:3')"/>
    </testcase>
    <testcase time="0.0510000000000002" classname="survival_score" name="h_lr_score_strat_cov_works_as_expected_with_default_options">
      <skipped message="Reason: On CRAN ('test-survival_score.R:179:3')"/>
    </testcase>
    <testcase time="0.0539999999999994" classname="survival_score" name="h_lr_score_strat_cov_works_as_expected_when_not_using_ties_factor">
      <skipped message="Reason: On CRAN ('test-survival_score.R:193:3')"/>
    </testcase>
    <testcase time="0.0590000000000002" classname="survival_score" name="h_lr_score_strat_cov_works_as_expected_with_unadjusted_standard_error">
      <skipped message="Reason: On CRAN ('test-survival_score.R:209:3')"/>
    </testcase>
  </testsuite>
  <testsuite name="treatment_effect" timestamp="2025-08-22T06:07:38Z" hostname="42128d7766fe" tests="40" skipped="3" failures="0" errors="0" time="0.359">
    <testcase time="0.0209999999999999" classname="treatment_effect" name="h_diff_works_as_expected"/>
    <testcase time="0.00300000000000011" classname="treatment_effect" name="h_diff_works_as_expected"/>
    <testcase time="0.00600000000000023" classname="treatment_effect" name="h_jac_diff_work_as_expected"/>
    <testcase time="0.00300000000000011" classname="treatment_effect" name="h_jac_diff_work_as_expected"/>
    <testcase time="0.00600000000000023" classname="treatment_effect" name="h_risk_ratio_works_as_expected"/>
    <testcase time="0.00299999999999923" classname="treatment_effect" name="h_risk_ratio_works_as_expected"/>
    <testcase time="0.016" classname="treatment_effect" name="h_jac_risk_ratio_work_as_expected"/>
    <testcase time="0.00400000000000045" classname="treatment_effect" name="h_jac_risk_ratio_work_as_expected"/>
    <testcase time="0.00800000000000001" classname="treatment_effect" name="h_odds_ratio_works_as_expected"/>
    <testcase time="0.00300000000000011" classname="treatment_effect" name="h_odds_ratio_works_as_expected"/>
    <testcase time="0.00699999999999967" classname="treatment_effect" name="h_jac_odds_ratio_work_as_expected"/>
    <testcase time="0.00499999999999989" classname="treatment_effect" name="h_jac_odds_ratio_work_as_expected"/>
    <testcase time="0.00600000000000023" classname="treatment_effect" name="h_log_risk_ratio_works_as_expected"/>
    <testcase time="0.00300000000000011" classname="treatment_effect" name="h_log_risk_ratio_works_as_expected"/>
    <testcase time="0.00600000000000023" classname="treatment_effect" name="h_jac_risk_ratio_work_as_expected"/>
    <testcase time="0.00300000000000011" classname="treatment_effect" name="h_jac_risk_ratio_work_as_expected"/>
    <testcase time="0.00699999999999967" classname="treatment_effect" name="h_log_odds_ratio_works_as_expected"/>
    <testcase time="0.00300000000000011" classname="treatment_effect" name="h_log_odds_ratio_works_as_expected"/>
    <testcase time="0.00599999999999934" classname="treatment_effect" name="h_jac_log_odds_ratio_work_as_expected"/>
    <testcase time="0.00700000000000056" classname="treatment_effect" name="h_jac_log_odds_ratio_work_as_expected"/>
    <testcase time="0.00899999999999945" classname="treatment_effect" name="eff_jacob_works_as_expected"/>
    <testcase time="0.00500000000000078" classname="treatment_effect" name="eff_jacob_works_as_expected"/>
    <testcase time="0.00499999999999989" classname="treatment_effect" name="eff_jacob_works_as_expected"/>
    <testcase time="0.00399999999999956" classname="treatment_effect" name="eff_jacob_works_as_expected"/>
    <testcase time="0.00499999999999989" classname="treatment_effect" name="eff_jacob_works_as_expected"/>
    <testcase time="0.0100000000000007" classname="treatment_effect" name="treatment_effect_works_as_expected"/>
    <testcase time="0.00299999999999923" classname="treatment_effect" name="treatment_effect_works_as_expected"/>
    <testcase time="0.00400000000000045" classname="treatment_effect" name="treatment_effect_works_as_expected"/>
    <testcase time="0.00499999999999989" classname="treatment_effect" name="treatment_effect_works_as_expected"/>
    <testcase time="0.00400000000000045" classname="treatment_effect" name="treatment_effect_works_as_expected"/>
    <testcase time="0.00499999999999989" classname="treatment_effect" name="treatment_effect_works_as_expected"/>
    <testcase time="0.00399999999999956" classname="treatment_effect" name="treatment_effect_works_as_expected"/>
    <testcase time="0.00400000000000045" classname="treatment_effect" name="treatment_effect_works_as_expected"/>
    <testcase time="0.00599999999999934" classname="treatment_effect" name="treatment_effect_works_as_expected"/>
    <testcase time="0.0100000000000007" classname="treatment_effect" name="treatment_effect_works_as_expected"/>
    <testcase time="0.00599999999999934" classname="treatment_effect" name="treatment_effect_works_as_expected"/>
    <testcase time="0.0130000000000008" classname="treatment_effect" name="treatment_effect_works_as_expected_for_custom_contrast"/>
    <testcase time="0.0289999999999999" classname="treatment_effect" name="treatment_effect_works_for_lm_glm_object">
      <skipped message="Reason: On CRAN ('test-treatment_effect.R:257:3')"/>
    </testcase>
    <testcase time="0.0509999999999993" classname="treatment_effect" name="treatment_effect_works_if_variance_is_not_used">
      <skipped message="Reason: On CRAN ('test-treatment_effect.R:262:3')"/>
    </testcase>
    <testcase time="0.0510000000000002" classname="treatment_effect" name="treatment_effect_works_if_pair_is_defined">
      <skipped message="Reason: On CRAN ('test-treatment_effect.R:266:3')"/>
    </testcase>
  </testsuite>
  <testsuite name="utils" timestamp="2025-08-22T06:07:38Z" hostname="42128d7766fe" tests="36" skipped="0" failures="0" errors="0" time="0.202">
    <testcase time="0.0310000000000006" classname="utils" name="h_get_vars_works_for_formula"/>
    <testcase time="0.00499999999999989" classname="utils" name="h_get_vars_works_for_formula"/>
    <testcase time="0.00800000000000001" classname="utils" name="h_get_vars_works_for_formula"/>
    <testcase time="0.00699999999999967" classname="utils" name="h_get_vars_works_for_formula"/>
    <testcase time="0.00699999999999967" classname="utils" name="h_get_vars_works_for_formula"/>
    <testcase time="0.00800000000000001" classname="utils" name="h_get_vars_works_for_formula"/>
    <testcase time="0.00700000000000056" classname="utils" name="h_get_vars_works_for_formula"/>
    <testcase time="0.00699999999999967" classname="utils" name="h_get_vars_works_for_formula"/>
    <testcase time="0.00800000000000001" classname="utils" name="h_get_vars_works_for_formula_with_schemas"/>
    <testcase time="0.00400000000000045" classname="utils" name="h_get_vars_works_for_formula_with_schemas"/>
    <testcase time="0.00199999999999978" classname="utils" name="h_get_vars_works_for_formula_with_schemas"/>
    <testcase time="0.00399999999999956" classname="utils" name="h_get_vars_works_for_formula_with_schemas"/>
    <testcase time="0.00300000000000011" classname="utils" name="h_get_vars_works_for_formula_with_schemas"/>
    <testcase time="0.00300000000000011" classname="utils" name="h_get_vars_works_for_formula_with_schemas"/>
    <testcase time="0.00199999999999978" classname="utils" name="h_get_vars_works_for_formula_with_schemas"/>
    <testcase time="0.00300000000000011" classname="utils" name="h_get_vars_works_for_formula_with_schemas"/>
    <testcase time="0.0100000000000007" classname="utils" name="h_prep_survival_input_works_with_strata"/>
    <testcase time="0.00800000000000001" classname="utils" name="h_prep_survival_input_works_with_strata"/>
    <testcase time="0.00599999999999934" classname="utils" name="h_prep_survival_input_works_without_strata"/>
    <testcase time="0.00600000000000023" classname="utils" name="h_prep_survival_input_works_without_strata"/>
    <testcase time="0.00600000000000023" classname="utils" name="h_prep_survival_input_works_without_covariates"/>
    <testcase time="0.00599999999999934" classname="utils" name="h_prep_survival_input_works_without_covariates"/>
    <testcase time="0.00600000000000023" classname="utils" name="h_prep_survival_input_works_without_covariates_and_without_strata"/>
    <testcase time="0.00600000000000023" classname="utils" name="h_prep_survival_input_works_without_covariates_and_without_strata"/>
    <testcase time="0.00600000000000023" classname="utils" name="h_n_events_per_time_works_as_expected"/>
    <testcase time="0.00199999999999978" classname="utils" name="h_n_events_per_time_works_as_expected"/>
    <testcase time="0.00100000000000033" classname="utils" name="h_n_events_per_time_works_as_expected"/>
    <testcase time="0.00299999999999923" classname="utils" name="h_n_events_per_time_works_as_expected"/>
    <testcase time="0.00600000000000023" classname="utils" name="h_n_events_per_time_works_as_expected"/>
    <testcase time="0.00199999999999978" classname="utils" name="h_n_events_per_time_works_as_expected"/>
    <testcase time="0.00300000000000011" classname="utils" name="h_n_events_per_time_works_as_expected"/>
    <testcase time="0.00600000000000023" classname="utils" name="h_n_events_per_time_works_when_there_are_no_events"/>
    <testcase time="0.00100000000000033" classname="utils" name="h_n_events_per_time_works_when_there_are_no_events"/>
    <testcase time="0.00199999999999978" classname="utils" name="h_n_events_per_time_works_when_there_are_no_events"/>
    <testcase time="0.00100000000000033" classname="utils" name="h_n_events_per_time_works_when_there_are_no_events"/>
    <testcase time="0.00599999999999934" classname="utils" name="sum_vectors_in_list_works_as_expected"/>
  </testsuite>
  <testsuite name="variance" timestamp="2025-08-22T06:07:38Z" hostname="42128d7766fe" tests="2" skipped="2" failures="0" errors="0" time="0.067">
    <testcase time="0.0280000000000005" classname="variance" name="vcovHC_works">
      <skipped message="Reason: On CRAN ('test-variance.R:3:3')"/>
    </testcase>
    <testcase time="0.0389999999999997" classname="variance" name="vcovG_works">
      <skipped message="Reason: On CRAN ('test-variance.R:14:3')"/>
    </testcase>
  </testsuite>
</testsuites>
