<?xml version="1.0" encoding="UTF-8"?>
<testsuites>
  <testsuite name="bias" timestamp="2025-07-25T06:04:07Z" hostname="af7e582089bb" tests="1" skipped="1" failures="0" errors="0" time="0.095">
    <testcase time="0.095" classname="bias" name="bias_works_for_guassian">
      <skipped message="Reason: On CRAN ('test-bias.R:2:3')"/>
    </testcase>
  </testsuite>
  <testsuite name="find_data" timestamp="2025-07-25T06:04:07Z" hostname="af7e582089bb" tests="2" skipped="0" failures="0" errors="0" time="0.094">
    <testcase time="0.078" classname="find_data" name="find_data_works_for_glm"/>
    <testcase time="0.016" classname="find_data" name="find_data_fails_for_lm"/>
  </testsuite>
  <testsuite name="predict_counterfactual" timestamp="2025-07-25T06:04:07Z" hostname="af7e582089bb" tests="9" skipped="4" failures="0" errors="0" time="0.246">
    <testcase time="0.0810000000000001" classname="predict_counterfactual" name="predict_counterfactual_works_for_guassian">
      <skipped message="Reason: On CRAN ('test-predict_counterfactual.R:2:3')"/>
    </testcase>
    <testcase time="0.0479999999999999" classname="predict_counterfactual" name="predict_counterfactual_works_for_guassian_with_lm">
      <skipped message="Reason: On CRAN ('test-predict_counterfactual.R:6:3')"/>
    </testcase>
    <testcase time="0.05" classname="predict_counterfactual" name="predict_counterfactual_works_for_binomial">
      <skipped message="Reason: On CRAN ('test-predict_counterfactual.R:10:3')"/>
    </testcase>
    <testcase time="0.03" classname="predict_counterfactual" name="predict_counterfactual_for_negative_binomial"/>
    <testcase time="0.004" classname="predict_counterfactual" name="predict_counterfactual_for_negative_binomial"/>
    <testcase time="0.004" classname="predict_counterfactual" name="predict_counterfactual_for_negative_binomial"/>
    <testcase time="0.005" classname="predict_counterfactual" name="predict_counterfactual_for_negative_binomial"/>
    <testcase time="0.0159999999999999" classname="predict_counterfactual" name="predict_counterfactual_works_if_contrast_are_non_standard"/>
    <testcase time="0.00800000000000001" classname="predict_counterfactual" name="predict_counterfactual_works_if_contrast_are_non_standard">
      <skipped message="Reason: On CRAN ('test-predict_counterfactual.R:46:3')"/>
    </testcase>
  </testsuite>
  <testsuite name="robin_glm" timestamp="2025-07-25T06:04:07Z" hostname="af7e582089bb" tests="10" skipped="0" failures="0" errors="0" time="0.142">
    <testcase time="0.034" classname="robin_glm" name="robin_glm_works_correctly"/>
    <testcase time="0.013" classname="robin_glm" name="robin_glm_works_correctly"/>
    <testcase time="0.00900000000000001" classname="robin_glm" name="robin_glm_works_correctly"/>
    <testcase time="0.01" classname="robin_glm" name="robin_glm_works_correctly"/>
    <testcase time="0.014" classname="robin_glm" name="robin_glm_works_correctly"/>
    <testcase time="0.014" classname="robin_glm" name="robin_glm_works_correctly"/>
    <testcase time="0.00700000000000001" classname="robin_glm" name="robin_glm_works_correctly"/>
    <testcase time="0.00700000000000001" classname="robin_glm" name="robin_glm_works_correctly"/>
    <testcase time="0.0109999999999999" classname="robin_glm" name="robin_glm_works_correctly"/>
    <testcase time="0.023" classname="robin_glm" name="robin_glm_works_for_glm.nb"/>
  </testsuite>
  <testsuite name="robin_lm" timestamp="2025-07-25T06:04:08Z" hostname="af7e582089bb" tests="6" skipped="0" failures="0" errors="0" time="0.053">
    <testcase time="0.015" classname="robin_lm" name="h_interaction_works_correctly"/>
    <testcase time="0.00500000000000012" classname="robin_lm" name="h_interaction_works_correctly"/>
    <testcase time="0.004" classname="robin_lm" name="h_interaction_works_correctly"/>
    <testcase time="0.004" classname="robin_lm" name="h_interaction_works_correctly"/>
    <testcase time="0.0129999999999999" classname="robin_lm" name="robin_lm_works_correctly"/>
    <testcase time="0.012" classname="robin_lm" name="robin_lm_works_correctly"/>
  </testsuite>
  <testsuite name="treatment_effect" timestamp="2025-07-25T06:04:08Z" hostname="af7e582089bb" tests="27" skipped="3" failures="0" errors="0" time="0.283">
    <testcase time="0.0129999999999999" classname="treatment_effect" name="h_diff_works_as_expected"/>
    <testcase time="0.004" classname="treatment_effect" name="h_diff_works_as_expected"/>
    <testcase time="0.00800000000000001" classname="treatment_effect" name="h_jac_diff_work_as_expected"/>
    <testcase time="0.004" classname="treatment_effect" name="h_jac_diff_work_as_expected"/>
    <testcase time="0.00800000000000001" classname="treatment_effect" name="h_risk_ratio_works_as_expected"/>
    <testcase time="0.004" classname="treatment_effect" name="h_risk_ratio_works_as_expected"/>
    <testcase time="0.01" classname="treatment_effect" name="h_jac_risk_ratio_work_as_expected"/>
    <testcase time="0.00500000000000012" classname="treatment_effect" name="h_jac_risk_ratio_work_as_expected"/>
    <testcase time="0.01" classname="treatment_effect" name="h_odds_ratio_works_as_expected"/>
    <testcase time="0.00800000000000001" classname="treatment_effect" name="h_odds_ratio_works_as_expected"/>
    <testcase time="0.01" classname="treatment_effect" name="h_jac_odds_ratio_work_as_expected"/>
    <testcase time="0.00600000000000001" classname="treatment_effect" name="h_jac_odds_ratio_work_as_expected"/>
    <testcase time="0.012" classname="treatment_effect" name="treatment_effect_works_as_expected"/>
    <testcase time="0.00299999999999989" classname="treatment_effect" name="treatment_effect_works_as_expected"/>
    <testcase time="0.00300000000000011" classname="treatment_effect" name="treatment_effect_works_as_expected"/>
    <testcase time="0.00499999999999989" classname="treatment_effect" name="treatment_effect_works_as_expected"/>
    <testcase time="0.00299999999999989" classname="treatment_effect" name="treatment_effect_works_as_expected"/>
    <testcase time="0.00500000000000012" classname="treatment_effect" name="treatment_effect_works_as_expected"/>
    <testcase time="0.00499999999999989" classname="treatment_effect" name="treatment_effect_works_as_expected"/>
    <testcase time="0.004" classname="treatment_effect" name="treatment_effect_works_as_expected"/>
    <testcase time="0.00500000000000012" classname="treatment_effect" name="treatment_effect_works_as_expected"/>
    <testcase time="0.004" classname="treatment_effect" name="treatment_effect_works_as_expected"/>
    <testcase time="0.00499999999999989" classname="treatment_effect" name="treatment_effect_works_as_expected"/>
    <testcase time="0.0130000000000001" classname="treatment_effect" name="treatment_effect_works_as_expected_for_custom_contrast"/>
    <testcase time="0.0309999999999999" classname="treatment_effect" name="treatment_effect_works_for_lm_glm_object">
      <skipped message="Reason: On CRAN ('test-treatment_effect.R:156:3')"/>
    </testcase>
    <testcase time="0.0430000000000001" classname="treatment_effect" name="treatment_effect_works_if_variance_is_not_used">
      <skipped message="Reason: On CRAN ('test-treatment_effect.R:161:3')"/>
    </testcase>
    <testcase time="0.0519999999999998" classname="treatment_effect" name="treatment_effect_works_if_pair_is_defined">
      <skipped message="Reason: On CRAN ('test-treatment_effect.R:165:3')"/>
    </testcase>
  </testsuite>
  <testsuite name="utils" timestamp="2025-07-25T06:04:08Z" hostname="af7e582089bb" tests="16" skipped="0" failures="0" errors="0" time="0.102">
    <testcase time="0.024" classname="utils" name="h_get_vars_works_for_formula"/>
    <testcase time="0.004" classname="utils" name="h_get_vars_works_for_formula"/>
    <testcase time="0.00700000000000012" classname="utils" name="h_get_vars_works_for_formula"/>
    <testcase time="0.0069999999999999" classname="utils" name="h_get_vars_works_for_formula"/>
    <testcase time="0.00700000000000012" classname="utils" name="h_get_vars_works_for_formula"/>
    <testcase time="0.00600000000000001" classname="utils" name="h_get_vars_works_for_formula"/>
    <testcase time="0.0069999999999999" classname="utils" name="h_get_vars_works_for_formula"/>
    <testcase time="0.00700000000000012" classname="utils" name="h_get_vars_works_for_formula"/>
    <testcase time="0.0069999999999999" classname="utils" name="h_get_vars_works_for_formula_with_schemas"/>
    <testcase time="0.0069999999999999" classname="utils" name="h_get_vars_works_for_formula_with_schemas"/>
    <testcase time="0.002" classname="utils" name="h_get_vars_works_for_formula_with_schemas"/>
    <testcase time="0.004" classname="utils" name="h_get_vars_works_for_formula_with_schemas"/>
    <testcase time="0.00300000000000011" classname="utils" name="h_get_vars_works_for_formula_with_schemas"/>
    <testcase time="0.00299999999999989" classname="utils" name="h_get_vars_works_for_formula_with_schemas"/>
    <testcase time="0.00300000000000011" classname="utils" name="h_get_vars_works_for_formula_with_schemas"/>
    <testcase time="0.004" classname="utils" name="h_get_vars_works_for_formula_with_schemas"/>
  </testsuite>
  <testsuite name="variance" timestamp="2025-07-25T06:04:08Z" hostname="af7e582089bb" tests="2" skipped="2" failures="0" errors="0" time="0.059">
    <testcase time="0.026" classname="variance" name="vcovHC_works">
      <skipped message="Reason: On CRAN ('test-variance.R:3:3')"/>
    </testcase>
    <testcase time="0.0329999999999999" classname="variance" name="vcovG_works">
      <skipped message="Reason: On CRAN ('test-variance.R:14:3')"/>
    </testcase>
  </testsuite>
</testsuites>
