<?xml version="1.0" encoding="UTF-8"?>
<testsuites>
  <testsuite name="bias" timestamp="2025-08-20T06:04:20Z" hostname="4b61556b3702" tests="1" skipped="1" failures="0" errors="0" time="0.077">
    <testcase time="0.077" classname="bias" name="bias_works_for_guassian">
      <skipped message="Reason: On CRAN ('test-bias.R:2:3')"/>
    </testcase>
  </testsuite>
  <testsuite name="confint" timestamp="2025-08-20T06:04:20Z" hostname="4b61556b3702" tests="4" skipped="4" failures="0" errors="0" time="0.212">
    <testcase time="0.128" classname="confint" name="confint_works_correctly">
      <skipped message="Reason: On CRAN ('test-confint.R:2:3')"/>
    </testcase>
    <testcase time="0.033" classname="confint" name="confint_works_with_parm_argument">
      <skipped message="Reason: On CRAN ('test-confint.R:7:3')"/>
    </testcase>
    <testcase time="0.0279999999999999" classname="confint" name="confint_works_with_level_argument">
      <skipped message="Reason: On CRAN ('test-confint.R:20:3')"/>
    </testcase>
    <testcase time="0.023" classname="confint" name="confint_works_with_transform_argument">
      <skipped message="Reason: On CRAN ('test-confint.R:25:3')"/>
    </testcase>
  </testsuite>
  <testsuite name="find_data" timestamp="2025-08-20T06:04:20Z" hostname="4b61556b3702" tests="2" skipped="0" failures="0" errors="0" time="0.041">
    <testcase time="0.032" classname="find_data" name="find_data_works_for_glm"/>
    <testcase time="0.00900000000000001" classname="find_data" name="find_data_fails_for_lm"/>
  </testsuite>
  <testsuite name="predict_counterfactual" timestamp="2025-08-20T06:04:20Z" hostname="4b61556b3702" tests="9" skipped="4" failures="0" errors="0" time="0.164">
    <testcase time="0.021" classname="predict_counterfactual" name="predict_counterfactual_works_for_guassian">
      <skipped message="Reason: On CRAN ('test-predict_counterfactual.R:2:3')"/>
    </testcase>
    <testcase time="0.0399999999999999" classname="predict_counterfactual" name="predict_counterfactual_works_for_guassian_with_lm">
      <skipped message="Reason: On CRAN ('test-predict_counterfactual.R:6:3')"/>
    </testcase>
    <testcase time="0.036" classname="predict_counterfactual" name="predict_counterfactual_works_for_binomial">
      <skipped message="Reason: On CRAN ('test-predict_counterfactual.R:10:3')"/>
    </testcase>
    <testcase time="0.029" classname="predict_counterfactual" name="predict_counterfactual_for_negative_binomial"/>
    <testcase time="0.004" classname="predict_counterfactual" name="predict_counterfactual_for_negative_binomial"/>
    <testcase time="0.004" classname="predict_counterfactual" name="predict_counterfactual_for_negative_binomial"/>
    <testcase time="0.005" classname="predict_counterfactual" name="predict_counterfactual_for_negative_binomial"/>
    <testcase time="0.017" classname="predict_counterfactual" name="predict_counterfactual_works_if_contrast_are_non_standard"/>
    <testcase time="0.00800000000000001" classname="predict_counterfactual" name="predict_counterfactual_works_if_contrast_are_non_standard">
      <skipped message="Reason: On CRAN ('test-predict_counterfactual.R:43:3')"/>
    </testcase>
  </testsuite>
  <testsuite name="robin_glm" timestamp="2025-08-20T06:04:20Z" hostname="4b61556b3702" tests="10" skipped="0" failures="0" errors="0" time="0.14">
    <testcase time="0.0349999999999999" classname="robin_glm" name="robin_glm_works_correctly"/>
    <testcase time="0.01" classname="robin_glm" name="robin_glm_works_correctly"/>
    <testcase time="0.00900000000000001" classname="robin_glm" name="robin_glm_works_correctly"/>
    <testcase time="0.00900000000000012" classname="robin_glm" name="robin_glm_works_correctly"/>
    <testcase time="0.0149999999999999" classname="robin_glm" name="robin_glm_works_correctly"/>
    <testcase time="0.014" classname="robin_glm" name="robin_glm_works_correctly"/>
    <testcase time="0.0069999999999999" classname="robin_glm" name="robin_glm_works_correctly"/>
    <testcase time="0.0069999999999999" classname="robin_glm" name="robin_glm_works_correctly"/>
    <testcase time="0.0130000000000001" classname="robin_glm" name="robin_glm_works_correctly"/>
    <testcase time="0.0209999999999999" classname="robin_glm" name="robin_glm_works_for_glm.nb"/>
  </testsuite>
  <testsuite name="robin_lm" timestamp="2025-08-20T06:04:20Z" hostname="4b61556b3702" tests="6" skipped="0" failures="0" errors="0" time="0.048">
    <testcase time="0.0110000000000001" classname="robin_lm" name="h_interaction_works_correctly"/>
    <testcase time="0.004" classname="robin_lm" name="h_interaction_works_correctly"/>
    <testcase time="0.004" classname="robin_lm" name="h_interaction_works_correctly"/>
    <testcase time="0.004" classname="robin_lm" name="h_interaction_works_correctly"/>
    <testcase time="0.0129999999999999" classname="robin_lm" name="robin_lm_works_correctly"/>
    <testcase time="0.012" classname="robin_lm" name="robin_lm_works_correctly"/>
  </testsuite>
  <testsuite name="surv_effect" timestamp="2025-08-20T06:04:20Z" hostname="4b61556b3702" tests="2" skipped="2" failures="0" errors="0" time="0.733">
    <testcase time="0.373" classname="surv_effect" name="print_method_for_surv_effect_works_as_expected">
      <skipped message="Reason: On CRAN ('test-surv_effect.R:7:3')"/>
    </testcase>
    <testcase time="0.36" classname="surv_effect" name="table_method_for_surv_effect_works_as_expected">
      <skipped message="Reason: On CRAN ('test-surv_effect.R:16:3')"/>
    </testcase>
  </testsuite>
  <testsuite name="survival" timestamp="2025-08-20T06:04:21Z" hostname="4b61556b3702" tests="68" skipped="15" failures="0" errors="0" time="2.785">
    <testcase time="0.0589999999999999" classname="survival" name="h_log_hr_est_via_score_works_as_expected">
      <skipped message="Reason: On CRAN ('test-survival.R:9:3')"/>
    </testcase>
    <testcase time="0.0959999999999999" classname="survival" name="h_log_hr_est_via_score_extends_the_search_interval_as_needed"/>
    <testcase time="0.0110000000000001" classname="survival" name="h_log_hr_est_via_score_extends_the_search_interval_as_needed">
      <skipped message="Reason: On CRAN ('test-survival.R:22:3')"/>
    </testcase>
    <testcase time="0.0230000000000001" classname="survival" name="h_lr_test_via_score_works_as_expected">
      <skipped message="Reason: On CRAN ('test-survival.R:33:3')"/>
    </testcase>
    <testcase time="0.0589999999999997" classname="survival" name="robin_surv_comparison_works_as_expected_without_covariate_adjustment">
      <skipped message="Reason: On CRAN ('test-survival.R:52:3')"/>
    </testcase>
    <testcase time="0.0600000000000001" classname="survival" name="robin_surv_no_strata_no_cov_works_as_expected">
      <skipped message="Reason: On CRAN ('test-survival.R:67:3')"/>
    </testcase>
    <testcase time="0.036" classname="survival" name="robin_surv_no_strata_no_cov_gives_the_same_results_as_RobinCar_functions"/>
    <testcase time="0.004" classname="survival" name="robin_surv_no_strata_no_cov_gives_the_same_results_as_RobinCar_functions"/>
    <testcase time="0.00300000000000011" classname="survival" name="robin_surv_no_strata_no_cov_gives_the_same_results_as_RobinCar_functions"/>
    <testcase time="0.00300000000000011" classname="survival" name="robin_surv_no_strata_no_cov_gives_the_same_results_as_RobinCar_functions"/>
    <testcase time="0.097" classname="survival" name="robin_surv_strata_works_as_expected">
      <skipped message="Reason: On CRAN ('test-survival.R:109:3')"/>
    </testcase>
    <testcase time="0.0529999999999999" classname="survival" name="robin_surv_strata_gives_the_same_results_as_RobinCar_functions"/>
    <testcase time="0.004" classname="survival" name="robin_surv_strata_gives_the_same_results_as_RobinCar_functions"/>
    <testcase time="0.00300000000000011" classname="survival" name="robin_surv_strata_gives_the_same_results_as_RobinCar_functions"/>
    <testcase time="0.004" classname="survival" name="robin_surv_strata_gives_the_same_results_as_RobinCar_functions"/>
    <testcase time="0.174" classname="survival" name="robin_surv_cov_works_as_expected">
      <skipped message="Reason: On CRAN ('test-survival.R:151:3')"/>
    </testcase>
    <testcase time="0.141" classname="survival" name="robin_surv_cov_gives_the_same_results_as_RobinCar_functions"/>
    <testcase time="0.00299999999999967" classname="survival" name="robin_surv_cov_gives_the_same_results_as_RobinCar_functions"/>
    <testcase time="0.004" classname="survival" name="robin_surv_cov_gives_the_same_results_as_RobinCar_functions"/>
    <testcase time="0.004" classname="survival" name="robin_surv_cov_gives_the_same_results_as_RobinCar_functions"/>
    <testcase time="0.192" classname="survival" name="robin_surv_strata_cov_works_as_expected">
      <skipped message="Reason: On CRAN ('test-survival.R:194:3')"/>
    </testcase>
    <testcase time="0.216" classname="survival" name="robin_surv_strata_cov_gives_the_same_results_as_RobinCar_functions"/>
    <testcase time="0.004" classname="survival" name="robin_surv_strata_cov_gives_the_same_results_as_RobinCar_functions"/>
    <testcase time="0.00299999999999967" classname="survival" name="robin_surv_strata_cov_gives_the_same_results_as_RobinCar_functions"/>
    <testcase time="0.00800000000000001" classname="survival" name="robin_surv_strata_cov_gives_the_same_results_as_RobinCar_functions"/>
    <testcase time="0.00700000000000012" classname="survival" name="h_hr_coef_mat_works_as_expected">
      <skipped message="Reason: On CRAN ('test-survival.R:235:3')"/>
    </testcase>
    <testcase time="0.0260000000000002" classname="survival" name="h_hr_coef_mat_works_as_expected_for_multiple_comparisons">
      <skipped message="Reason: On CRAN ('test-survival.R:248:3')"/>
    </testcase>
    <testcase time="0.0149999999999997" classname="survival" name="h_test_mat_works_as_expected">
      <skipped message="Reason: On CRAN ('test-survival.R:261:3')"/>
    </testcase>
    <testcase time="0.0180000000000002" classname="survival" name="h_events_table_works_as_expected_with_strata"/>
    <testcase time="0.00699999999999967" classname="survival" name="h_events_table_works_as_expected_without_strata"/>
    <testcase time="0.0340000000000003" classname="survival" name="robin_surv_works_as_expected_without_strata_or_covariates"/>
    <testcase time="0.00499999999999989" classname="survival" name="robin_surv_works_as_expected_without_strata_or_covariates">
      <skipped message="Reason: On CRAN ('test-survival.R:304:3')"/>
    </testcase>
    <testcase time="0.04" classname="survival" name="robin_surv_gives_the_same_results_as_RobinCar_functions_without_strata_or_covariates"/>
    <testcase time="0.004" classname="survival" name="robin_surv_gives_the_same_results_as_RobinCar_functions_without_strata_or_covariates"/>
    <testcase time="0.004" classname="survival" name="robin_surv_gives_the_same_results_as_RobinCar_functions_without_strata_or_covariates"/>
    <testcase time="0.00300000000000011" classname="survival" name="robin_surv_gives_the_same_results_as_RobinCar_functions_without_strata_or_covariates"/>
    <testcase time="0.0880000000000001" classname="survival" name="robin_surv_works_as_expected_with_strata"/>
    <testcase time="0.00800000000000001" classname="survival" name="robin_surv_works_as_expected_with_strata">
      <skipped message="Reason: On CRAN ('test-survival.R:337:3')"/>
    </testcase>
    <testcase time="0.0509999999999997" classname="survival" name="robin_surv_gives_the_same_results_as_RobinCar_functions_with_strata"/>
    <testcase time="0.004" classname="survival" name="robin_surv_gives_the_same_results_as_RobinCar_functions_with_strata"/>
    <testcase time="0.00700000000000012" classname="survival" name="robin_surv_gives_the_same_results_as_RobinCar_functions_with_strata"/>
    <testcase time="0.004" classname="survival" name="robin_surv_gives_the_same_results_as_RobinCar_functions_with_strata"/>
    <testcase time="0.131" classname="survival" name="robin_surv_works_as_expected_with_covariates"/>
    <testcase time="0.00500000000000034" classname="survival" name="robin_surv_works_as_expected_with_covariates">
      <skipped message="Reason: On CRAN ('test-survival.R:370:3')"/>
    </testcase>
    <testcase time="0.121" classname="survival" name="robin_surv_gives_the_same_results_as_RobinCar_functions_with_covariates"/>
    <testcase time="0.004" classname="survival" name="robin_surv_gives_the_same_results_as_RobinCar_functions_with_covariates"/>
    <testcase time="0.004" classname="survival" name="robin_surv_gives_the_same_results_as_RobinCar_functions_with_covariates"/>
    <testcase time="0.00299999999999967" classname="survival" name="robin_surv_gives_the_same_results_as_RobinCar_functions_with_covariates"/>
    <testcase time="0.188" classname="survival" name="robin_surv_works_as_expected_with_strata_and_covariates"/>
    <testcase time="0.00499999999999989" classname="survival" name="robin_surv_works_as_expected_with_strata_and_covariates">
      <skipped message="Reason: On CRAN ('test-survival.R:403:3')"/>
    </testcase>
    <testcase time="0.178" classname="survival" name="robin_surv_gives_the_same_results_as_RobinCar_functions_with_strata_and_covariates"/>
    <testcase time="0.00300000000000011" classname="survival" name="robin_surv_gives_the_same_results_as_RobinCar_functions_with_strata_and_covariates"/>
    <testcase time="0.00400000000000045" classname="survival" name="robin_surv_gives_the_same_results_as_RobinCar_functions_with_strata_and_covariates"/>
    <testcase time="0.00399999999999956" classname="survival" name="robin_surv_gives_the_same_results_as_RobinCar_functions_with_strata_and_covariates"/>
    <testcase time="0.164" classname="survival" name="robin_surv_also_works_with_multiple_pairwise_comparisons"/>
    <testcase time="0.00200000000000067" classname="survival" name="robin_surv_also_works_with_multiple_pairwise_comparisons"/>
    <testcase time="0.000999999999999446" classname="survival" name="robin_surv_also_works_with_multiple_pairwise_comparisons"/>
    <testcase time="0.00100000000000033" classname="survival" name="robin_surv_also_works_with_multiple_pairwise_comparisons"/>
    <testcase time="0.00199999999999978" classname="survival" name="robin_surv_also_works_with_multiple_pairwise_comparisons"/>
    <testcase time="0.0609999999999999" classname="survival" name="robin_surv_allows_the_user_to_optionally_define_the_comparisons_of_interest"/>
    <testcase time="0.00100000000000033" classname="survival" name="robin_surv_allows_the_user_to_optionally_define_the_comparisons_of_interest"/>
    <testcase time="0.00199999999999978" classname="survival" name="robin_surv_allows_the_user_to_optionally_define_the_comparisons_of_interest"/>
    <testcase time="0.00100000000000033" classname="survival" name="robin_surv_allows_the_user_to_optionally_define_the_comparisons_of_interest"/>
    <testcase time="0.000999999999999446" classname="survival" name="robin_surv_allows_the_user_to_optionally_define_the_comparisons_of_interest"/>
    <testcase time="0.300000000000001" classname="survival" name="robin_surv_allows_to_use_unadjusted_standard_error"/>
    <testcase time="0.00299999999999923" classname="survival" name="robin_surv_allows_to_use_unadjusted_standard_error"/>
    <testcase time="0.00400000000000045" classname="survival" name="robin_surv_allows_to_use_unadjusted_standard_error"/>
    <testcase time="0.00300000000000011" classname="survival" name="robin_surv_allows_to_use_unadjusted_standard_error"/>
  </testsuite>
  <testsuite name="survival_cov_adj" timestamp="2025-08-20T06:04:24Z" hostname="4b61556b3702" tests="24" skipped="2" failures="0" errors="0" time="0.113">
    <testcase time="0.0140000000000002" classname="survival_cov_adj" name="h_derived_outcome_vals_works_as_expected"/>
    <testcase time="0.00599999999999934" classname="survival_cov_adj" name="h_derived_outcome_vals_works_as_expected"/>
    <testcase time="0.0209999999999999" classname="survival_cov_adj" name="h_strat_derived_outcome_vals_works_as_expected"/>
    <testcase time="0.00200000000000067" classname="survival_cov_adj" name="h_strat_derived_outcome_vals_works_as_expected"/>
    <testcase time="0.00300000000000011" classname="survival_cov_adj" name="h_strat_derived_outcome_vals_works_as_expected"/>
    <testcase time="0.00599999999999934" classname="survival_cov_adj" name="h_get_lm_input_works_as_expected"/>
    <testcase time="0.00100000000000033" classname="survival_cov_adj" name="h_get_lm_input_works_as_expected"/>
    <testcase time="0.00100000000000033" classname="survival_cov_adj" name="h_get_lm_input_works_as_expected"/>
    <testcase time="0.00100000000000033" classname="survival_cov_adj" name="h_get_lm_input_works_as_expected"/>
    <testcase time="0.000999999999999446" classname="survival_cov_adj" name="h_get_lm_input_works_as_expected"/>
    <testcase time="0.00100000000000033" classname="survival_cov_adj" name="h_get_lm_input_works_as_expected"/>
    <testcase time="0.00100000000000033" classname="survival_cov_adj" name="h_get_lm_input_works_as_expected"/>
    <testcase time="0.00800000000000001" classname="survival_cov_adj" name="h_get_strat_lm_input_works_as_expected"/>
    <testcase time="0.000999999999999446" classname="survival_cov_adj" name="h_get_strat_lm_input_works_as_expected"/>
    <testcase time="0.00100000000000033" classname="survival_cov_adj" name="h_get_strat_lm_input_works_as_expected"/>
    <testcase time="0.00100000000000033" classname="survival_cov_adj" name="h_get_strat_lm_input_works_as_expected"/>
    <testcase time="0.000999999999999446" classname="survival_cov_adj" name="h_get_strat_lm_input_works_as_expected"/>
    <testcase time="0.00199999999999978" classname="survival_cov_adj" name="h_get_strat_lm_input_works_as_expected"/>
    <testcase time="0.00100000000000033" classname="survival_cov_adj" name="h_get_strat_lm_input_works_as_expected"/>
    <testcase time="0.00100000000000033" classname="survival_cov_adj" name="h_get_strat_lm_input_works_as_expected"/>
    <testcase time="0.0119999999999996" classname="survival_cov_adj" name="h_get_beta_estimates_works_as_expected">
      <skipped message="Reason: On CRAN ('test-survival_cov_adj.R:110:3')"/>
    </testcase>
    <testcase time="0.0229999999999997" classname="survival_cov_adj" name="h_get_strat_beta_estimates_works_as_expected"/>
    <testcase time="0.00100000000000033" classname="survival_cov_adj" name="h_get_strat_beta_estimates_works_as_expected"/>
    <testcase time="0.00300000000000011" classname="survival_cov_adj" name="h_get_strat_beta_estimates_works_as_expected">
      <skipped message="Reason: On CRAN ('test-survival_cov_adj.R:134:3')"/>
    </testcase>
  </testsuite>
  <testsuite name="survival_score" timestamp="2025-08-20T06:04:24Z" hostname="4b61556b3702" tests="13" skipped="11" failures="0" errors="0" time="0.458">
    <testcase time="0.0270000000000001" classname="survival_score" name="h_lr_score_no_strata_no_cov_works_as_expected_with_default_options">
      <skipped message="Reason: On CRAN ('test-survival_score.R:9:3')"/>
    </testcase>
    <testcase time="0.0249999999999995" classname="survival_score" name="h_lr_score_no_strata_no_cov_works_as_expected_with_custom_n">
      <skipped message="Reason: On CRAN ('test-survival_score.R:21:3')"/>
    </testcase>
    <testcase time="0.0220000000000002" classname="survival_score" name="h_lr_score_no_strata_no_cov_works_as_expected_when_not_using_ties_factor">
      <skipped message="Reason: On CRAN ('test-survival_score.R:33:3')"/>
    </testcase>
    <testcase time="0.0309999999999997" classname="survival_score" name="h_lr_score_no_strata_no_cov_works_as_expected_with_multiple_theta_values"/>
    <testcase time="0.0230000000000006" classname="survival_score" name="h_lr_score_strat_works_as_expected_with_default_options">
      <skipped message="Reason: On CRAN ('test-survival_score.R:68:3')"/>
    </testcase>
    <testcase time="0.0270000000000001" classname="survival_score" name="h_lr_score_strat_works_as_expected_when_not_using_ties_factor">
      <skipped message="Reason: On CRAN ('test-survival_score.R:81:3')"/>
    </testcase>
    <testcase time="0.0529999999999999" classname="survival_score" name="h_lr_score_strat_works_as_expected_with_multiple_theta_values"/>
    <testcase time="0.0229999999999997" classname="survival_score" name="h_lr_score_cov_works_as_expected_with_default_options">
      <skipped message="Reason: On CRAN ('test-survival_score.R:118:3')"/>
    </testcase>
    <testcase time="0.0360000000000005" classname="survival_score" name="h_lr_score_cov_works_as_expected_when_not_using_ties_factor">
      <skipped message="Reason: On CRAN ('test-survival_score.R:131:3')"/>
    </testcase>
    <testcase time="0.0349999999999993" classname="survival_score" name="h_lr_score_cov_works_when_using_the_unadjusted_standard_error_option">
      <skipped message="Reason: On CRAN ('test-survival_score.R:146:3')"/>
    </testcase>
    <testcase time="0.0500000000000007" classname="survival_score" name="h_lr_score_strat_cov_works_as_expected_with_default_options">
      <skipped message="Reason: On CRAN ('test-survival_score.R:179:3')"/>
    </testcase>
    <testcase time="0.0499999999999998" classname="survival_score" name="h_lr_score_strat_cov_works_as_expected_when_not_using_ties_factor">
      <skipped message="Reason: On CRAN ('test-survival_score.R:193:3')"/>
    </testcase>
    <testcase time="0.056" classname="survival_score" name="h_lr_score_strat_cov_works_as_expected_with_unadjusted_standard_error">
      <skipped message="Reason: On CRAN ('test-survival_score.R:209:3')"/>
    </testcase>
  </testsuite>
  <testsuite name="treatment_effect" timestamp="2025-08-20T06:04:24Z" hostname="4b61556b3702" tests="27" skipped="3" failures="0" errors="0" time="0.274">
    <testcase time="0.0190000000000001" classname="treatment_effect" name="h_diff_works_as_expected"/>
    <testcase time="0.00299999999999923" classname="treatment_effect" name="h_diff_works_as_expected"/>
    <testcase time="0.00600000000000023" classname="treatment_effect" name="h_jac_diff_work_as_expected"/>
    <testcase time="0.00199999999999978" classname="treatment_effect" name="h_jac_diff_work_as_expected"/>
    <testcase time="0.00600000000000023" classname="treatment_effect" name="h_risk_ratio_works_as_expected"/>
    <testcase time="0.00300000000000011" classname="treatment_effect" name="h_risk_ratio_works_as_expected"/>
    <testcase time="0.00699999999999967" classname="treatment_effect" name="h_jac_risk_ratio_work_as_expected"/>
    <testcase time="0.00400000000000045" classname="treatment_effect" name="h_jac_risk_ratio_work_as_expected"/>
    <testcase time="0.0110000000000001" classname="treatment_effect" name="h_odds_ratio_works_as_expected"/>
    <testcase time="0.00399999999999956" classname="treatment_effect" name="h_odds_ratio_works_as_expected"/>
    <testcase time="0.00700000000000056" classname="treatment_effect" name="h_jac_odds_ratio_work_as_expected"/>
    <testcase time="0.00399999999999956" classname="treatment_effect" name="h_jac_odds_ratio_work_as_expected"/>
    <testcase time="0.00999999999999979" classname="treatment_effect" name="treatment_effect_works_as_expected"/>
    <testcase time="0.00300000000000011" classname="treatment_effect" name="treatment_effect_works_as_expected"/>
    <testcase time="0.00400000000000045" classname="treatment_effect" name="treatment_effect_works_as_expected"/>
    <testcase time="0.00499999999999989" classname="treatment_effect" name="treatment_effect_works_as_expected"/>
    <testcase time="0.00399999999999956" classname="treatment_effect" name="treatment_effect_works_as_expected"/>
    <testcase time="0.00500000000000078" classname="treatment_effect" name="treatment_effect_works_as_expected"/>
    <testcase time="0.00399999999999956" classname="treatment_effect" name="treatment_effect_works_as_expected"/>
    <testcase time="0.00400000000000045" classname="treatment_effect" name="treatment_effect_works_as_expected"/>
    <testcase time="0.00499999999999989" classname="treatment_effect" name="treatment_effect_works_as_expected"/>
    <testcase time="0.00499999999999989" classname="treatment_effect" name="treatment_effect_works_as_expected"/>
    <testcase time="0.00499999999999989" classname="treatment_effect" name="treatment_effect_works_as_expected"/>
    <testcase time="0.016" classname="treatment_effect" name="treatment_effect_works_as_expected_for_custom_contrast"/>
    <testcase time="0.0289999999999999" classname="treatment_effect" name="treatment_effect_works_for_lm_glm_object">
      <skipped message="Reason: On CRAN ('test-treatment_effect.R:156:3')"/>
    </testcase>
    <testcase time="0.0439999999999996" classname="treatment_effect" name="treatment_effect_works_if_variance_is_not_used">
      <skipped message="Reason: On CRAN ('test-treatment_effect.R:161:3')"/>
    </testcase>
    <testcase time="0.0550000000000006" classname="treatment_effect" name="treatment_effect_works_if_pair_is_defined">
      <skipped message="Reason: On CRAN ('test-treatment_effect.R:165:3')"/>
    </testcase>
  </testsuite>
  <testsuite name="utils" timestamp="2025-08-20T06:04:25Z" hostname="4b61556b3702" tests="36" skipped="0" failures="0" errors="0" time="0.191">
    <testcase time="0.0249999999999995" classname="utils" name="h_get_vars_works_for_formula"/>
    <testcase time="0.00400000000000045" classname="utils" name="h_get_vars_works_for_formula"/>
    <testcase time="0.00800000000000001" classname="utils" name="h_get_vars_works_for_formula"/>
    <testcase time="0.00699999999999967" classname="utils" name="h_get_vars_works_for_formula"/>
    <testcase time="0.00600000000000023" classname="utils" name="h_get_vars_works_for_formula"/>
    <testcase time="0.0119999999999996" classname="utils" name="h_get_vars_works_for_formula"/>
    <testcase time="0.00800000000000001" classname="utils" name="h_get_vars_works_for_formula"/>
    <testcase time="0.00600000000000023" classname="utils" name="h_get_vars_works_for_formula"/>
    <testcase time="0.00800000000000001" classname="utils" name="h_get_vars_works_for_formula_with_schemas"/>
    <testcase time="0.00400000000000045" classname="utils" name="h_get_vars_works_for_formula_with_schemas"/>
    <testcase time="0.00199999999999978" classname="utils" name="h_get_vars_works_for_formula_with_schemas"/>
    <testcase time="0.00399999999999956" classname="utils" name="h_get_vars_works_for_formula_with_schemas"/>
    <testcase time="0.00300000000000011" classname="utils" name="h_get_vars_works_for_formula_with_schemas"/>
    <testcase time="0.00400000000000045" classname="utils" name="h_get_vars_works_for_formula_with_schemas"/>
    <testcase time="0.00199999999999978" classname="utils" name="h_get_vars_works_for_formula_with_schemas"/>
    <testcase time="0.00300000000000011" classname="utils" name="h_get_vars_works_for_formula_with_schemas"/>
    <testcase time="0.00600000000000023" classname="utils" name="h_prep_survival_input_works_with_strata"/>
    <testcase time="0.00599999999999934" classname="utils" name="h_prep_survival_input_works_with_strata"/>
    <testcase time="0.00600000000000023" classname="utils" name="h_prep_survival_input_works_without_strata"/>
    <testcase time="0.00600000000000023" classname="utils" name="h_prep_survival_input_works_without_strata"/>
    <testcase time="0.00899999999999945" classname="utils" name="h_prep_survival_input_works_without_covariates"/>
    <testcase time="0.00700000000000056" classname="utils" name="h_prep_survival_input_works_without_covariates"/>
    <testcase time="0.00600000000000023" classname="utils" name="h_prep_survival_input_works_without_covariates_and_without_strata"/>
    <testcase time="0.00599999999999934" classname="utils" name="h_prep_survival_input_works_without_covariates_and_without_strata"/>
    <testcase time="0.00600000000000023" classname="utils" name="h_n_events_per_time_works_as_expected"/>
    <testcase time="0.00100000000000033" classname="utils" name="h_n_events_per_time_works_as_expected"/>
    <testcase time="0.000999999999999446" classname="utils" name="h_n_events_per_time_works_as_expected"/>
    <testcase time="0.00300000000000011" classname="utils" name="h_n_events_per_time_works_as_expected"/>
    <testcase time="0.00300000000000011" classname="utils" name="h_n_events_per_time_works_as_expected"/>
    <testcase time="0.00100000000000033" classname="utils" name="h_n_events_per_time_works_as_expected"/>
    <testcase time="0.00300000000000011" classname="utils" name="h_n_events_per_time_works_as_expected"/>
    <testcase time="0.00499999999999989" classname="utils" name="h_n_events_per_time_works_when_there_are_no_events"/>
    <testcase time="0.00199999999999978" classname="utils" name="h_n_events_per_time_works_when_there_are_no_events"/>
    <testcase time="0.00100000000000033" classname="utils" name="h_n_events_per_time_works_when_there_are_no_events"/>
    <testcase time="0.000999999999999446" classname="utils" name="h_n_events_per_time_works_when_there_are_no_events"/>
    <testcase time="0.00600000000000023" classname="utils" name="sum_vectors_in_list_works_as_expected"/>
  </testsuite>
  <testsuite name="variance" timestamp="2025-08-20T06:04:25Z" hostname="4b61556b3702" tests="2" skipped="2" failures="0" errors="0" time="0.064">
    <testcase time="0.0309999999999997" classname="variance" name="vcovHC_works">
      <skipped message="Reason: On CRAN ('test-variance.R:3:3')"/>
    </testcase>
    <testcase time="0.0330000000000004" classname="variance" name="vcovG_works">
      <skipped message="Reason: On CRAN ('test-variance.R:14:3')"/>
    </testcase>
  </testsuite>
</testsuites>
