<?xml version="1.0" encoding="UTF-8"?>
<testsuites>
  <testsuite name="hello" timestamp="2024-04-01T00:50:12Z" hostname="9bc695f2c736" tests="1" skipped="0" failures="0" errors="0" time="0.076">
    <testcase time="0.076" classname="hello" name="hello_greets_the_entity"/>
  </testsuite>
</testsuites>
