<?xml version="1.0" encoding="UTF-8"?>
<testsuites>
  <testsuite name="bias" timestamp="2024-08-19T10:24:57Z" hostname="442053a73037" tests="1" skipped="1" failures="0" errors="0" time="0.096">
    <testcase time="0.096" classname="bias" name="bias_works_for_guassian">
      <skipped message="Reason: On CRAN ('test-bias.R:2:3')"/>
    </testcase>
  </testsuite>
  <testsuite name="predict_counterfactual" timestamp="2024-08-19T10:24:57Z" hostname="442053a73037" tests="5" skipped="4" failures="0" errors="0" time="0.23">
    <testcase time="0.115" classname="predict_counterfactual" name="predict_counterfactual_works_for_guassian">
      <skipped message="Reason: On CRAN ('test-predict_counterfactual.R:2:3')"/>
    </testcase>
    <testcase time="0.0409999999999999" classname="predict_counterfactual" name="predict_counterfactual_works_for_guassian_with_lm">
      <skipped message="Reason: On CRAN ('test-predict_counterfactual.R:6:3')"/>
    </testcase>
    <testcase time="0.039" classname="predict_counterfactual" name="predict_counterfactual_works_for_binomial">
      <skipped message="Reason: On CRAN ('test-predict_counterfactual.R:10:3')"/>
    </testcase>
    <testcase time="0.029" classname="predict_counterfactual" name="predict_counterfactual_works_if_contrast_are_non_standard"/>
    <testcase time="0.00600000000000001" classname="predict_counterfactual" name="predict_counterfactual_works_if_contrast_are_non_standard">
      <skipped message="Reason: On CRAN ('test-predict_counterfactual.R:18:3')"/>
    </testcase>
  </testsuite>
  <testsuite name="robin_glm" timestamp="2024-08-19T10:24:57Z" hostname="442053a73037" tests="10" skipped="0" failures="0" errors="0" time="0.121">
    <testcase time="0.037" classname="robin_glm" name="h_interaction_works_correctly"/>
    <testcase time="0.004" classname="robin_glm" name="h_interaction_works_correctly"/>
    <testcase time="0.004" classname="robin_glm" name="h_interaction_works_correctly"/>
    <testcase time="0.003" classname="robin_glm" name="h_interaction_works_correctly"/>
    <testcase time="0.0159999999999999" classname="robin_glm" name="robin_glm_works_correctly"/>
    <testcase time="0.00900000000000001" classname="robin_glm" name="robin_glm_works_correctly"/>
    <testcase time="0.012" classname="robin_glm" name="robin_glm_works_correctly"/>
    <testcase time="0.01" classname="robin_glm" name="robin_glm_works_correctly"/>
    <testcase time="0.015" classname="robin_glm" name="robin_glm_works_correctly"/>
    <testcase time="0.011" classname="robin_glm" name="robin_glm_works_correctly"/>
  </testsuite>
  <testsuite name="treatment_effect" timestamp="2024-08-19T10:24:58Z" hostname="442053a73037" tests="26" skipped="1" failures="0" errors="0" time="0.181">
    <testcase time="0.011" classname="treatment_effect" name="h_diff_works_as_expected"/>
    <testcase time="0.003" classname="treatment_effect" name="h_diff_works_as_expected"/>
    <testcase time="0.00800000000000001" classname="treatment_effect" name="h_jac_diff_work_as_expected"/>
    <testcase time="0.004" classname="treatment_effect" name="h_jac_diff_work_as_expected"/>
    <testcase time="0.00700000000000001" classname="treatment_effect" name="h_ratio_works_as_expected"/>
    <testcase time="0.004" classname="treatment_effect" name="h_ratio_works_as_expected"/>
    <testcase time="0.011" classname="treatment_effect" name="h_jac_ratio_work_as_expected"/>
    <testcase time="0.005" classname="treatment_effect" name="h_jac_ratio_work_as_expected"/>
    <testcase time="0.0079999999999999" classname="treatment_effect" name="h_odds_ratio_works_as_expected"/>
    <testcase time="0.005" classname="treatment_effect" name="h_odds_ratio_works_as_expected"/>
    <testcase time="0.013" classname="treatment_effect" name="h_jac_odds_ratio_work_as_expected"/>
    <testcase time="0.005" classname="treatment_effect" name="h_jac_odds_ratio_work_as_expected"/>
    <testcase time="0.011" classname="treatment_effect" name="treatment_effect_works_as_expected"/>
    <testcase time="0.003" classname="treatment_effect" name="treatment_effect_works_as_expected"/>
    <testcase time="0.004" classname="treatment_effect" name="treatment_effect_works_as_expected"/>
    <testcase time="0.004" classname="treatment_effect" name="treatment_effect_works_as_expected"/>
    <testcase time="0.00300000000000011" classname="treatment_effect" name="treatment_effect_works_as_expected"/>
    <testcase time="0.00499999999999989" classname="treatment_effect" name="treatment_effect_works_as_expected"/>
    <testcase time="0.004" classname="treatment_effect" name="treatment_effect_works_as_expected"/>
    <testcase time="0.004" classname="treatment_effect" name="treatment_effect_works_as_expected"/>
    <testcase time="0.004" classname="treatment_effect" name="treatment_effect_works_as_expected"/>
    <testcase time="0.004" classname="treatment_effect" name="treatment_effect_works_as_expected"/>
    <testcase time="0.004" classname="treatment_effect" name="treatment_effect_works_as_expected"/>
    <testcase time="0.004" classname="treatment_effect" name="treatment_effect_works_as_expected"/>
    <testcase time="0.012" classname="treatment_effect" name="treatment_effect_works_as_expected_for_custom_contrast"/>
    <testcase time="0.0309999999999999" classname="treatment_effect" name="treatment_effect_works_for_lm_glm_object">
      <skipped message="Reason: On CRAN ('test-treatment_effect.R:149:3')"/>
    </testcase>
  </testsuite>
  <testsuite name="utils" timestamp="2024-08-19T10:24:58Z" hostname="442053a73037" tests="12" skipped="0" failures="0" errors="0" time="0.073">
    <testcase time="0.022" classname="utils" name="h_get_vars_works_for_single_character"/>
    <testcase time="0.004" classname="utils" name="h_get_vars_works_for_single_character"/>
    <testcase time="0.00600000000000001" classname="utils" name="h_get_vars_works_for_single_character"/>
    <testcase time="0.00700000000000012" classname="utils" name="h_get_vars_works_for_single_character"/>
    <testcase time="0.00600000000000001" classname="utils" name="h_get_vars_works_for_formula"/>
    <testcase time="0.004" classname="utils" name="h_get_vars_works_for_formula"/>
    <testcase time="0.002" classname="utils" name="h_get_vars_works_for_formula"/>
    <testcase time="0.00299999999999989" classname="utils" name="h_get_vars_works_for_formula"/>
    <testcase time="0.00700000000000012" classname="utils" name="h_get_vars_works_for_formula"/>
    <testcase time="0.0069999999999999" classname="utils" name="h_get_vars_works_for_formula"/>
    <testcase time="0.002" classname="utils" name="h_get_vars_works_for_formula"/>
    <testcase time="0.00299999999999989" classname="utils" name="h_get_vars_works_for_formula"/>
  </testsuite>
  <testsuite name="variance" timestamp="2024-08-19T10:24:58Z" hostname="442053a73037" tests="2" skipped="2" failures="0" errors="0" time="0.059">
    <testcase time="0.03" classname="variance" name="vcovHC_works">
      <skipped message="Reason: On CRAN ('test-variance.R:3:3')"/>
    </testcase>
    <testcase time="0.0290000000000001" classname="variance" name="vcovANHECOVA_works">
      <skipped message="Reason: On CRAN ('test-variance.R:10:3')"/>
    </testcase>
  </testsuite>
</testsuites>
