<?xml version="1.0" encoding="UTF-8"?>
<testsuites>
  <testsuite name="bias" timestamp="2025-01-02T23:39:55Z" hostname="c97984897e50" tests="1" skipped="1" failures="0" errors="0" time="0.099">
    <testcase time="0.099" classname="bias" name="bias_works_for_guassian">
      <skipped message="Reason: On CRAN ('test-bias.R:2:3')"/>
    </testcase>
  </testsuite>
  <testsuite name="find_data" timestamp="2025-01-02T23:39:55Z" hostname="c97984897e50" tests="2" skipped="0" failures="0" errors="0" time="0.08">
    <testcase time="0.0649999999999999" classname="find_data" name="find_data_works_for_glm"/>
    <testcase time="0.015" classname="find_data" name="find_data_fails_for_lm"/>
  </testsuite>
  <testsuite name="predict_counterfactual" timestamp="2025-01-02T23:39:55Z" hostname="c97984897e50" tests="9" skipped="4" failures="0" errors="0" time="0.225">
    <testcase time="0.028" classname="predict_counterfactual" name="predict_counterfactual_works_for_guassian">
      <skipped message="Reason: On CRAN ('test-predict_counterfactual.R:2:3')"/>
    </testcase>
    <testcase time="0.047" classname="predict_counterfactual" name="predict_counterfactual_works_for_guassian_with_lm">
      <skipped message="Reason: On CRAN ('test-predict_counterfactual.R:6:3')"/>
    </testcase>
    <testcase time="0.0419999999999999" classname="predict_counterfactual" name="predict_counterfactual_works_for_binomial">
      <skipped message="Reason: On CRAN ('test-predict_counterfactual.R:10:3')"/>
    </testcase>
    <testcase time="0.031" classname="predict_counterfactual" name="predict_counterfactual_works_for_negative_binomial_this_tests_that_the_prediction_unbiasedness_correction_is_working_correctly"/>
    <testcase time="0.003" classname="predict_counterfactual" name="predict_counterfactual_works_for_negative_binomial_this_tests_that_the_prediction_unbiasedness_correction_is_working_correctly"/>
    <testcase time="0.004" classname="predict_counterfactual" name="predict_counterfactual_works_for_negative_binomial_this_tests_that_the_prediction_unbiasedness_correction_is_working_correctly"/>
    <testcase time="0.046" classname="predict_counterfactual" name="predict_counterfactual_works_for_negative_binomial_this_tests_that_the_prediction_unbiasedness_correction_is_working_correctly"/>
    <testcase time="0.014" classname="predict_counterfactual" name="predict_counterfactual_works_if_contrast_are_non_standard"/>
    <testcase time="0.01" classname="predict_counterfactual" name="predict_counterfactual_works_if_contrast_are_non_standard">
      <skipped message="Reason: On CRAN ('test-predict_counterfactual.R:44:3')"/>
    </testcase>
  </testsuite>
  <testsuite name="robin_glm" timestamp="2025-01-02T23:39:55Z" hostname="c97984897e50" tests="12" skipped="0" failures="0" errors="0" time="0.138">
    <testcase time="0.0239999999999999" classname="robin_glm" name="h_interaction_works_correctly"/>
    <testcase time="0.004" classname="robin_glm" name="h_interaction_works_correctly"/>
    <testcase time="0.003" classname="robin_glm" name="h_interaction_works_correctly"/>
    <testcase time="0.004" classname="robin_glm" name="h_interaction_works_correctly"/>
    <testcase time="0.016" classname="robin_glm" name="robin_glm_works_correctly"/>
    <testcase time="0.00900000000000001" classname="robin_glm" name="robin_glm_works_correctly"/>
    <testcase time="0.00900000000000001" classname="robin_glm" name="robin_glm_works_correctly"/>
    <testcase time="0.00900000000000001" classname="robin_glm" name="robin_glm_works_correctly"/>
    <testcase time="0.013" classname="robin_glm" name="robin_glm_works_correctly"/>
    <testcase time="0.016" classname="robin_glm" name="robin_glm_works_correctly"/>
    <testcase time="0.011" classname="robin_glm" name="robin_glm_works_correctly"/>
    <testcase time="0.0199999999999999" classname="robin_glm" name="robin_glm_works_for_glm.nb"/>
  </testsuite>
  <testsuite name="treatment_effect" timestamp="2025-01-02T23:39:55Z" hostname="c97984897e50" tests="28" skipped="3" failures="0" errors="0" time="0.276">
    <testcase time="0.014" classname="treatment_effect" name="h_diff_works_as_expected"/>
    <testcase time="0.004" classname="treatment_effect" name="h_diff_works_as_expected"/>
    <testcase time="0.00900000000000001" classname="treatment_effect" name="h_jac_diff_work_as_expected"/>
    <testcase time="0.003" classname="treatment_effect" name="h_jac_diff_work_as_expected"/>
    <testcase time="0.00800000000000012" classname="treatment_effect" name="h_ratio_works_as_expected"/>
    <testcase time="0.004" classname="treatment_effect" name="h_ratio_works_as_expected"/>
    <testcase time="0.0089999999999999" classname="treatment_effect" name="h_jac_ratio_work_as_expected"/>
    <testcase time="0.00500000000000012" classname="treatment_effect" name="h_jac_ratio_work_as_expected"/>
    <testcase time="0.0089999999999999" classname="treatment_effect" name="h_odds_ratio_works_as_expected"/>
    <testcase time="0.004" classname="treatment_effect" name="h_odds_ratio_works_as_expected"/>
    <testcase time="0.0129999999999999" classname="treatment_effect" name="h_jac_odds_ratio_work_as_expected"/>
    <testcase time="0.00600000000000001" classname="treatment_effect" name="h_jac_odds_ratio_work_as_expected"/>
    <testcase time="0.012" classname="treatment_effect" name="treatment_effect_works_as_expected"/>
    <testcase time="0.00300000000000011" classname="treatment_effect" name="treatment_effect_works_as_expected"/>
    <testcase time="0.00299999999999989" classname="treatment_effect" name="treatment_effect_works_as_expected"/>
    <testcase time="0.004" classname="treatment_effect" name="treatment_effect_works_as_expected"/>
    <testcase time="0.004" classname="treatment_effect" name="treatment_effect_works_as_expected"/>
    <testcase time="0.00500000000000012" classname="treatment_effect" name="treatment_effect_works_as_expected"/>
    <testcase time="0.004" classname="treatment_effect" name="treatment_effect_works_as_expected"/>
    <testcase time="0.004" classname="treatment_effect" name="treatment_effect_works_as_expected"/>
    <testcase time="0.004" classname="treatment_effect" name="treatment_effect_works_as_expected"/>
    <testcase time="0.004" classname="treatment_effect" name="treatment_effect_works_as_expected"/>
    <testcase time="0.004" classname="treatment_effect" name="treatment_effect_works_as_expected"/>
    <testcase time="0.00499999999999989" classname="treatment_effect" name="treatment_effect_works_as_expected"/>
    <testcase time="0.012" classname="treatment_effect" name="treatment_effect_works_as_expected_for_custom_contrast"/>
    <testcase time="0.0329999999999999" classname="treatment_effect" name="treatment_effect_works_for_lm_glm_object">
      <skipped message="Reason: On CRAN ('test-treatment_effect.R:149:3')"/>
    </testcase>
    <testcase time="0.04" classname="treatment_effect" name="treatment_effect_works_if_variance_is_not_used">
      <skipped message="Reason: On CRAN ('test-treatment_effect.R:154:3')"/>
    </testcase>
    <testcase time="0.0470000000000002" classname="treatment_effect" name="treatment_effect_works_if_pair_is_integer">
      <skipped message="Reason: On CRAN ('test-treatment_effect.R:158:3')"/>
    </testcase>
  </testsuite>
  <testsuite name="utils" timestamp="2025-01-02T23:39:56Z" hostname="c97984897e50" tests="16" skipped="0" failures="0" errors="0" time="0.101">
    <testcase time="0.024" classname="utils" name="h_get_vars_works_for_formula"/>
    <testcase time="0.004" classname="utils" name="h_get_vars_works_for_formula"/>
    <testcase time="0.00800000000000001" classname="utils" name="h_get_vars_works_for_formula"/>
    <testcase time="0.00599999999999978" classname="utils" name="h_get_vars_works_for_formula"/>
    <testcase time="0.00700000000000012" classname="utils" name="h_get_vars_works_for_formula"/>
    <testcase time="0.0069999999999999" classname="utils" name="h_get_vars_works_for_formula"/>
    <testcase time="0.00600000000000001" classname="utils" name="h_get_vars_works_for_formula"/>
    <testcase time="0.00700000000000012" classname="utils" name="h_get_vars_works_for_formula"/>
    <testcase time="0.0069999999999999" classname="utils" name="h_get_vars_works_for_formula_with_schemas"/>
    <testcase time="0.00700000000000012" classname="utils" name="h_get_vars_works_for_formula_with_schemas"/>
    <testcase time="0.002" classname="utils" name="h_get_vars_works_for_formula_with_schemas"/>
    <testcase time="0.004" classname="utils" name="h_get_vars_works_for_formula_with_schemas"/>
    <testcase time="0.002" classname="utils" name="h_get_vars_works_for_formula_with_schemas"/>
    <testcase time="0.004" classname="utils" name="h_get_vars_works_for_formula_with_schemas"/>
    <testcase time="0.002" classname="utils" name="h_get_vars_works_for_formula_with_schemas"/>
    <testcase time="0.004" classname="utils" name="h_get_vars_works_for_formula_with_schemas"/>
  </testsuite>
  <testsuite name="variance" timestamp="2025-01-02T23:39:56Z" hostname="c97984897e50" tests="2" skipped="2" failures="0" errors="0" time="0.055">
    <testcase time="0.0249999999999999" classname="variance" name="vcovHC_works">
      <skipped message="Reason: On CRAN ('test-variance.R:3:3')"/>
    </testcase>
    <testcase time="0.03" classname="variance" name="vcovG_works">
      <skipped message="Reason: On CRAN ('test-variance.R:14:3')"/>
    </testcase>
  </testsuite>
</testsuites>
